#
# A fatal error has been detected by the Java Runtime Environment:
#
#  EXCEPTION_ACCESS_VIOLATION (0xc0000005) at pc=0x0000000180182d55, pid=5896, tid=0x00000000000005c0
#
# JRE version: Java(TM) SE Runtime Environment (8.0_111-b14) (build 1.8.0_111-b14)
# Java VM: Java HotSpot(TM) 64-Bit Server VM (25.111-b14 mixed mode windows-amd64 compressed oops)
# Problematic frame:
# C  [Netica.dll+0x182d55]
#
# Failed to write core dump. Minidumps are not enabled by default on client versions of Windows
#
# If you would like to submit a bug report, please visit:
#   http://bugreport.java.com/bugreport/crash.jsp
# The crash happened outside the Java Virtual Machine in native code.
# See problematic frame for where to report the bug.
#

---------------  T H R E A D  ---------------

Current thread (0x0000000018020000):  JavaThread "Finalizer" daemon [_thread_in_native, id=1472, stack(0x00000000192a0000,0x00000000193a0000)]

siginfo: ExceptionCode=0xc0000005, reading address 0x00000000213bce50

Registers:
RAX=0x00007ffe68da47b0, RBX=0x0000000000000000, RCX=0x00000000213bce50, RDX=0x000000001939f2c0
RSP=0x000000001939f198, RBP=0x000000001939f1c0, RSI=0x0000000000000001, RDI=0x000000001253c000
R8 =0x00000000213bce50, R9 =0x0000000000000000, R10=0x00000000035a7f48, R11=0x0000000051b6b580
R12=0x0000000000000000, R13=0x0000000020e2b990, R14=0x000000001939f2e8, R15=0x0000000018020000
RIP=0x0000000180182d55, EFLAGS=0x0000000000010206

Top of Stack: (sp=0x000000001939f198)
0x000000001939f198:   00000001800b74ba 000000001939f1e8
0x000000001939f1a8:   0000000051a3ac44 00000000d655e288
0x000000001939f1b8:   0000000017753428 0000000018020000
0x000000001939f1c8:   fffffffffffffffe 0000000018020a28
0x000000001939f1d8:   0000000051a6d7a3 00000000d655e288
0x000000001939f1e8:   0000000000000000 000000001939f2b0
0x000000001939f1f8:   00007ffe68da47c2 00000000213bce50
0x000000001939f208:   0000000000000000 0000000020e35af8
0x000000001939f218:   0000000020e383e0 0000000020e2b990
0x000000001939f228:   00000000035a7f74 000000001939f658
0x000000001939f238:   000000010047c558 0000000018020a28
0x000000001939f248:   000000010047c558 0000000003597b30
0x000000001939f258:   00000000d655e288 0000000020e383e0
0x000000001939f268:   0000000018020000 000000001939f270
0x000000001939f278:   0000000000000000 000000001939f2e8
0x000000001939f288:   0000000020e33918 0000000000000000 

Instructions: (pc=0x0000000180182d55)
0x0000000180182d35:   c9 f2 0f 59 49 30 eb 04 f3 0f 5a c9 0f 28 c1 c3
0x0000000180182d45:   48 8d 76 00 48 8d bf 00 00 00 00 48 85 c9 74 0d
0x0000000180182d55:   0f b7 01 25 ff 0f 00 00 83 f8 0f 74 03 33 c0 c3
0x0000000180182d65:   48 8b 51 08 48 85 d2 74 0d 0f b7 02 25 ff 0f 00 


Register to memory mapping:

RAX=0x00007ffe68da47b0 is an unknown value
RBX=0x0000000000000000 is an unknown value
RCX=0x00000000213bce50 is an unknown value
RDX=0x000000001939f2c0 is pointing into the stack for thread: 0x0000000018020000
RSP=0x000000001939f198 is pointing into the stack for thread: 0x0000000018020000
RBP=0x000000001939f1c0 is pointing into the stack for thread: 0x0000000018020000
RSI=0x0000000000000001 is an unknown value
RDI=0x000000001253c000 is an unknown value
R8 =0x00000000213bce50 is an unknown value
R9 =0x0000000000000000 is an unknown value
R10=0x00000000035a7f48 is at code_begin+840 in an Interpreter codelet
method entry point (kind = native)  [0x00000000035a7c00, 0x00000000035a8560]  2400 bytes
R11=0x0000000051b6b580 is an unknown value
R12=0x0000000000000000 is an unknown value
R13={method} {0x0000000020e2b998} 'DeleteStream_ns' '(JJ)V' in 'norsys/netica/NETICA'
R14=0x000000001939f2e8 is pointing into the stack for thread: 0x0000000018020000
R15=0x0000000018020000 is a thread


Stack: [0x00000000192a0000,0x00000000193a0000],  sp=0x000000001939f198,  free space=1020k
Native frames: (J=compiled Java code, j=interpreted, Vv=VM code, C=native code)
C  [Netica.dll+0x182d55]

Java frames: (J=compiled Java code, j=interpreted, Vv=VM code)
j  norsys.netica.NETICA.DeleteStream_ns(JJ)V+0
j  norsys.netica.Streamer.finalize()V+50
J 3334 C2 java.lang.ref.Finalizer.access$100(Ljava/lang/ref/Finalizer;Lsun/misc/JavaLangAccess;)V (6 bytes) @ 0x00000000036d7454 [0x00000000036d7280+0x1d4]
j  java.lang.ref.Finalizer$FinalizerThread.run()V+45
v  ~StubRoutines::call_stub

---------------  P R O C E S S  ---------------

Java Threads: ( => current thread )
  0x000000001e38b000 JavaThread "http-nio-8013-exec-10" daemon [_thread_blocked, id=3276, stack(0x00000000229e0000,0x0000000022ae0000)]
  0x000000001e388000 JavaThread "http-nio-8013-exec-9" daemon [_thread_blocked, id=10056, stack(0x00000000228e0000,0x00000000229e0000)]
  0x000000001e389000 JavaThread "http-nio-8013-exec-8" daemon [_thread_in_Java, id=10736, stack(0x00000000227e0000,0x00000000228e0000)]
  0x000000001e389800 JavaThread "http-nio-8013-exec-7" daemon [_thread_blocked, id=3756, stack(0x00000000216b0000,0x00000000217b0000)]
  0x000000001e38a800 JavaThread "http-nio-8013-exec-6" daemon [_thread_blocked, id=12628, stack(0x00000000215b0000,0x00000000216b0000)]
  0x000000001ec2b000 JavaThread "http-nio-8013-exec-5" daemon [_thread_blocked, id=9516, stack(0x00000000213c0000,0x00000000214c0000)]
  0x000000001ec29000 JavaThread "http-nio-8013-exec-4" daemon [_thread_blocked, id=4120, stack(0x00000000211e0000,0x00000000212e0000)]
  0x000000001ec29800 JavaThread "http-nio-8013-exec-3" daemon [_thread_blocked, id=6656, stack(0x00000000210e0000,0x00000000211e0000)]
  0x000000001ec28000 JavaThread "http-nio-8013-exec-2" daemon [_thread_blocked, id=2036, stack(0x0000000020fe0000,0x00000000210e0000)]
  0x000000001ec2a800 JavaThread "DestroyJavaVM" [_thread_blocked, id=10184, stack(0x0000000003290000,0x0000000003390000)]
  0x000000001ae0a800 JavaThread "http-nio-8013-exec-1" daemon [_thread_blocked, id=7100, stack(0x0000000020ce0000,0x0000000020de0000)]
  0x000000001a7ef000 JavaThread "http-nio-8013-AsyncTimeout" daemon [_thread_blocked, id=9152, stack(0x0000000020be0000,0x0000000020ce0000)]
  0x000000001a9ed000 JavaThread "http-nio-8013-Acceptor-0" daemon [_thread_in_native, id=716, stack(0x0000000020ae0000,0x0000000020be0000)]
  0x000000001a5ce000 JavaThread "http-nio-8013-ClientPoller-1" daemon [_thread_in_native, id=10768, stack(0x00000000209e0000,0x0000000020ae0000)]
  0x000000001ab55800 JavaThread "http-nio-8013-ClientPoller-0" daemon [_thread_in_native, id=9952, stack(0x00000000208e0000,0x00000000209e0000)]
  0x000000001a33c000 JavaThread "NioBlockingSelector.BlockPoller-1" daemon [_thread_in_native, id=3456, stack(0x00000000207e0000,0x00000000208e0000)]
  0x000000001f3ab800 JavaThread "container-0" [_thread_blocked, id=1160, stack(0x0000000020060000,0x0000000020160000)]
  0x000000001c9ad000 JavaThread "ContainerBackgroundProcessor[StandardEngine[Tomcat]]" daemon [_thread_blocked, id=10296, stack(0x000000001ff60000,0x0000000020060000)]
  0x0000000019436800 JavaThread "Service Thread" daemon [_thread_blocked, id=8756, stack(0x0000000019ca0000,0x0000000019da0000)]
  0x0000000018067000 JavaThread "C1 CompilerThread2" daemon [_thread_in_native, id=8700, stack(0x0000000019ba0000,0x0000000019ca0000)]
  0x000000001805b000 JavaThread "C2 CompilerThread1" daemon [_thread_blocked, id=6892, stack(0x0000000019aa0000,0x0000000019ba0000)]
  0x0000000018057000 JavaThread "C2 CompilerThread0" daemon [_thread_blocked, id=10392, stack(0x00000000199a0000,0x0000000019aa0000)]
  0x00000000193e3800 JavaThread "Attach Listener" daemon [_thread_blocked, id=6640, stack(0x00000000198a0000,0x00000000199a0000)]
  0x0000000018043000 JavaThread "Signal Dispatcher" daemon [_thread_blocked, id=8584, stack(0x00000000197a0000,0x00000000198a0000)]
=>0x0000000018020000 JavaThread "Finalizer" daemon [_thread_in_native, id=1472, stack(0x00000000192a0000,0x00000000193a0000)]
  0x0000000017ff9000 JavaThread "Reference Handler" daemon [_thread_blocked, id=2100, stack(0x00000000191a0000,0x00000000192a0000)]

Other Threads:
  0x0000000017ff7800 VMThread [stack: 0x00000000190a0000,0x00000000191a0000] [id=2480]
  0x00000000194ba800 WatcherThread [stack: 0x0000000019da0000,0x0000000019ea0000] [id=4896]

VM state:not at safepoint (normal execution)

VM Mutex/Monitor currently owned by a thread: None

Heap:
 PSYoungGen      total 206848K, used 15729K [0x00000000d6300000, 0x00000000e4580000, 0x0000000100000000)
  eden space 201216K, 5% used [0x00000000d6300000,0x00000000d6d47948,0x00000000e2780000)
  from space 5632K, 92% used [0x00000000e4000000,0x00000000e4514c08,0x00000000e4580000)
  to   space 14848K, 0% used [0x00000000e2880000,0x00000000e2880000,0x00000000e3700000)
 ParOldGen       total 95744K, used 22808K [0x0000000082800000, 0x0000000088580000, 0x00000000d6300000)
  object space 95744K, 23% used [0x0000000082800000,0x0000000083e460f0,0x0000000088580000)
 Metaspace       used 38633K, capacity 39104K, committed 39424K, reserved 1083392K
  class space    used 4673K, capacity 4832K, committed 4864K, reserved 1048576K

Card table byte_map: [0x0000000012950000,0x0000000012d40000] byte_map_base: 0x000000001253c000

Marking Bits: (ParMarkBitMap*) 0x000000005215a6c0
 Begin Bits: [0x00000000133e0000, 0x0000000015340000)
 End Bits:   [0x0000000015340000, 0x00000000172a0000)

Polling page: 0x00000000016c0000

CodeCache: size=245760Kb used=13695Kb max_used=14556Kb free=232064Kb
 bounds [0x0000000003590000, 0x0000000004470000, 0x0000000012590000]
 total_blobs=4218 nmethods=3491 adapters=639
 compilation: enabled

Compilation events (10 events):
Event: 26.058 Thread 0x0000000018067000 4110 %     3       com.realsight.westworld.tsp.lib.model.htm.PredictHierarchy::unique @ 177 (344 bytes)
Event: 26.060 Thread 0x0000000018067000 nmethod 4110% 0x0000000003d539d0 code [0x0000000003d53dc0, 0x0000000003d563c8]
Event: 26.061 Thread 0x0000000018067000 4111       3       com.realsight.westworld.tsp.lib.model.htm.PredictHierarchy::unique (344 bytes)
Event: 26.063 Thread 0x0000000018067000 nmethod 4111 0x0000000004002510 code [0x0000000004002980, 0x0000000004005578]
Event: 26.099 Thread 0x0000000018057000 4112       4       Jama.Matrix::plusEquals (64 bytes)
Event: 26.102 Thread 0x0000000018057000 nmethod 4112 0x0000000003985190 code [0x00000000039852e0, 0x0000000003985458]
Event: 26.109 Thread 0x000000001805b000 4113 %     4       com.realsight.westworld.tsp.lib.model.htm.PredictHierarchy::unique @ 177 (344 bytes)
Event: 26.126 Thread 0x000000001805b000 nmethod 4113% 0x0000000004030250 code [0x0000000004030440, 0x0000000004031688]
Event: 26.179 Thread 0x0000000018067000 4114 %     3       com.realsight.westworld.tsp.lib.model.htm.PredictHierarchy::unique @ 177 (344 bytes)
Event: 26.182 Thread 0x0000000018067000 nmethod 4114% 0x000000000397e350 code [0x000000000397e740, 0x0000000003980d08]

GC Heap History (10 events):
Event: 4.524 GC heap before
{Heap before GC invocations=8 (full 1):
 PSYoungGen      total 109568K, used 109553K [0x00000000d6300000, 0x00000000df300000, 0x0000000100000000)
  eden space 104960K, 100% used [0x00000000d6300000,0x00000000dc980000,0x00000000dc980000)
  from space 4608K, 99% used [0x00000000dee80000,0x00000000df2fc528,0x00000000df300000)
  to   space 11776K, 0% used [0x00000000ddc00000,0x00000000ddc00000,0x00000000de780000)
 ParOldGen       total 60928K, used 9922K [0x0000000082800000, 0x0000000086380000, 0x00000000d6300000)
  object space 60928K, 16% used [0x0000000082800000,0x00000000831b0a90,0x0000000086380000)
 Metaspace       used 28152K, capacity 28516K, committed 28672K, reserved 1075200K
  class space    used 3417K, capacity 3513K, committed 3584K, reserved 1048576K
Event: 4.536 GC heap after
Heap after GC invocations=8 (full 1):
 PSYoungGen      total 135680K, used 8564K [0x00000000d6300000, 0x00000000e1880000, 0x0000000100000000)
  eden space 123904K, 0% used [0x00000000d6300000,0x00000000d6300000,0x00000000ddc00000)
  from space 11776K, 72% used [0x00000000ddc00000,0x00000000de45d090,0x00000000de780000)
  to   space 11776K, 0% used [0x00000000e0d00000,0x00000000e0d00000,0x00000000e1880000)
 ParOldGen       total 60928K, used 9930K [0x0000000082800000, 0x0000000086380000, 0x00000000d6300000)
  object space 60928K, 16% used [0x0000000082800000,0x00000000831b2a90,0x0000000086380000)
 Metaspace       used 28152K, capacity 28516K, committed 28672K, reserved 1075200K
  class space    used 3417K, capacity 3513K, committed 3584K, reserved 1048576K
}
Event: 5.932 GC heap before
{Heap before GC invocations=9 (full 1):
 PSYoungGen      total 135680K, used 132468K [0x00000000d6300000, 0x00000000e1880000, 0x0000000100000000)
  eden space 123904K, 100% used [0x00000000d6300000,0x00000000ddc00000,0x00000000ddc00000)
  from space 11776K, 72% used [0x00000000ddc00000,0x00000000de45d090,0x00000000de780000)
  to   space 11776K, 0% used [0x00000000e0d00000,0x00000000e0d00000,0x00000000e1880000)
 ParOldGen       total 60928K, used 9930K [0x0000000082800000, 0x0000000086380000, 0x00000000d6300000)
  object space 60928K, 16% used [0x0000000082800000,0x00000000831b2a90,0x0000000086380000)
 Metaspace       used 31584K, capacity 32062K, committed 32384K, reserved 1077248K
  class space    used 3793K, capacity 3921K, committed 3968K, reserved 1048576K
Event: 5.948 GC heap after
Heap after GC invocations=9 (full 1):
 PSYoungGen      total 172544K, used 11769K [0x00000000d6300000, 0x00000000e3300000, 0x0000000100000000)
  eden space 160768K, 0% used [0x00000000d6300000,0x00000000d6300000,0x00000000e0000000)
  from space 11776K, 99% used [0x00000000e0d00000,0x00000000e187e610,0x00000000e1880000)
  to   space 13312K, 0% used [0x00000000e0000000,0x00000000e0000000,0x00000000e0d00000)
 ParOldGen       total 60928K, used 10370K [0x0000000082800000, 0x0000000086380000, 0x00000000d6300000)
  object space 60928K, 17% used [0x0000000082800000,0x0000000083220878,0x0000000086380000)
 Metaspace       used 31584K, capacity 32062K, committed 32384K, reserved 1077248K
  class space    used 3793K, capacity 3921K, committed 3968K, reserved 1048576K
}
Event: 6.742 GC heap before
{Heap before GC invocations=10 (full 1):
 PSYoungGen      total 172544K, used 83012K [0x00000000d6300000, 0x00000000e3300000, 0x0000000100000000)
  eden space 160768K, 44% used [0x00000000d6300000,0x00000000da892ad8,0x00000000e0000000)
  from space 11776K, 99% used [0x00000000e0d00000,0x00000000e187e610,0x00000000e1880000)
  to   space 13312K, 0% used [0x00000000e0000000,0x00000000e0000000,0x00000000e0d00000)
 ParOldGen       total 60928K, used 10370K [0x0000000082800000, 0x0000000086380000, 0x00000000d6300000)
  object space 60928K, 17% used [0x0000000082800000,0x0000000083220878,0x0000000086380000)
 Metaspace       used 34886K, capacity 35242K, committed 35496K, reserved 1081344K
  class space    used 4203K, capacity 4315K, committed 4352K, reserved 1048576K
Event: 6.768 GC heap after
Heap after GC invocations=10 (full 1):
 PSYoungGen      total 174080K, used 12723K [0x00000000d6300000, 0x00000000e4e80000, 0x0000000100000000)
  eden space 160768K, 0% used [0x00000000d6300000,0x00000000d6300000,0x00000000e0000000)
  from space 13312K, 95% used [0x00000000e0000000,0x00000000e0c6cd28,0x00000000e0d00000)
  to   space 14848K, 0% used [0x00000000e4000000,0x00000000e4000000,0x00000000e4e80000)
 ParOldGen       total 60928K, used 12050K [0x0000000082800000, 0x0000000086380000, 0x00000000d6300000)
  object space 60928K, 19% used [0x0000000082800000,0x00000000833c4878,0x0000000086380000)
 Metaspace       used 34886K, capacity 35242K, committed 35496K, reserved 1081344K
  class space    used 4203K, capacity 4315K, committed 4352K, reserved 1048576K
}
Event: 6.768 GC heap before
{Heap before GC invocations=11 (full 2):
 PSYoungGen      total 174080K, used 12723K [0x00000000d6300000, 0x00000000e4e80000, 0x0000000100000000)
  eden space 160768K, 0% used [0x00000000d6300000,0x00000000d6300000,0x00000000e0000000)
  from space 13312K, 95% used [0x00000000e0000000,0x00000000e0c6cd28,0x00000000e0d00000)
  to   space 14848K, 0% used [0x00000000e4000000,0x00000000e4000000,0x00000000e4e80000)
 ParOldGen       total 60928K, used 12050K [0x0000000082800000, 0x0000000086380000, 0x00000000d6300000)
  object space 60928K, 19% used [0x0000000082800000,0x00000000833c4878,0x0000000086380000)
 Metaspace       used 34886K, capacity 35242K, committed 35496K, reserved 1081344K
  class space    used 4203K, capacity 4315K, committed 4352K, reserved 1048576K
Event: 6.918 GC heap after
Heap after GC invocations=11 (full 2):
 PSYoungGen      total 174080K, used 0K [0x00000000d6300000, 0x00000000e4e80000, 0x0000000100000000)
  eden space 160768K, 0% used [0x00000000d6300000,0x00000000d6300000,0x00000000e0000000)
  from space 13312K, 0% used [0x00000000e0000000,0x00000000e0000000,0x00000000e0d00000)
  to   space 14848K, 0% used [0x00000000e4000000,0x00000000e4000000,0x00000000e4e80000)
 ParOldGen       total 95744K, used 22800K [0x0000000082800000, 0x0000000088580000, 0x00000000d6300000)
  object space 95744K, 23% used [0x0000000082800000,0x0000000083e440f0,0x0000000088580000)
 Metaspace       used 34886K, capacity 35242K, committed 35496K, reserved 1081344K
  class space    used 4203K, capacity 4315K, committed 4352K, reserved 1048576K
}
Event: 26.187 GC heap before
{Heap before GC invocations=12 (full 2):
 PSYoungGen      total 174080K, used 160768K [0x00000000d6300000, 0x00000000e4e80000, 0x0000000100000000)
  eden space 160768K, 100% used [0x00000000d6300000,0x00000000e0000000,0x00000000e0000000)
  from space 13312K, 0% used [0x00000000e0000000,0x00000000e0000000,0x00000000e0d00000)
  to   space 14848K, 0% used [0x00000000e4000000,0x00000000e4000000,0x00000000e4e80000)
 ParOldGen       total 95744K, used 22800K [0x0000000082800000, 0x0000000088580000, 0x00000000d6300000)
  object space 95744K, 23% used [0x0000000082800000,0x0000000083e440f0,0x0000000088580000)
 Metaspace       used 38626K, capacity 39104K, committed 39424K, reserved 1083392K
  class space    used 4673K, capacity 4832K, committed 4864K, reserved 1048576K
Event: 26.194 GC heap after
Heap after GC invocations=12 (full 2):
 PSYoungGen      total 206848K, used 5203K [0x00000000d6300000, 0x00000000e4580000, 0x0000000100000000)
  eden space 201216K, 0% used [0x00000000d6300000,0x00000000d6300000,0x00000000e2780000)
  from space 5632K, 92% used [0x00000000e4000000,0x00000000e4514c08,0x00000000e4580000)
  to   space 14848K, 0% used [0x00000000e2880000,0x00000000e2880000,0x00000000e3700000)
 ParOldGen       total 95744K, used 22808K [0x0000000082800000, 0x0000000088580000, 0x00000000d6300000)
  object space 95744K, 23% used [0x0000000082800000,0x0000000083e460f0,0x0000000088580000)
 Metaspace       used 38626K, capacity 39104K, committed 39424K, reserved 1083392K
  class space    used 4673K, capacity 4832K, committed 4864K, reserved 1048576K
}

Deoptimization events (10 events):
Event: 11.914 Thread 0x000000001ec29000 Uncommon trap: reason=null_check action=make_not_entrant pc=0x00000000043e6fa8 method=org.springframework.core.annotation.AnnotatedElementUtils.searchWithFindSemantics(Ljava/lang/reflect/AnnotatedElement;Ljava/lang/Class;Ljava/lang/String;Ljava/lang/Class
Event: 11.915 Thread 0x000000001ec29000 Uncommon trap: reason=bimorphic action=maybe_recompile pc=0x00000000038071bc method=java.util.AbstractList$Itr.next()Ljava/lang/Object; @ 14
Event: 12.070 Thread 0x000000001ec2b000 Uncommon trap: reason=bimorphic action=maybe_recompile pc=0x00000000038071bc method=java.util.AbstractList$Itr.next()Ljava/lang/Object; @ 14
Event: 19.846 Thread 0x000000001ec29000 Uncommon trap: reason=class_check action=maybe_recompile pc=0x0000000003b3ca94 method=java.util.regex.Pattern$7.isSatisfiedBy(I)Z @ 16
Event: 19.846 Thread 0x000000001ec29000 Uncommon trap: reason=class_check action=maybe_recompile pc=0x0000000003b3ca94 method=java.util.regex.Pattern$7.isSatisfiedBy(I)Z @ 16
Event: 19.846 Thread 0x000000001ec29000 Uncommon trap: reason=class_check action=maybe_recompile pc=0x0000000003b3caa4 method=java.util.regex.Pattern$CharProperty$1.isSatisfiedBy(I)Z @ 5
Event: 24.126 Thread 0x000000001ec2b000 Uncommon trap: reason=unstable_if action=reinterpret pc=0x00000000037c9bd4 method=java.io.BufferedReader.readLine(Z)Ljava/lang/String; @ 192
Event: 24.176 Thread 0x000000001e389800 Uncommon trap: reason=unstable_if action=reinterpret pc=0x000000000376ac68 method=sun.misc.FloatingDecimal.readJavaFormatString(Ljava/lang/String;)Lsun/misc/FloatingDecimal$ASCIIToBinaryConverter; @ 263
Event: 24.176 Thread 0x000000001e389800 Uncommon trap: reason=unstable_if action=reinterpret pc=0x0000000003ace578 method=sun.misc.FloatingDecimal$ASCIIToBinaryBuffer.doubleValue()D @ 149
Event: 26.178 Thread 0x000000001e389000 Uncommon trap: reason=unstable_if action=reinterpret pc=0x00000000040312ac method=com.realsight.westworld.tsp.lib.model.htm.PredictHierarchy.unique(Ljava/util/List;I)Ljava/util/List; @ 163

Internal exceptions (10 events):
Event: 7.189 Thread 0x000000001ae0a800 Exception <a 'java/lang/ClassNotFoundException': org/springframework/web/context/support/WebApplicationObjectSupportCustomizer> (0x00000000d736cba0) thrown at [C:\re\workspace\8-2-build-windows-amd64-cygwin\jdk8u111\7883\hotspot\src\share\vm\classfile\sys
Event: 7.192 Thread 0x000000001ae0a800 Exception <a 'java/lang/ClassNotFoundException': org/thymeleaf/spring4/view/AbstractThymeleafViewCustomizer> (0x00000000d7396880) thrown at [C:\re\workspace\8-2-build-windows-amd64-cygwin\jdk8u111\7883\hotspot\src\share\vm\classfile\systemDictionary.cpp, 
Event: 7.194 Thread 0x000000001ae0a800 Exception <a 'java/lang/ClassNotFoundException': org/thymeleaf/spring4/view/ThymeleafViewCustomizer> (0x00000000d73ca918) thrown at [C:\re\workspace\8-2-build-windows-amd64-cygwin\jdk8u111\7883\hotspot\src\share\vm\classfile\systemDictionary.cpp, line 210
Event: 7.196 Thread 0x000000001ae0a800 Exception <a 'java/lang/ClassNotFoundException': org/springframework/web/servlet/ViewCustomizer> (0x00000000d73fa330) thrown at [C:\re\workspace\8-2-build-windows-amd64-cygwin\jdk8u111\7883\hotspot\src\share\vm\classfile\systemDictionary.cpp, line 210]
Event: 7.197 Thread 0x000000001ae0a800 Exception <a 'java/lang/ClassNotFoundException': org/springframework/beans/factory/BeanNameAwareCustomizer> (0x00000000d7424848) thrown at [C:\re\workspace\8-2-build-windows-amd64-cygwin\jdk8u111\7883\hotspot\src\share\vm\classfile\systemDictionary.cpp, l
Event: 7.198 Thread 0x000000001ae0a800 Exception <a 'java/lang/ClassNotFoundException': org/springframework/web/context/ServletContextAwareCustomizer> (0x00000000d744f208) thrown at [C:\re\workspace\8-2-build-windows-amd64-cygwin\jdk8u111\7883\hotspot\src\share\vm\classfile\systemDictionary.cp
Event: 7.199 Thread 0x000000001ae0a800 Exception <a 'java/lang/ClassNotFoundException': org/springframework/context/ApplicationContextAwareCustomizer> (0x00000000d7479c00) thrown at [C:\re\workspace\8-2-build-windows-amd64-cygwin\jdk8u111\7883\hotspot\src\share\vm\classfile\systemDictionary.cp
Event: 7.974 Thread 0x000000001ec29800 Exception <a 'java/io/FileNotFoundException'> (0x00000000d84ce6a0) thrown at [C:\re\workspace\8-2-build-windows-amd64-cygwin\jdk8u111\7883\hotspot\src\share\vm\prims\jni.cpp, line 709]
Event: 7.974 Thread 0x000000001ec29800 Exception <a 'java/io/FileNotFoundException'> (0x00000000d84cf0f0) thrown at [C:\re\workspace\8-2-build-windows-amd64-cygwin\jdk8u111\7883\hotspot\src\share\vm\prims\jni.cpp, line 709]
Event: 11.914 Thread 0x000000001ec29000 Implicit null exception at 0x00000000043dd13c to 0x00000000043e6f85

Events (10 events):
Event: 26.196 Executing VM operation: RevokeBias
Event: 26.196 Executing VM operation: RevokeBias done
Event: 26.196 Executing VM operation: RevokeBias
Event: 26.197 Executing VM operation: RevokeBias done
Event: 26.197 Executing VM operation: RevokeBias
Event: 26.197 Executing VM operation: RevokeBias done
Event: 26.197 Executing VM operation: RevokeBias
Event: 26.197 Executing VM operation: RevokeBias done
Event: 26.197 Executing VM operation: RevokeBias
Event: 26.197 Executing VM operation: RevokeBias done


Dynamic libraries:
0x00007ff7690d0000 - 0x00007ff769107000 	C:\Program Files\Java\jdk1.8.0_111\bin\javaw.exe
0x00007ffe70050000 - 0x00007ffe70221000 	C:\WINDOWS\SYSTEM32\ntdll.dll
0x00007ffe6d8f0000 - 0x00007ffe6d99c000 	C:\WINDOWS\System32\KERNEL32.DLL
0x00007ffe6cfb0000 - 0x00007ffe6d1cd000 	C:\WINDOWS\System32\KERNELBASE.dll
0x00007ffe6da80000 - 0x00007ffe6db22000 	C:\WINDOWS\System32\ADVAPI32.dll
0x00007ffe6ffb0000 - 0x00007ffe7004e000 	C:\WINDOWS\System32\msvcrt.dll
0x00007ffe6d780000 - 0x00007ffe6d7d9000 	C:\WINDOWS\System32\sechost.dll
0x00007ffe6d620000 - 0x00007ffe6d741000 	C:\WINDOWS\System32\RPCRT4.dll
0x00007ffe6e7c0000 - 0x00007ffe6e925000 	C:\WINDOWS\System32\USER32.dll
0x00007ffe6d330000 - 0x00007ffe6d34e000 	C:\WINDOWS\System32\win32u.dll
0x00007ffe6ff70000 - 0x00007ffe6ffa4000 	C:\WINDOWS\System32\GDI32.dll
0x00007ffe6cc00000 - 0x00007ffe6cd82000 	C:\WINDOWS\System32\gdi32full.dll
0x00007ffe5d760000 - 0x00007ffe5d9da000 	C:\WINDOWS\WinSxS\amd64_microsoft.windows.common-controls_6595b64144ccf1df_6.0.14393.953_none_42151e83c686086b\COMCTL32.dll
0x00007ffe6e3b0000 - 0x00007ffe6e678000 	C:\WINDOWS\System32\combase.dll
0x00007ffe6d1d0000 - 0x00007ffe6d2c5000 	C:\WINDOWS\System32\ucrtbase.dll
0x00007ffe6cf40000 - 0x00007ffe6cfaa000 	C:\WINDOWS\System32\bcryptPrimitives.dll
0x00007ffe6d750000 - 0x00007ffe6d77e000 	C:\WINDOWS\System32\IMM32.DLL
0x0000000053210000 - 0x00000000532e2000 	C:\Program Files\Java\jdk1.8.0_111\jre\bin\msvcr100.dll
0x0000000051940000 - 0x00000000521da000 	C:\Program Files\Java\jdk1.8.0_111\jre\bin\server\jvm.dll
0x00007ffe6da70000 - 0x00007ffe6da78000 	C:\WINDOWS\System32\PSAPI.DLL
0x00007ffe60f10000 - 0x00007ffe60f19000 	C:\WINDOWS\SYSTEM32\WSOCK32.dll
0x00007ffe6db30000 - 0x00007ffe6db9a000 	C:\WINDOWS\System32\WS2_32.dll
0x00007ffe69e10000 - 0x00007ffe69e33000 	C:\WINDOWS\SYSTEM32\WINMM.dll
0x00007ffe5f1e0000 - 0x00007ffe5f1ea000 	C:\WINDOWS\SYSTEM32\VERSION.dll
0x00007ffe69db0000 - 0x00007ffe69ddb000 	C:\WINDOWS\SYSTEM32\WINMMBASE.dll
0x00007ffe6cd90000 - 0x00007ffe6cdd2000 	C:\WINDOWS\System32\cfgmgr32.dll
0x0000000053200000 - 0x000000005320f000 	C:\Program Files\Java\jdk1.8.0_111\jre\bin\verify.dll
0x00000000531d0000 - 0x00000000531f9000 	C:\Program Files\Java\jdk1.8.0_111\jre\bin\java.dll
0x00000000531b0000 - 0x00000000531c6000 	C:\Program Files\Java\jdk1.8.0_111\jre\bin\zip.dll
0x00007ffe6ea60000 - 0x00007ffe6ff68000 	C:\WINDOWS\System32\SHELL32.dll
0x00007ffe6c520000 - 0x00007ffe6cbfa000 	C:\WINDOWS\System32\windows.storage.dll
0x00007ffe6c4b0000 - 0x00007ffe6c4fc000 	C:\WINDOWS\System32\powrprof.dll
0x00007ffe6d890000 - 0x00007ffe6d8e2000 	C:\WINDOWS\System32\shlwapi.dll
0x00007ffe6c510000 - 0x00007ffe6c51f000 	C:\WINDOWS\System32\kernel.appcore.dll
0x00007ffe6ce90000 - 0x00007ffe6cf39000 	C:\WINDOWS\System32\shcore.dll
0x00007ffe6c490000 - 0x00007ffe6c4a4000 	C:\WINDOWS\System32\profapi.dll
0x00000000531a0000 - 0x00000000531ad000 	C:\Program Files\Java\jdk1.8.0_111\jre\bin\management.dll
0x0000000053180000 - 0x000000005319a000 	C:\Program Files\Java\jdk1.8.0_111\jre\bin\net.dll
0x00007ffe6bd60000 - 0x00007ffe6bdbc000 	C:\WINDOWS\system32\mswsock.dll
0x00007ffe5bdf0000 - 0x00007ffe5be06000 	C:\WINDOWS\system32\napinsp.dll
0x00007ffe5a110000 - 0x00007ffe5a12a000 	C:\WINDOWS\system32\pnrpnsp.dll
0x00007ffe6a360000 - 0x00007ffe6a378000 	C:\WINDOWS\system32\NLAapi.dll
0x00007ffe6bb20000 - 0x00007ffe6bbc1000 	C:\WINDOWS\SYSTEM32\DNSAPI.dll
0x00007ffe6d880000 - 0x00007ffe6d888000 	C:\WINDOWS\System32\NSI.dll
0x00007ffe6bae0000 - 0x00007ffe6bb18000 	C:\WINDOWS\SYSTEM32\IPHLPAPI.DLL
0x00007ffe5c030000 - 0x00007ffe5c03e000 	C:\WINDOWS\System32\winrnr.dll
0x00007ffe59830000 - 0x00007ffe59845000 	C:\WINDOWS\System32\wshbth.dll
0x00007ffe5ef20000 - 0x00007ffe5ef2a000 	C:\Windows\System32\rasadhlp.dll
0x00007ffe65ee0000 - 0x00007ffe65f4a000 	C:\WINDOWS\System32\fwpuclnt.dll
0x00007ffe6c3d0000 - 0x00007ffe6c3fb000 	C:\WINDOWS\SYSTEM32\bcrypt.dll
0x0000000053160000 - 0x0000000053171000 	C:\Program Files\Java\jdk1.8.0_111\jre\bin\nio.dll
0x00007ffe6bf00000 - 0x00007ffe6bf17000 	C:\WINDOWS\SYSTEM32\CRYPTSP.dll
0x00007ffe6b960000 - 0x00007ffe6b993000 	C:\WINDOWS\system32\rsaenh.dll
0x00007ffe6bbe0000 - 0x00007ffe6bbff000 	C:\WINDOWS\SYSTEM32\USERENV.dll
0x00007ffe6c150000 - 0x00007ffe6c15b000 	C:\WINDOWS\SYSTEM32\CRYPTBASE.dll
0x00007ffe667d0000 - 0x00007ffe667e6000 	C:\WINDOWS\SYSTEM32\dhcpcsvc6.DLL
0x00007ffe66810000 - 0x00007ffe6682a000 	C:\WINDOWS\SYSTEM32\dhcpcsvc.DLL
0x0000000053130000 - 0x0000000053154000 	C:\Program Files\Java\jdk1.8.0_111\jre\bin\sunec.dll
0x00007ffe68da0000 - 0x00007ffe68dbf000 	C:\NeticaJ_504\bin\NeticaJ.dll
0x0000000180000000 - 0x000000018029a000 	C:\NeticaJ_504\bin\Netica.dll
0x00007ffe6e680000 - 0x00007ffe6e7b8000 	C:\WINDOWS\System32\ole32.dll
0x00007ffe62050000 - 0x00007ffe620ff000 	C:\WINDOWS\SYSTEM32\ODBC32.dll
0x00007ffe6b9a0000 - 0x00007ffe6b9aa000 	C:\WINDOWS\SYSTEM32\DPAPI.dll
0x00007ffe6c160000 - 0x00007ffe6c18c000 	C:\WINDOWS\SYSTEM32\SspiCli.dll
0x00007ffe5d230000 - 0x00007ffe5d3c2000 	C:\WINDOWS\SYSTEM32\dbghelp.dll

VM Arguments:
jvm_args: -Djava.library.path=C:\NeticaJ_504\bin -Dfile.encoding=UTF-8 
java_command: com.realsight.westworld.engine.Application
java_class_path (initial): D:\workspace\westworld\engine\target\classes;E:\Download\solr-6.5.1\solr-6.5.1\dist\solrj-lib\commons-io-2.5.jar;E:\Download\solr-6.5.1\solr-6.5.1\dist\solrj-lib\httpclient-4.4.1.jar;E:\Download\solr-6.5.1\solr-6.5.1\dist\solrj-lib\httpcore-4.4.1.jar;E:\Download\solr-6.5.1\solr-6.5.1\dist\solrj-lib\httpmime-4.4.1.jar;E:\Download\solr-6.5.1\solr-6.5.1\dist\solrj-lib\jcl-over-slf4j-1.7.7.jar;E:\Download\solr-6.5.1\solr-6.5.1\dist\solrj-lib\noggit-0.6.jar;E:\Download\solr-6.5.1\solr-6.5.1\dist\solrj-lib\slf4j-api-1.7.7.jar;E:\Download\solr-6.5.1\solr-6.5.1\dist\solrj-lib\stax2-api-3.1.4.jar;E:\Download\solr-6.5.1\solr-6.5.1\dist\solrj-lib\woodstox-core-asl-4.4.1.jar;E:\Download\solr-6.5.1\solr-6.5.1\dist\solrj-lib\zookeeper-3.4.6.jar;E:\Download\solr-6.5.1\solr-6.5.1\dist\solr-analysis-extras-6.5.1.jar;E:\Download\solr-6.5.1\solr-6.5.1\dist\solr-analytics-6.5.1.jar;E:\Download\solr-6.5.1\solr-6.5.1\dist\solr-cell-6.5.1.jar;E:\Download\solr-6.5.1\solr-6.5.1\dist\solr-clustering-6.5.1.jar;E:\Download\solr-6.5.1\solr-6.5.1\dist\solr-core-6.5.1.jar;E:\Download\solr-6.5.1\solr-6.5.1\dist\solr-dataimporthandler-6.5.1.jar;E:\Download\solr-6.5.1\solr-6.5.1\dist\solr-dataimporthandler-extras-6.5.1.jar;E:\Download\solr-6.5.1\solr-6.5.1\dist\solr-langid-6.5.1.jar;E:\Download\solr-6.5.1\solr-6.5.1\dist\solr-ltr-6.5.1.jar;E:\Download\solr-6.5.1\solr-6.5.1\dist\solr-map-reduce-6.5.1.jar;E:\Download\solr-6.5.1\solr-6.5.1\dist\solr-morphlines-cell-6.5.1.jar;E:\Download\solr-6.5.1\solr-6.5.1\dist\solr-morphlines-core-6.5.1.jar;E:\Download\solr-6.5.1\solr-6.5.1\dist\solr-solrj-6.5.1.jar;E:\Download\solr-6.5.1\solr-6.5.1\dist\solr-test-framework-6.5.1.jar;E:\Download\solr-6.5.1\solr-6.5.1\dist\solr-uima-6.5.1.jar;E:\Download\solr-6.5.1\solr-6.5.1\dist\solr-velocity-6.5.1.jar;C:\Users\wubin\.m2\repository\org\json\json\20160810\json-20160810.jar;C:\Users\wubin\.m2\repository\org\springframework\boot\spring-boot-starter-web\1.5.2.RELEASE\spring-boot-starter-web
Launcher Type: SUN_STANDARD

Environment Variables:
JAVA_HOME=C:\Program Files\Java\jdk1.8.0_111
CLASSPATH=.;C:\Program Files\Java\jdk1.8.0_111\lib;C:\Program Files\Java\jdk1.8.0_111\lib\tools.jar
PATH=C:/NeticaJ_504/bin;%PATH%
USERNAME=wubin
OS=Windows_NT
PROCESSOR_IDENTIFIER=Intel64 Family 6 Model 58 Stepping 9, GenuineIntel



---------------  S Y S T E M  ---------------

OS: Windows 10.0 , 64 bit Build 14393 (10.0.14393.1198)

CPU:total 4 (2 cores per cpu, 2 threads per core) family 6 model 58 stepping 9, cmov, cx8, fxsr, mmx, sse, sse2, sse3, ssse3, sse4.1, sse4.2, popcnt, avx, aes, clmul, erms, ht, tsc, tscinvbit, tscinv

Memory: 4k page, physical 8223080k(3569160k free), swap 16611688k(10698928k free)

vm_info: Java HotSpot(TM) 64-Bit Server VM (25.111-b14) for windows-amd64 JRE (1.8.0_111-b14), built on Sep 22 2016 19:24:05 by "java_re" with MS VC++ 10.0 (VS2010)

time: Wed May 24 11:13:17 2017
elapsed time: 26 seconds (0d 0h 0m 26s)

