#
# A fatal error has been detected by the Java Runtime Environment:
#
#  EXCEPTION_ACCESS_VIOLATION (0xc0000005) at pc=0x0000000180182d55, pid=13024, tid=0x00000000000035a0
#
# JRE version: Java(TM) SE Runtime Environment (8.0_111-b14) (build 1.8.0_111-b14)
# Java VM: Java HotSpot(TM) 64-Bit Server VM (25.111-b14 mixed mode windows-amd64 compressed oops)
# Problematic frame:
# C  [Netica.dll+0x182d55]
#
# Failed to write core dump. Minidumps are not enabled by default on client versions of Windows
#
# If you would like to submit a bug report, please visit:
#   http://bugreport.java.com/bugreport/crash.jsp
# The crash happened outside the Java Virtual Machine in native code.
# See problematic frame for where to report the bug.
#

---------------  T H R E A D  ---------------

Current thread (0x0000000017700000):  JavaThread "Finalizer" daemon [_thread_in_native, id=13728, stack(0x0000000018990000,0x0000000018a90000)]

siginfo: ExceptionCode=0xc0000005, reading address 0x0000000020960c20

Registers:
RAX=0x00007ff9046d47b0, RBX=0x0000000000000000, RCX=0x0000000020960c20, RDX=0x0000000018a8ef30
RSP=0x0000000018a8ee08, RBP=0x0000000018a8ee30, RSI=0x00000000e9866000, RDI=0x0000000011bec000
R8 =0x0000000020960c20, R9 =0x0000000000000000, R10=0x0000000002c57f48, R11=0x000000006604b580
R12=0x0000000000000000, R13=0x00000000205d9028, R14=0x0000000018a8ef58, R15=0x0000000017700000
RIP=0x0000000180182d55, EFLAGS=0x0000000000010202

Top of Stack: (sp=0x0000000018a8ee08)
0x0000000018a8ee08:   00000001800b74ba 0000000017700000
0x0000000018a8ee18:   0000000017700000 0000000017700000
0x0000000018a8ee28:   0000000000000000 0000000016d70c10
0x0000000018a8ee38:   fffffffffffffffe 0000000000000000
0x0000000018a8ee48:   0000000018a8ee68 0000000018a8eee0
0x0000000018a8ee58:   0000000002c483a2 0000000018a8ef20
0x0000000018a8ee68:   00007ff9046d47c2 0000000020960c20
0x0000000018a8ee78:   0000000065f4c974 000000000000000a
0x0000000018a8ee88:   0000000082800530 00000000205d9028
0x0000000018a8ee98:   0000000002c57f74 00000000176d6080
0x0000000018a8eea8:   0000000065ed6f4a 0000000018a8f2c8
0x0000000018a8eeb8:   0000000018a8ef48 00000000d64b3fd8
0x0000000018a8eec8:   0000000082d16560 0000000082d16560
0x0000000018a8eed8:   0000000002c53e0b 0000000018a8eee0
0x0000000018a8eee8:   0000000000000000 0000000018a8ef58
0x0000000018a8eef8:   00000000205e0ec8 0000000000000000 

Instructions: (pc=0x0000000180182d55)
0x0000000180182d35:   c9 f2 0f 59 49 30 eb 04 f3 0f 5a c9 0f 28 c1 c3
0x0000000180182d45:   48 8d 76 00 48 8d bf 00 00 00 00 48 85 c9 74 0d
0x0000000180182d55:   0f b7 01 25 ff 0f 00 00 83 f8 0f 74 03 33 c0 c3
0x0000000180182d65:   48 8b 51 08 48 85 d2 74 0d 0f b7 02 25 ff 0f 00 


Register to memory mapping:

RAX=0x00007ff9046d47b0 is an unknown value
RBX=0x0000000000000000 is an unknown value
RCX=0x0000000020960c20 is an unknown value
RDX=0x0000000018a8ef30 is pointing into the stack for thread: 0x0000000017700000
RSP=0x0000000018a8ee08 is pointing into the stack for thread: 0x0000000017700000
RBP=0x0000000018a8ee30 is pointing into the stack for thread: 0x0000000017700000
RSI=0x00000000e9866000 is an oop
java.util.zip.ZipFile$ZipFileInputStream 
 - klass: 'java/util/zip/ZipFile$ZipFileInputStream'
RDI=0x0000000011bec000 is an unknown value
R8 =0x0000000020960c20 is an unknown value
R9 =0x0000000000000000 is an unknown value
R10=0x0000000002c57f48 is at code_begin+840 in an Interpreter codelet
method entry point (kind = native)  [0x0000000002c57c00, 0x0000000002c58560]  2400 bytes
R11=0x000000006604b580 is an unknown value
R12=0x0000000000000000 is an unknown value
R13={method} {0x00000000205d9030} 'DeleteStream_ns' '(JJ)V' in 'norsys/netica/NETICA'
R14=0x0000000018a8ef58 is pointing into the stack for thread: 0x0000000017700000
R15=0x0000000017700000 is a thread


Stack: [0x0000000018990000,0x0000000018a90000],  sp=0x0000000018a8ee08,  free space=1019k
Native frames: (J=compiled Java code, j=interpreted, Vv=VM code, C=native code)
C  [Netica.dll+0x182d55]

Java frames: (J=compiled Java code, j=interpreted, Vv=VM code)
j  norsys.netica.NETICA.DeleteStream_ns(JJ)V+0
j  norsys.netica.Streamer.finalize()V+50
J 4698 C2 java.lang.ref.Finalizer.access$100(Ljava/lang/ref/Finalizer;Lsun/misc/JavaLangAccess;)V (6 bytes) @ 0x00000000036cfdd4 [0x00000000036cfc00+0x1d4]
j  java.lang.ref.Finalizer$FinalizerThread.run()V+45
v  ~StubRoutines::call_stub

---------------  P R O C E S S  ---------------

Java Threads: ( => current thread )
  0x000000001c1d1800 JavaThread "qtp827328832-42" [_thread_in_native, id=12528, stack(0x0000000021ee0000,0x0000000021fe0000)]
  0x000000001c1d0800 JavaThread "qtp827328832-41" [_thread_in_native, id=3392, stack(0x0000000021de0000,0x0000000021ee0000)]
  0x000000001c1d3800 JavaThread "qtp827328832-40" [_thread_blocked, id=3620, stack(0x0000000021ce0000,0x0000000021de0000)]
  0x000000001c1d2000 JavaThread "qtp827328832-39" [_thread_blocked, id=13316, stack(0x0000000021be0000,0x0000000021ce0000)]
  0x000000001c1d5000 JavaThread "qtp827328832-35" [_thread_blocked, id=10192, stack(0x00000000217e0000,0x00000000218e0000)]
  0x000000001c1ce800 JavaThread "Scheduler-1103132232" [_thread_blocked, id=7556, stack(0x0000000020e30000,0x0000000020f30000)]
  0x000000001f1ef800 JavaThread "qtp827328832-25" [_thread_blocked, id=3492, stack(0x0000000020010000,0x0000000020110000)]
  0x000000001f1ef000 JavaThread "DestroyJavaVM" [_thread_blocked, id=13520, stack(0x0000000002a20000,0x0000000002b20000)]
  0x000000001f1f1000 JavaThread "Scheduler-1723278948" [_thread_blocked, id=6356, stack(0x000000001ff10000,0x0000000020010000)]
  0x000000001e0b5800 JavaThread "qtp827328832-17-acceptor-0@753abc18-ServerConnector@7bfd4ccf{HTTP/1.1,[http/1.1]}{0.0.0.0:8013}" [_thread_in_native, id=10052, stack(0x000000001fb10000,0x000000001fc10000)]
  0x000000001de85800 JavaThread "qtp827328832-16-lowPrioritySelector" [_thread_blocked, id=14096, stack(0x000000001fa10000,0x000000001fb10000)]
  0x000000001de02000 JavaThread "qtp827328832-14-lowPrioritySelector" [_thread_blocked, id=13168, stack(0x000000001e3f0000,0x000000001e4f0000)]
  0x0000000018b8e000 JavaThread "Service Thread" daemon [_thread_blocked, id=8724, stack(0x0000000019400000,0x0000000019500000)]
  0x0000000017743000 JavaThread "C1 CompilerThread2" daemon [_thread_blocked, id=14272, stack(0x0000000019300000,0x0000000019400000)]
  0x000000001773c000 JavaThread "C2 CompilerThread1" daemon [_thread_blocked, id=14040, stack(0x0000000019200000,0x0000000019300000)]
  0x000000001773a000 JavaThread "C2 CompilerThread0" daemon [_thread_blocked, id=11480, stack(0x0000000019100000,0x0000000019200000)]
  0x0000000017738000 JavaThread "Attach Listener" daemon [_thread_blocked, id=12600, stack(0x0000000019000000,0x0000000019100000)]
  0x0000000017726000 JavaThread "Signal Dispatcher" daemon [_thread_blocked, id=8240, stack(0x0000000018f00000,0x0000000019000000)]
=>0x0000000017700000 JavaThread "Finalizer" daemon [_thread_in_native, id=13728, stack(0x0000000018990000,0x0000000018a90000)]
  0x0000000002c17000 JavaThread "Reference Handler" daemon [_thread_blocked, id=14264, stack(0x0000000018890000,0x0000000018990000)]

Other Threads:
  0x00000000176d6800 VMThread [stack: 0x0000000018790000,0x0000000018890000] [id=13496]
  0x0000000017750800 WatcherThread [stack: 0x0000000019500000,0x0000000019600000] [id=9476]

VM state:not at safepoint (normal execution)

VM Mutex/Monitor currently owned by a thread: None

Heap:
 PSYoungGen      total 297472K, used 17241K [0x00000000d6300000, 0x00000000e9e80000, 0x0000000100000000)
  eden space 288768K, 3% used [0x00000000d6300000,0x00000000d6bb6c08,0x00000000e7d00000)
  from space 8704K, 95% used [0x00000000e9600000,0x00000000e9e1fb58,0x00000000e9e80000)
  to   space 13824K, 0% used [0x00000000e8380000,0x00000000e8380000,0x00000000e9100000)
 ParOldGen       total 76800K, used 22092K [0x0000000082800000, 0x0000000087300000, 0x00000000d6300000)
  object space 76800K, 28% used [0x0000000082800000,0x0000000083d93358,0x0000000087300000)
 Metaspace       used 40436K, capacity 40948K, committed 41472K, reserved 1085440K
  class space    used 4953K, capacity 5092K, committed 5120K, reserved 1048576K

Card table byte_map: [0x0000000012000000,0x00000000123f0000] byte_map_base: 0x0000000011bec000

Marking Bits: (ParMarkBitMap*) 0x000000006663a6c0
 Begin Bits: [0x0000000012a90000, 0x00000000149f0000)
 End Bits:   [0x00000000149f0000, 0x0000000016950000)

Polling page: 0x00000000026c0000

CodeCache: size=245760Kb used=15579Kb max_used=15821Kb free=230180Kb
 bounds [0x0000000002c40000, 0x0000000003bd0000, 0x0000000011c40000]
 total_blobs=4870 nmethods=4128 adapters=653
 compilation: enabled

Compilation events (10 events):
Event: 2445.478 Thread 0x000000001773a000 nmethod 4698 0x00000000036cfa90 code [0x00000000036cfc00, 0x00000000036d01b8]
Event: 2445.478 Thread 0x000000001773a000 4700   !   4       java.lang.ref.Finalizer::remove (94 bytes)
Event: 2445.478 Thread 0x000000001773c000 nmethod 4699 0x0000000003630a50 code [0x0000000003630bc0, 0x0000000003631198]
Event: 2445.480 Thread 0x000000001773a000 nmethod 4700 0x00000000036cf550 code [0x00000000036cf6a0, 0x00000000036cf998]
Event: 2445.485 Thread 0x000000001773c000 4701       4       java.util.TreeMap$KeyIterator::next (8 bytes)
Event: 2445.489 Thread 0x000000001773c000 nmethod 4701 0x0000000003631450 code [0x00000000036315a0, 0x00000000036316d8]
Event: 2445.499 Thread 0x000000001773a000 4702       4       java.util.concurrent.CopyOnWriteArrayList::size (6 bytes)
Event: 2445.500 Thread 0x0000000017743000 4703       1       org.eclipse.jetty.server.HttpConfiguration::getOutputBufferSize (5 bytes)
Event: 2445.500 Thread 0x000000001773a000 nmethod 4702 0x0000000003397010 code [0x0000000003397140, 0x00000000033971b8]
Event: 2445.500 Thread 0x0000000017743000 nmethod 4703 0x0000000003150790 code [0x00000000031508e0, 0x00000000031509f0]

GC Heap History (10 events):
Event: 5.062 GC heap before
{Heap before GC invocations=8 (full 1):
 PSYoungGen      total 124416K, used 124309K [0x00000000d6300000, 0x00000000df380000, 0x0000000100000000)
  eden space 118784K, 100% used [0x00000000d6300000,0x00000000dd700000,0x00000000dd700000)
  from space 5632K, 98% used [0x00000000dee00000,0x00000000df365470,0x00000000df380000)
  to   space 11264K, 0% used [0x00000000ddd80000,0x00000000ddd80000,0x00000000de880000)
 ParOldGen       total 53760K, used 9716K [0x0000000082800000, 0x0000000085c80000, 0x00000000d6300000)
  object space 53760K, 18% used [0x0000000082800000,0x000000008317d228,0x0000000085c80000)
 Metaspace       used 29257K, capacity 29676K, committed 29952K, reserved 1075200K
  class space    used 3609K, capacity 3723K, committed 3840K, reserved 1048576K
Event: 5.075 GC heap after
Heap after GC invocations=8 (full 1):
 PSYoungGen      total 136704K, used 9404K [0x00000000d6300000, 0x00000000e4700000, 0x0000000100000000)
  eden space 125440K, 0% used [0x00000000d6300000,0x00000000d6300000,0x00000000ddd80000)
  from space 11264K, 83% used [0x00000000ddd80000,0x00000000de6af3d0,0x00000000de880000)
  to   space 11776K, 0% used [0x00000000e3b80000,0x00000000e3b80000,0x00000000e4700000)
 ParOldGen       total 53760K, used 9724K [0x0000000082800000, 0x0000000085c80000, 0x00000000d6300000)
  object space 53760K, 18% used [0x0000000082800000,0x000000008317f228,0x0000000085c80000)
 Metaspace       used 29257K, capacity 29676K, committed 29952K, reserved 1075200K
  class space    used 3609K, capacity 3723K, committed 3840K, reserved 1048576K
}
Event: 6.374 GC heap before
{Heap before GC invocations=9 (full 1):
 PSYoungGen      total 136704K, used 134844K [0x00000000d6300000, 0x00000000e4700000, 0x0000000100000000)
  eden space 125440K, 100% used [0x00000000d6300000,0x00000000ddd80000,0x00000000ddd80000)
  from space 11264K, 83% used [0x00000000ddd80000,0x00000000de6af3d0,0x00000000de880000)
  to   space 11776K, 0% used [0x00000000e3b80000,0x00000000e3b80000,0x00000000e4700000)
 ParOldGen       total 53760K, used 9724K [0x0000000082800000, 0x0000000085c80000, 0x00000000d6300000)
  object space 53760K, 18% used [0x0000000082800000,0x000000008317f228,0x0000000085c80000)
 Metaspace       used 32459K, capacity 32866K, committed 33280K, reserved 1079296K
  class space    used 3950K, capacity 4062K, committed 4096K, reserved 1048576K
Event: 6.392 GC heap after
Heap after GC invocations=9 (full 1):
 PSYoungGen      total 219648K, used 11766K [0x00000000d6300000, 0x00000000e5100000, 0x0000000100000000)
  eden space 207872K, 0% used [0x00000000d6300000,0x00000000d6300000,0x00000000e2e00000)
  from space 11776K, 99% used [0x00000000e3b80000,0x00000000e46fdb88,0x00000000e4700000)
  to   space 13824K, 0% used [0x00000000e2e00000,0x00000000e2e00000,0x00000000e3b80000)
 ParOldGen       total 53760K, used 10612K [0x0000000082800000, 0x0000000085c80000, 0x00000000d6300000)
  object space 53760K, 19% used [0x0000000082800000,0x000000008325d170,0x0000000085c80000)
 Metaspace       used 32459K, capacity 32866K, committed 33280K, reserved 1079296K
  class space    used 3950K, capacity 4062K, committed 4096K, reserved 1048576K
}
Event: 6.804 GC heap before
{Heap before GC invocations=10 (full 1):
 PSYoungGen      total 219648K, used 41801K [0x00000000d6300000, 0x00000000e5100000, 0x0000000100000000)
  eden space 207872K, 14% used [0x00000000d6300000,0x00000000d8054918,0x00000000e2e00000)
  from space 11776K, 99% used [0x00000000e3b80000,0x00000000e46fdb88,0x00000000e4700000)
  to   space 13824K, 0% used [0x00000000e2e00000,0x00000000e2e00000,0x00000000e3b80000)
 ParOldGen       total 53760K, used 10612K [0x0000000082800000, 0x0000000085c80000, 0x00000000d6300000)
  object space 53760K, 19% used [0x0000000082800000,0x000000008325d170,0x0000000085c80000)
 Metaspace       used 34731K, capacity 35112K, committed 35456K, reserved 1081344K
  class space    used 4239K, capacity 4358K, committed 4480K, reserved 1048576K
Event: 6.840 GC heap after
Heap after GC invocations=10 (full 1):
 PSYoungGen      total 221696K, used 10891K [0x00000000d6300000, 0x00000000ea400000, 0x0000000100000000)
  eden space 207872K, 0% used [0x00000000d6300000,0x00000000d6300000,0x00000000e2e00000)
  from space 13824K, 78% used [0x00000000e2e00000,0x00000000e38a2c48,0x00000000e3b80000)
  to   space 14336K, 0% used [0x00000000e9600000,0x00000000e9600000,0x00000000ea400000)
 ParOldGen       total 53760K, used 12788K [0x0000000082800000, 0x0000000085c80000, 0x00000000d6300000)
  object space 53760K, 23% used [0x0000000082800000,0x000000008347d170,0x0000000085c80000)
 Metaspace       used 34731K, capacity 35112K, committed 35456K, reserved 1081344K
  class space    used 4239K, capacity 4358K, committed 4480K, reserved 1048576K
}
Event: 6.840 GC heap before
{Heap before GC invocations=11 (full 2):
 PSYoungGen      total 221696K, used 10891K [0x00000000d6300000, 0x00000000ea400000, 0x0000000100000000)
  eden space 207872K, 0% used [0x00000000d6300000,0x00000000d6300000,0x00000000e2e00000)
  from space 13824K, 78% used [0x00000000e2e00000,0x00000000e38a2c48,0x00000000e3b80000)
  to   space 14336K, 0% used [0x00000000e9600000,0x00000000e9600000,0x00000000ea400000)
 ParOldGen       total 53760K, used 12788K [0x0000000082800000, 0x0000000085c80000, 0x00000000d6300000)
  object space 53760K, 23% used [0x0000000082800000,0x000000008347d170,0x0000000085c80000)
 Metaspace       used 34731K, capacity 35112K, committed 35456K, reserved 1081344K
  class space    used 4239K, capacity 4358K, committed 4480K, reserved 1048576K
Event: 6.979 GC heap after
Heap after GC invocations=11 (full 2):
 PSYoungGen      total 221696K, used 0K [0x00000000d6300000, 0x00000000ea400000, 0x0000000100000000)
  eden space 207872K, 0% used [0x00000000d6300000,0x00000000d6300000,0x00000000e2e00000)
  from space 13824K, 0% used [0x00000000e2e00000,0x00000000e2e00000,0x00000000e3b80000)
  to   space 14336K, 0% used [0x00000000e9600000,0x00000000e9600000,0x00000000ea400000)
 ParOldGen       total 76800K, used 22084K [0x0000000082800000, 0x0000000087300000, 0x00000000d6300000)
  object space 76800K, 28% used [0x0000000082800000,0x0000000083d91358,0x0000000087300000)
 Metaspace       used 34731K, capacity 35112K, committed 35456K, reserved 1081344K
  class space    used 4239K, capacity 4358K, committed 4480K, reserved 1048576K
}
Event: 2445.399 GC heap before
{Heap before GC invocations=12 (full 2):
 PSYoungGen      total 221696K, used 207872K [0x00000000d6300000, 0x00000000ea400000, 0x0000000100000000)
  eden space 207872K, 100% used [0x00000000d6300000,0x00000000e2e00000,0x00000000e2e00000)
  from space 13824K, 0% used [0x00000000e2e00000,0x00000000e2e00000,0x00000000e3b80000)
  to   space 14336K, 0% used [0x00000000e9600000,0x00000000e9600000,0x00000000ea400000)
 ParOldGen       total 76800K, used 22084K [0x0000000082800000, 0x0000000087300000, 0x00000000d6300000)
  object space 76800K, 28% used [0x0000000082800000,0x0000000083d91358,0x0000000087300000)
 Metaspace       used 40426K, capacity 40948K, committed 41472K, reserved 1085440K
  class space    used 4953K, capacity 5092K, committed 5120K, reserved 1048576K
Event: 2445.459 GC heap after
Heap after GC invocations=12 (full 2):
 PSYoungGen      total 297472K, used 8318K [0x00000000d6300000, 0x00000000e9e80000, 0x0000000100000000)
  eden space 288768K, 0% used [0x00000000d6300000,0x00000000d6300000,0x00000000e7d00000)
  from space 8704K, 95% used [0x00000000e9600000,0x00000000e9e1fb58,0x00000000e9e80000)
  to   space 13824K, 0% used [0x00000000e8380000,0x00000000e8380000,0x00000000e9100000)
 ParOldGen       total 76800K, used 22092K [0x0000000082800000, 0x0000000087300000, 0x00000000d6300000)
  object space 76800K, 28% used [0x0000000082800000,0x0000000083d93358,0x0000000087300000)
 Metaspace       used 40426K, capacity 40948K, committed 41472K, reserved 1085440K
  class space    used 4953K, capacity 5092K, committed 5120K, reserved 1048576K
}

Deoptimization events (10 events):
Event: 20.377 Thread 0x000000001f1f0800 Uncommon trap: reason=class_check action=maybe_recompile pc=0x00000000032105d4 method=java.util.regex.Pattern$7.isSatisfiedBy(I)Z @ 16
Event: 20.377 Thread 0x000000001f1f0800 Uncommon trap: reason=class_check action=maybe_recompile pc=0x00000000032105e4 method=java.util.regex.Pattern$CharProperty$1.isSatisfiedBy(I)Z @ 5
Event: 20.377 Thread 0x000000001f1f0800 Uncommon trap: reason=class_check action=maybe_recompile pc=0x00000000032105d4 method=java.util.regex.Pattern$7.isSatisfiedBy(I)Z @ 16
Event: 20.377 Thread 0x000000001f1f0800 Uncommon trap: reason=class_check action=maybe_recompile pc=0x00000000032105d4 method=java.util.regex.Pattern$7.isSatisfiedBy(I)Z @ 16
Event: 22.242 Thread 0x000000001f1f2800 Uncommon trap: reason=class_check action=maybe_recompile pc=0x0000000003770a18 method=java.util.TreeMap.put(Ljava/lang/Object;Ljava/lang/Object;)Ljava/lang/Object; @ 127
Event: 22.244 Thread 0x000000001f1f2800 Uncommon trap: reason=class_check action=maybe_recompile pc=0x0000000003770a18 method=java.util.TreeMap.put(Ljava/lang/Object;Ljava/lang/Object;)Ljava/lang/Object; @ 127
Event: 22.245 Thread 0x000000001f1f2800 Uncommon trap: reason=class_check action=maybe_recompile pc=0x0000000003770a18 method=java.util.TreeMap.put(Ljava/lang/Object;Ljava/lang/Object;)Ljava/lang/Object; @ 127
Event: 22.246 Thread 0x000000001f1f2800 Uncommon trap: reason=class_check action=maybe_recompile pc=0x0000000003770a18 method=java.util.TreeMap.put(Ljava/lang/Object;Ljava/lang/Object;)Ljava/lang/Object; @ 127
Event: 2445.460 Thread 0x0000000002c17000 Uncommon trap: reason=unstable_if action=reinterpret pc=0x000000000350d1b4 method=java.lang.ref.Reference.tryHandlePending(Z)Z @ 20
Event: 2445.461 Thread 0x0000000017700000 Uncommon trap: reason=unstable_if action=reinterpret pc=0x000000000356fad8 method=norsys.netica.Environ.testForValidEnvironment()V @ 6

Internal exceptions (10 events):
Event: 9.076 Thread 0x000000001c1cf000 Implicit null exception at 0x0000000003a746ac to 0x0000000003a7dced
Event: 9.104 Thread 0x000000001f1f4000 Exception <a 'sun/nio/fs/WindowsException'> (0x00000000d8d419d0) thrown at [C:\re\workspace\8-2-build-windows-amd64-cygwin\jdk8u111\7883\hotspot\src\share\vm\prims\jni.cpp, line 709]
Event: 9.105 Thread 0x000000001f1f4000 Exception <a 'sun/nio/fs/WindowsException'> (0x00000000d8d42a80) thrown at [C:\re\workspace\8-2-build-windows-amd64-cygwin\jdk8u111\7883\hotspot\src\share\vm\prims\jni.cpp, line 709]
Event: 9.105 Thread 0x000000001f1f4000 Exception <a 'sun/nio/fs/WindowsException'> (0x00000000d8d43820) thrown at [C:\re\workspace\8-2-build-windows-amd64-cygwin\jdk8u111\7883\hotspot\src\share\vm\prims\jni.cpp, line 709]
Event: 9.105 Thread 0x000000001f1f4000 Exception <a 'sun/nio/fs/WindowsException'> (0x00000000d8d44420) thrown at [C:\re\workspace\8-2-build-windows-amd64-cygwin\jdk8u111\7883\hotspot\src\share\vm\prims\jni.cpp, line 709]
Event: 9.105 Thread 0x000000001f1f4000 Exception <a 'sun/nio/fs/WindowsException'> (0x00000000d8d44e58) thrown at [C:\re\workspace\8-2-build-windows-amd64-cygwin\jdk8u111\7883\hotspot\src\share\vm\prims\jni.cpp, line 709]
Event: 9.105 Thread 0x000000001f1f4000 Exception <a 'sun/nio/fs/WindowsException'> (0x00000000d8d460e0) thrown at [C:\re\workspace\8-2-build-windows-amd64-cygwin\jdk8u111\7883\hotspot\src\share\vm\prims\jni.cpp, line 709]
Event: 9.105 Thread 0x000000001f1f4000 Exception <a 'sun/nio/fs/WindowsException'> (0x00000000d8d46d88) thrown at [C:\re\workspace\8-2-build-windows-amd64-cygwin\jdk8u111\7883\hotspot\src\share\vm\prims\jni.cpp, line 709]
Event: 9.106 Thread 0x000000001f1f4000 Exception <a 'sun/nio/fs/WindowsException'> (0x00000000d8d47a30) thrown at [C:\re\workspace\8-2-build-windows-amd64-cygwin\jdk8u111\7883\hotspot\src\share\vm\prims\jni.cpp, line 709]
Event: 9.369 Thread 0x000000001c1cf000 Exception <a 'java/net/SocketTimeoutException': Read timed out> (0x00000000db6e7888) thrown at [C:\re\workspace\8-2-build-windows-amd64-cygwin\jdk8u111\7883\hotspot\src\share\vm\prims\jni.cpp, line 735]

Events (10 events):
Event: 2445.461 Thread 0x0000000017700000 DEOPT PACKING pc=0x000000000356fad8 sp=0x0000000018a8eed0
Event: 2445.461 Thread 0x0000000017700000 DEOPT UNPACKING pc=0x0000000002c8582a sp=0x0000000018a8ee18 mode 2
Event: 2445.461 loading class norsys/netica/NeticaError
Event: 2445.461 loading class norsys/netica/NeticaError done
Event: 2445.465 Executing VM operation: RevokeBias
Event: 2445.465 Executing VM operation: RevokeBias done
Event: 2445.465 Executing VM operation: RevokeBias
Event: 2445.465 Executing VM operation: RevokeBias done
Event: 2445.515 Executing VM operation: RevokeBias
Event: 2445.515 Executing VM operation: RevokeBias done


Dynamic libraries:
0x00007ff709740000 - 0x00007ff709777000 	C:\Program Files\Java\jdk1.8.0_111\bin\javaw.exe
0x00007ff90b8d0000 - 0x00007ff90baa1000 	C:\WINDOWS\SYSTEM32\ntdll.dll
0x00007ff90ac10000 - 0x00007ff90acbc000 	C:\WINDOWS\System32\KERNEL32.DLL
0x00007ff908040000 - 0x00007ff90825d000 	C:\WINDOWS\System32\KERNELBASE.dll
0x00007ff908ea0000 - 0x00007ff908f42000 	C:\WINDOWS\System32\ADVAPI32.dll
0x00007ff90ab70000 - 0x00007ff90ac0e000 	C:\WINDOWS\System32\msvcrt.dll
0x00007ff90a6a0000 - 0x00007ff90a6f9000 	C:\WINDOWS\System32\sechost.dll
0x00007ff90b180000 - 0x00007ff90b2a1000 	C:\WINDOWS\System32\RPCRT4.dll
0x00007ff90b760000 - 0x00007ff90b8c5000 	C:\WINDOWS\System32\USER32.dll
0x00007ff907fd0000 - 0x00007ff907fee000 	C:\WINDOWS\System32\win32u.dll
0x00007ff90a650000 - 0x00007ff90a684000 	C:\WINDOWS\System32\GDI32.dll
0x00007ff9089f0000 - 0x00007ff908b70000 	C:\WINDOWS\System32\gdi32full.dll
0x00007ff8f1d80000 - 0x00007ff8f1ffa000 	C:\WINDOWS\WinSxS\amd64_microsoft.windows.common-controls_6595b64144ccf1df_6.0.14393.953_none_42151e83c686086b\COMCTL32.dll
0x00007ff90aeb0000 - 0x00007ff90b178000 	C:\WINDOWS\System32\combase.dll
0x00007ff908b70000 - 0x00007ff908c65000 	C:\WINDOWS\System32\ucrtbase.dll
0x00007ff907e50000 - 0x00007ff907eba000 	C:\WINDOWS\System32\bcryptPrimitives.dll
0x00007ff90a620000 - 0x00007ff90a64e000 	C:\WINDOWS\System32\IMM32.DLL
0x0000000067610000 - 0x00000000676e2000 	C:\Program Files\Java\jdk1.8.0_111\jre\bin\msvcr100.dll
0x0000000065e20000 - 0x00000000666ba000 	C:\Program Files\Java\jdk1.8.0_111\jre\bin\server\jvm.dll
0x00007ff90ae80000 - 0x00007ff90ae88000 	C:\WINDOWS\System32\PSAPI.DLL
0x00007ff9056f0000 - 0x00007ff905713000 	C:\WINDOWS\SYSTEM32\WINMM.dll
0x00007ff8fc960000 - 0x00007ff8fc969000 	C:\WINDOWS\SYSTEM32\WSOCK32.dll
0x00007ff90aa90000 - 0x00007ff90aafa000 	C:\WINDOWS\System32\WS2_32.dll
0x00007ff8fc840000 - 0x00007ff8fc84a000 	C:\WINDOWS\SYSTEM32\VERSION.dll
0x00007ff905690000 - 0x00007ff9056bb000 	C:\WINDOWS\SYSTEM32\WINMMBASE.dll
0x00007ff907ff0000 - 0x00007ff908032000 	C:\WINDOWS\System32\cfgmgr32.dll
0x0000000065e10000 - 0x0000000065e1f000 	C:\Program Files\Java\jdk1.8.0_111\jre\bin\verify.dll
0x0000000065de0000 - 0x0000000065e09000 	C:\Program Files\Java\jdk1.8.0_111\jre\bin\java.dll
0x0000000065dc0000 - 0x0000000065dd6000 	C:\Program Files\Java\jdk1.8.0_111\jre\bin\zip.dll
0x00007ff908fb0000 - 0x00007ff90a4b8000 	C:\WINDOWS\System32\SHELL32.dll
0x00007ff908310000 - 0x00007ff9089ea000 	C:\WINDOWS\System32\windows.storage.dll
0x00007ff907d50000 - 0x00007ff907d9c000 	C:\WINDOWS\System32\powrprof.dll
0x00007ff908e40000 - 0x00007ff908e92000 	C:\WINDOWS\System32\shlwapi.dll
0x00007ff907da0000 - 0x00007ff907daf000 	C:\WINDOWS\System32\kernel.appcore.dll
0x00007ff908260000 - 0x00007ff908309000 	C:\WINDOWS\System32\shcore.dll
0x00007ff907d20000 - 0x00007ff907d34000 	C:\WINDOWS\System32\profapi.dll
0x0000000065db0000 - 0x0000000065dbd000 	C:\Program Files\Java\jdk1.8.0_111\jre\bin\management.dll
0x0000000065d90000 - 0x0000000065daa000 	C:\Program Files\Java\jdk1.8.0_111\jre\bin\net.dll
0x00007ff9075f0000 - 0x00007ff90764c000 	C:\WINDOWS\system32\mswsock.dll
0x00007ff8f89b0000 - 0x00007ff8f89c6000 	C:\WINDOWS\system32\napinsp.dll
0x00007ff8efcf0000 - 0x00007ff8efd0a000 	C:\WINDOWS\system32\pnrpnsp.dll
0x00007ff904c30000 - 0x00007ff904c48000 	C:\WINDOWS\system32\NLAapi.dll
0x00007ff9073b0000 - 0x00007ff907451000 	C:\WINDOWS\SYSTEM32\DNSAPI.dll
0x00007ff90a940000 - 0x00007ff90a948000 	C:\WINDOWS\System32\NSI.dll
0x00007ff907370000 - 0x00007ff9073a8000 	C:\WINDOWS\SYSTEM32\IPHLPAPI.DLL
0x00007ff8f89a0000 - 0x00007ff8f89ae000 	C:\WINDOWS\System32\winrnr.dll
0x00007ff8efcd0000 - 0x00007ff8efce5000 	C:\WINDOWS\System32\wshbth.dll
0x00007ff8fb550000 - 0x00007ff8fb55a000 	C:\Windows\System32\rasadhlp.dll
0x00007ff9035b0000 - 0x00007ff90361a000 	C:\WINDOWS\System32\fwpuclnt.dll
0x00007ff907c60000 - 0x00007ff907c8b000 	C:\WINDOWS\SYSTEM32\bcrypt.dll
0x0000000065d70000 - 0x0000000065d81000 	C:\Program Files\Java\jdk1.8.0_111\jre\bin\nio.dll
0x00007ff907790000 - 0x00007ff9077a7000 	C:\WINDOWS\SYSTEM32\CRYPTSP.dll
0x00007ff9071f0000 - 0x00007ff907223000 	C:\WINDOWS\system32\rsaenh.dll
0x00007ff907470000 - 0x00007ff90748f000 	C:\WINDOWS\SYSTEM32\USERENV.dll
0x00007ff907c50000 - 0x00007ff907c5b000 	C:\WINDOWS\SYSTEM32\CRYPTBASE.dll
0x00007ff904450000 - 0x00007ff904466000 	C:\WINDOWS\SYSTEM32\dhcpcsvc6.DLL
0x00007ff904630000 - 0x00007ff90464a000 	C:\WINDOWS\SYSTEM32\dhcpcsvc.DLL
0x0000000065d40000 - 0x0000000065d64000 	C:\Program Files\Java\jdk1.8.0_111\jre\bin\sunec.dll
0x00007ff9046d0000 - 0x00007ff9046ef000 	C:\NeticaJ_504\bin\NeticaJ.dll
0x0000000180000000 - 0x000000018029a000 	C:\NeticaJ_504\bin\Netica.dll
0x00007ff90a950000 - 0x00007ff90aa88000 	C:\WINDOWS\System32\ole32.dll
0x00007ff8dc5b0000 - 0x00007ff8dc65f000 	C:\WINDOWS\SYSTEM32\ODBC32.dll
0x00007ff907230000 - 0x00007ff90723a000 	C:\WINDOWS\SYSTEM32\DPAPI.dll
0x00007ff907980000 - 0x00007ff9079ac000 	C:\WINDOWS\SYSTEM32\SspiCli.dll
0x00007ff9037c0000 - 0x00007ff903952000 	C:\WINDOWS\SYSTEM32\dbghelp.dll

VM Arguments:
jvm_args: -Djava.library.path=C:\NeticaJ_504\bin -Dfile.encoding=UTF-8 
java_command: com.realsight.westworld.engine.Application
java_class_path (initial): D:\workspace\westworld\engine\target\classes;C:\Users\wubin\.m2\repository\org\json\json\20160810\json-20160810.jar;C:\Users\wubin\.m2\repository\org\springframework\boot\spring-boot-starter-web\1.5.2.RELEASE\spring-boot-starter-web-1.5.2.RELEASE.jar;C:\Users\wubin\.m2\repository\org\springframework\boot\spring-boot-starter\1.5.2.RELEASE\spring-boot-starter-1.5.2.RELEASE.jar;C:\Users\wubin\.m2\repository\org\springframework\boot\spring-boot\1.5.2.RELEASE\spring-boot-1.5.2.RELEASE.jar;C:\Users\wubin\.m2\repository\org\springframework\boot\spring-boot-autoconfigure\1.5.2.RELEASE\spring-boot-autoconfigure-1.5.2.RELEASE.jar;C:\Users\wubin\.m2\repository\org\springframework\boot\spring-boot-starter-logging\1.5.2.RELEASE\spring-boot-starter-logging-1.5.2.RELEASE.jar;C:\Users\wubin\.m2\repository\org\slf4j\jul-to-slf4j\1.7.24\jul-to-slf4j-1.7.24.jar;C:\Users\wubin\.m2\repository\org\slf4j\log4j-over-slf4j\1.7.24\log4j-over-slf4j-1.7.24.jar;C:\Users\wubin\.m2\repository\org\springframework\spring-core\4.3.7.RELEASE\spring-core-4.3.7.RELEASE.jar;C:\Users\wubin\.m2\repository\org\yaml\snakeyaml\1.17\snakeyaml-1.17.jar;C:\Users\wubin\.m2\repository\org\springframework\boot\spring-boot-starter-tomcat\1.5.2.RELEASE\spring-boot-starter-tomcat-1.5.2.RELEASE.jar;C:\Users\wubin\.m2\repository\org\apache\tomcat\embed\tomcat-embed-core\8.5.11\tomcat-embed-core-8.5.11.jar;C:\Users\wubin\.m2\repository\org\apache\tomcat\embed\tomcat-embed-el\8.5.11\tomcat-embed-el-8.5.11.jar;C:\Users\wubin\.m2\repository\org\apache\tomcat\embed\tomcat-embed-websocket\8.5.11\tomcat-embed-websocket-8.5.11.jar;C:\Users\wubin\.m2\repository\org\hibernate\hibernate-validator\5.3.4.Final\hibernate-validator-5.3.4.Final.jar;C:\Users\wubin\.m2\repository\javax\validation\validation-api\1.1.0.Final\validation-api-1.1.0.Final.jar;C:\Users\wubin\.m2\repository\org\jboss\logging\jboss-logging\3.3.0.Final\jboss-logging-3.3.0.Final.jar;C:\Users\wubin\.m2\repository\com\fasterxml\classmate
Launcher Type: SUN_STANDARD

Environment Variables:
JAVA_HOME=C:\Program Files\Java\jdk1.8.0_111
CLASSPATH=.;C:\Program Files\Java\jdk1.8.0_111\lib;C:\Program Files\Java\jdk1.8.0_111\lib\tools.jar
PATH=C:/NeticaJ_504/bin;%PATH%
USERNAME=wubin
OS=Windows_NT
PROCESSOR_IDENTIFIER=Intel64 Family 6 Model 58 Stepping 9, GenuineIntel



---------------  S Y S T E M  ---------------

OS: Windows 10.0 , 64 bit Build 14393 (10.0.14393.1198)

CPU:total 4 (2 cores per cpu, 2 threads per core) family 6 model 58 stepping 9, cmov, cx8, fxsr, mmx, sse, sse2, sse3, ssse3, sse4.1, sse4.2, popcnt, avx, aes, clmul, erms, ht, tsc, tscinvbit, tscinv

Memory: 4k page, physical 8223080k(3393616k free), swap 16611688k(8305296k free)

vm_info: Java HotSpot(TM) 64-Bit Server VM (25.111-b14) for windows-amd64 JRE (1.8.0_111-b14), built on Sep 22 2016 19:24:05 by "java_re" with MS VC++ 10.0 (VS2010)

time: Mon Jun 19 18:07:38 2017
elapsed time: 2445 seconds (0d 0h 40m 45s)

