#
# A fatal error has been detected by the Java Runtime Environment:
#
#  EXCEPTION_ACCESS_VIOLATION (0xc0000005) at pc=0x0000000180182d55, pid=1760, tid=0x0000000000002ab8
#
# JRE version: Java(TM) SE Runtime Environment (8.0_111-b14) (build 1.8.0_111-b14)
# Java VM: Java HotSpot(TM) 64-Bit Server VM (25.111-b14 mixed mode windows-amd64 compressed oops)
# Problematic frame:
# C  [Netica.dll+0x182d55]
#
# Failed to write core dump. Minidumps are not enabled by default on client versions of Windows
#
# If you would like to submit a bug report, please visit:
#   http://bugreport.java.com/bugreport/crash.jsp
# The crash happened outside the Java Virtual Machine in native code.
# See problematic frame for where to report the bug.
#

---------------  T H R E A D  ---------------

Current thread (0x00000000027ca000):  JavaThread "Finalizer" daemon [_thread_in_native, id=10936, stack(0x00000000184e0000,0x00000000185e0000)]

siginfo: ExceptionCode=0xc0000005, reading address 0x000000001b4ee890

Registers:
RAX=0x00007ffe620347b0, RBX=0x0000000000000000, RCX=0x000000001b4ee890, RDX=0x00000000185df400
RSP=0x00000000185df2d8, RBP=0x00000000185df300, RSI=0x00000000e46ba2f0, RDI=0x000000001177c000
R8 =0x000000001b4ee890, R9 =0x0000000000000000, R10=0x00000000027e7f48, R11=0x0000000051b6b580
R12=0x0000000000000000, R13=0x00000000200b94f0, R14=0x00000000185df428, R15=0x00000000027ca000
RIP=0x0000000180182d55, EFLAGS=0x0000000000010206

Top of Stack: (sp=0x00000000185df2d8)
0x00000000185df2d8:   00000001800b74ba 0000000017236350
0x00000000185df2e8:   00000000519fb0b6 00000000185df798
0x00000000185df2f8:   0000000016993428 000000000000000e
0x00000000185df308:   fffffffffffffffe 00000000200b94f0
0x00000000185df318:   00000000027ca000 00000000200b94f0
0x00000000185df328:   00000000027ca000 00000000185df3f0
0x00000000185df338:   00007ffe620347c2 000000001b4ee890
0x00000000185df348:   00000000027ca000 00000000200b94f0
0x00000000185df358:   00000000e46ba2f0 00000000200b94f0
0x00000000185df368:   00000000027e7f74 000000001177c000
0x00000000185df378:   00000000027e7cdd 00000000027ca000
0x00000000185df388:   00000000200b94f0 00000000e46ba2f0
0x00000000185df398:   00000000027ca000 00000000185df488
0x00000000185df3a8:   00000000027e7ca2 00000000185df3b0
0x00000000185df3b8:   00000000200b94f0 00000000185df428
0x00000000185df3c8:   00000000200c1388 0000000000000000 

Instructions: (pc=0x0000000180182d55)
0x0000000180182d35:   c9 f2 0f 59 49 30 eb 04 f3 0f 5a c9 0f 28 c1 c3
0x0000000180182d45:   48 8d 76 00 48 8d bf 00 00 00 00 48 85 c9 74 0d
0x0000000180182d55:   0f b7 01 25 ff 0f 00 00 83 f8 0f 74 03 33 c0 c3
0x0000000180182d65:   48 8b 51 08 48 85 d2 74 0d 0f b7 02 25 ff 0f 00 


Register to memory mapping:

RAX=0x00007ffe620347b0 is an unknown value
RBX=0x0000000000000000 is an unknown value
RCX=0x000000001b4ee890 is an unknown value
RDX=0x00000000185df400 is pointing into the stack for thread: 0x00000000027ca000
RSP=0x00000000185df2d8 is pointing into the stack for thread: 0x00000000027ca000
RBP=0x00000000185df300 is pointing into the stack for thread: 0x00000000027ca000
RSI=0x00000000e46ba2f0 is an oop
java.util.zip.ZipFile$ZipFileInflaterInputStream 
 - klass: 'java/util/zip/ZipFile$ZipFileInflaterInputStream'
RDI=0x000000001177c000 is an unknown value
R8 =0x000000001b4ee890 is an unknown value
R9 =0x0000000000000000 is an unknown value
R10=0x00000000027e7f48 is at code_begin+840 in an Interpreter codelet
method entry point (kind = native)  [0x00000000027e7c00, 0x00000000027e8560]  2400 bytes
R11=0x0000000051b6b580 is an unknown value
R12=0x0000000000000000 is an unknown value
R13={method} {0x00000000200b94f8} 'DeleteStream_ns' '(JJ)V' in 'norsys/netica/NETICA'
R14=0x00000000185df428 is pointing into the stack for thread: 0x00000000027ca000
R15=0x00000000027ca000 is a thread


Stack: [0x00000000184e0000,0x00000000185e0000],  sp=0x00000000185df2d8,  free space=1020k
Native frames: (J=compiled Java code, j=interpreted, Vv=VM code, C=native code)
C  [Netica.dll+0x182d55]

Java frames: (J=compiled Java code, j=interpreted, Vv=VM code)
j  norsys.netica.NETICA.DeleteStream_ns(JJ)V+0
j  norsys.netica.Streamer.finalize()V+50
J 3337 C2 java.lang.ref.Finalizer.access$100(Ljava/lang/ref/Finalizer;Lsun/misc/JavaLangAccess;)V (6 bytes) @ 0x00000000028e3c14 [0x00000000028e3a40+0x1d4]
j  java.lang.ref.Finalizer$FinalizerThread.run()V+45
v  ~StubRoutines::call_stub

---------------  P R O C E S S  ---------------

Java Threads: ( => current thread )
  0x000000001c010000 JavaThread "http-nio-8013-exec-10" daemon [_thread_blocked, id=8724, stack(0x0000000021e40000,0x0000000021f40000)]
  0x000000001c011800 JavaThread "http-nio-8013-exec-9" daemon [_thread_in_Java, id=12972, stack(0x0000000021d40000,0x0000000021e40000)]
  0x000000001c016800 JavaThread "http-nio-8013-exec-8" daemon [_thread_blocked, id=1148, stack(0x0000000021c40000,0x0000000021d40000)]
  0x000000001c016000 JavaThread "http-nio-8013-exec-7" daemon [_thread_blocked, id=11720, stack(0x0000000021b40000,0x0000000021c40000)]
  0x000000001c014800 JavaThread "http-nio-8013-exec-6" daemon [_thread_blocked, id=14212, stack(0x0000000021a40000,0x0000000021b40000)]
  0x000000001c013000 JavaThread "http-nio-8013-exec-5" daemon [_thread_blocked, id=10320, stack(0x0000000020880000,0x0000000020980000)]
  0x000000001c015000 JavaThread "http-nio-8013-exec-4" daemon [_thread_blocked, id=11068, stack(0x0000000020780000,0x0000000020880000)]
  0x000000001c00f000 JavaThread "http-nio-8013-exec-3" daemon [_thread_blocked, id=5592, stack(0x00000000205e0000,0x00000000206e0000)]
  0x000000001c012000 JavaThread "http-nio-8013-exec-2" daemon [_thread_blocked, id=8572, stack(0x00000000204e0000,0x00000000205e0000)]
  0x000000001c00e000 JavaThread "DestroyJavaVM" [_thread_blocked, id=1080, stack(0x00000000025d0000,0x00000000026d0000)]
  0x000000001c013800 JavaThread "http-nio-8013-exec-1" daemon [_thread_blocked, id=1136, stack(0x000000001ff70000,0x0000000020070000)]
  0x000000001a6cb800 JavaThread "http-nio-8013-AsyncTimeout" daemon [_thread_blocked, id=636, stack(0x000000001fe70000,0x000000001ff70000)]
  0x000000001a6ca000 JavaThread "http-nio-8013-Acceptor-0" daemon [_thread_in_native, id=8604, stack(0x000000001fd70000,0x000000001fe70000)]
  0x000000001a6c8800 JavaThread "http-nio-8013-ClientPoller-1" daemon [_thread_in_native, id=7796, stack(0x000000001fc70000,0x000000001fd70000)]
  0x000000001a6cb000 JavaThread "http-nio-8013-ClientPoller-0" daemon [_thread_in_native, id=11140, stack(0x000000001fb70000,0x000000001fc70000)]
  0x000000001a6c8000 JavaThread "NioBlockingSelector.BlockPoller-1" daemon [_thread_in_native, id=12656, stack(0x000000001fa70000,0x000000001fb70000)]
  0x000000001d340800 JavaThread "container-0" [_thread_blocked, id=13968, stack(0x000000001e4e0000,0x000000001e5e0000)]
  0x000000001b85b800 JavaThread "ContainerBackgroundProcessor[StandardEngine[Tomcat]]" daemon [_thread_blocked, id=8796, stack(0x000000001e3e0000,0x000000001e4e0000)]
  0x00000000186de000 JavaThread "Service Thread" daemon [_thread_blocked, id=4840, stack(0x0000000018f40000,0x0000000019040000)]
  0x000000001729e000 JavaThread "C1 CompilerThread2" daemon [_thread_blocked, id=1980, stack(0x0000000018e40000,0x0000000018f40000)]
  0x000000001729b000 JavaThread "C2 CompilerThread1" daemon [_thread_blocked, id=4900, stack(0x0000000018d40000,0x0000000018e40000)]
  0x0000000017299000 JavaThread "C2 CompilerThread0" daemon [_thread_in_native, id=2420, stack(0x0000000018c40000,0x0000000018d40000)]
  0x0000000017298800 JavaThread "Attach Listener" daemon [_thread_blocked, id=3168, stack(0x0000000018b40000,0x0000000018c40000)]
  0x0000000017284000 JavaThread "Signal Dispatcher" daemon [_thread_blocked, id=832, stack(0x0000000018a40000,0x0000000018b40000)]
=>0x00000000027ca000 JavaThread "Finalizer" daemon [_thread_in_native, id=10936, stack(0x00000000184e0000,0x00000000185e0000)]
  0x00000000027c6000 JavaThread "Reference Handler" daemon [_thread_blocked, id=9948, stack(0x00000000183e0000,0x00000000184e0000)]

Other Threads:
  0x0000000017237800 VMThread [stack: 0x00000000182e0000,0x00000000183e0000] [id=3608]
  0x0000000018764800 WatcherThread [stack: 0x0000000019040000,0x0000000019140000] [id=1132]

VM state:not at safepoint (normal execution)

VM Mutex/Monitor currently owned by a thread: None

Heap:
 PSYoungGen      total 205824K, used 60669K [0x00000000d6300000, 0x00000000e4900000, 0x0000000100000000)
  eden space 200192K, 27% used [0x00000000d6300000,0x00000000d992ae70,0x00000000e2680000)
  from space 5632K, 92% used [0x00000000e4380000,0x00000000e4894800,0x00000000e4900000)
  to   space 14848K, 0% used [0x00000000e2c00000,0x00000000e2c00000,0x00000000e3a80000)
 ParOldGen       total 96768K, used 22855K [0x0000000082800000, 0x0000000088680000, 0x00000000d6300000)
  object space 96768K, 23% used [0x0000000082800000,0x0000000083e51cb0,0x0000000088680000)
 Metaspace       used 38655K, capacity 39072K, committed 39424K, reserved 1083392K
  class space    used 4662K, capacity 4800K, committed 4864K, reserved 1048576K

Card table byte_map: [0x0000000011b90000,0x0000000011f80000] byte_map_base: 0x000000001177c000

Marking Bits: (ParMarkBitMap*) 0x000000005215a6c0
 Begin Bits: [0x0000000012620000, 0x0000000014580000)
 End Bits:   [0x0000000014580000, 0x00000000164e0000)

Polling page: 0x00000000020e0000

CodeCache: size=245760Kb used=14572Kb max_used=14575Kb free=231187Kb
 bounds [0x00000000027d0000, 0x0000000003630000, 0x00000000117d0000]
 total_blobs=4352 nmethods=3625 adapters=639
 compilation: enabled

Compilation events (10 events):
Event: 365.379 Thread 0x000000001729e000 nmethod 4205% 0x0000000003611010 code [0x0000000003611400, 0x0000000003613a28]
Event: 365.380 Thread 0x000000001729e000 4206       3       com.realsight.westworld.tsp.lib.model.htm.PredictHierarchy::unique (344 bytes)
Event: 365.383 Thread 0x000000001729e000 nmethod 4206 0x0000000003615250 code [0x00000000036156c0, 0x00000000036182b8]
Event: 365.422 Thread 0x0000000017299000 4207       4       Jama.Matrix::plusEquals (64 bytes)
Event: 365.424 Thread 0x0000000017299000 nmethod 4207 0x0000000003608090 code [0x00000000036081e0, 0x0000000003608358]
Event: 365.431 Thread 0x000000001729b000 4208 %     4       com.realsight.westworld.tsp.lib.model.htm.PredictHierarchy::unique @ 177 (344 bytes)
Event: 365.450 Thread 0x000000001729b000 nmethod 4208% 0x000000000361a110 code [0x000000000361a300, 0x000000000361b548]
Event: 365.515 Thread 0x000000001729e000 4209 %     3       com.realsight.westworld.tsp.lib.model.htm.PredictHierarchy::unique @ 177 (344 bytes)
Event: 365.516 Thread 0x000000001729e000 nmethod 4209% 0x000000000361c450 code [0x000000000361c840, 0x000000000361ee28]
Event: 365.575 Thread 0x0000000017299000 4210 %     4       com.realsight.westworld.tsp.lib.model.htm.PredictHierarchy::unique @ 177 (344 bytes)

GC Heap History (10 events):
Event: 4.819 GC heap before
{Heap before GC invocations=8 (full 1):
 PSYoungGen      total 110080K, used 110067K [0x00000000d6300000, 0x00000000df300000, 0x0000000100000000)
  eden space 105472K, 100% used [0x00000000d6300000,0x00000000dca00000,0x00000000dca00000)
  from space 4608K, 99% used [0x00000000dee80000,0x00000000df2fcdf8,0x00000000df300000)
  to   space 11776K, 0% used [0x00000000ddc00000,0x00000000ddc00000,0x00000000de780000)
 ParOldGen       total 60416K, used 9926K [0x0000000082800000, 0x0000000086300000, 0x00000000d6300000)
  object space 60416K, 16% used [0x0000000082800000,0x00000000831b1b18,0x0000000086300000)
 Metaspace       used 28182K, capacity 28516K, committed 28672K, reserved 1075200K
  class space    used 3416K, capacity 3513K, committed 3584K, reserved 1048576K
Event: 4.831 GC heap after
Heap after GC invocations=8 (full 1):
 PSYoungGen      total 135680K, used 8555K [0x00000000d6300000, 0x00000000e1a00000, 0x0000000100000000)
  eden space 123904K, 0% used [0x00000000d6300000,0x00000000d6300000,0x00000000ddc00000)
  from space 11776K, 72% used [0x00000000ddc00000,0x00000000de45aea0,0x00000000de780000)
  to   space 11776K, 0% used [0x00000000e0e80000,0x00000000e0e80000,0x00000000e1a00000)
 ParOldGen       total 60416K, used 9934K [0x0000000082800000, 0x0000000086300000, 0x00000000d6300000)
  object space 60416K, 16% used [0x0000000082800000,0x00000000831b3b18,0x0000000086300000)
 Metaspace       used 28182K, capacity 28516K, committed 28672K, reserved 1075200K
  class space    used 3416K, capacity 3513K, committed 3584K, reserved 1048576K
}
Event: 6.159 GC heap before
{Heap before GC invocations=9 (full 1):
 PSYoungGen      total 135680K, used 132459K [0x00000000d6300000, 0x00000000e1a00000, 0x0000000100000000)
  eden space 123904K, 100% used [0x00000000d6300000,0x00000000ddc00000,0x00000000ddc00000)
  from space 11776K, 72% used [0x00000000ddc00000,0x00000000de45aea0,0x00000000de780000)
  to   space 11776K, 0% used [0x00000000e0e80000,0x00000000e0e80000,0x00000000e1a00000)
 ParOldGen       total 60416K, used 9934K [0x0000000082800000, 0x0000000086300000, 0x00000000d6300000)
  object space 60416K, 16% used [0x0000000082800000,0x00000000831b3b18,0x0000000086300000)
 Metaspace       used 31574K, capacity 31966K, committed 32384K, reserved 1077248K
  class space    used 3787K, capacity 3889K, committed 3968K, reserved 1048576K
Event: 6.175 GC heap after
Heap after GC invocations=9 (full 1):
 PSYoungGen      total 174080K, used 11753K [0x00000000d6300000, 0x00000000e3380000, 0x0000000100000000)
  eden space 162304K, 0% used [0x00000000d6300000,0x00000000d6300000,0x00000000e0180000)
  from space 11776K, 99% used [0x00000000e0e80000,0x00000000e19fa460,0x00000000e1a00000)
  to   space 13312K, 0% used [0x00000000e0180000,0x00000000e0180000,0x00000000e0e80000)
 ParOldGen       total 60416K, used 10353K [0x0000000082800000, 0x0000000086300000, 0x00000000d6300000)
  object space 60416K, 17% used [0x0000000082800000,0x000000008321c5b0,0x0000000086300000)
 Metaspace       used 31574K, capacity 31966K, committed 32384K, reserved 1077248K
  class space    used 3787K, capacity 3889K, committed 3968K, reserved 1048576K
}
Event: 7.120 GC heap before
{Heap before GC invocations=10 (full 1):
 PSYoungGen      total 174080K, used 86228K [0x00000000d6300000, 0x00000000e3380000, 0x0000000100000000)
  eden space 162304K, 45% used [0x00000000d6300000,0x00000000dabbae00,0x00000000e0180000)
  from space 11776K, 99% used [0x00000000e0e80000,0x00000000e19fa460,0x00000000e1a00000)
  to   space 13312K, 0% used [0x00000000e0180000,0x00000000e0180000,0x00000000e0e80000)
 ParOldGen       total 60416K, used 10353K [0x0000000082800000, 0x0000000086300000, 0x00000000d6300000)
  object space 60416K, 17% used [0x0000000082800000,0x000000008321c5b0,0x0000000086300000)
 Metaspace       used 34879K, capacity 35242K, committed 35496K, reserved 1081344K
  class space    used 4198K, capacity 4315K, committed 4352K, reserved 1048576K
Event: 7.158 GC heap after
Heap after GC invocations=10 (full 1):
 PSYoungGen      total 175616K, used 12729K [0x00000000d6300000, 0x00000000e5200000, 0x0000000100000000)
  eden space 162304K, 0% used [0x00000000d6300000,0x00000000d6300000,0x00000000e0180000)
  from space 13312K, 95% used [0x00000000e0180000,0x00000000e0dee620,0x00000000e0e80000)
  to   space 14848K, 0% used [0x00000000e4380000,0x00000000e4380000,0x00000000e5200000)
 ParOldGen       total 60416K, used 12001K [0x0000000082800000, 0x0000000086300000, 0x00000000d6300000)
  object space 60416K, 19% used [0x0000000082800000,0x00000000833b85b0,0x0000000086300000)
 Metaspace       used 34879K, capacity 35242K, committed 35496K, reserved 1081344K
  class space    used 4198K, capacity 4315K, committed 4352K, reserved 1048576K
}
Event: 7.158 GC heap before
{Heap before GC invocations=11 (full 2):
 PSYoungGen      total 175616K, used 12729K [0x00000000d6300000, 0x00000000e5200000, 0x0000000100000000)
  eden space 162304K, 0% used [0x00000000d6300000,0x00000000d6300000,0x00000000e0180000)
  from space 13312K, 95% used [0x00000000e0180000,0x00000000e0dee620,0x00000000e0e80000)
  to   space 14848K, 0% used [0x00000000e4380000,0x00000000e4380000,0x00000000e5200000)
 ParOldGen       total 60416K, used 12001K [0x0000000082800000, 0x0000000086300000, 0x00000000d6300000)
  object space 60416K, 19% used [0x0000000082800000,0x00000000833b85b0,0x0000000086300000)
 Metaspace       used 34879K, capacity 35242K, committed 35496K, reserved 1081344K
  class space    used 4198K, capacity 4315K, committed 4352K, reserved 1048576K
Event: 7.373 GC heap after
Heap after GC invocations=11 (full 2):
 PSYoungGen      total 175616K, used 0K [0x00000000d6300000, 0x00000000e5200000, 0x0000000100000000)
  eden space 162304K, 0% used [0x00000000d6300000,0x00000000d6300000,0x00000000e0180000)
  from space 13312K, 0% used [0x00000000e0180000,0x00000000e0180000,0x00000000e0e80000)
  to   space 14848K, 0% used [0x00000000e4380000,0x00000000e4380000,0x00000000e5200000)
 ParOldGen       total 96768K, used 22847K [0x0000000082800000, 0x0000000088680000, 0x00000000d6300000)
  object space 96768K, 23% used [0x0000000082800000,0x0000000083e4fcb0,0x0000000088680000)
 Metaspace       used 34879K, capacity 35242K, committed 35496K, reserved 1081344K
  class space    used 4198K, capacity 4315K, committed 4352K, reserved 1048576K
}
Event: 365.499 GC heap before
{Heap before GC invocations=12 (full 2):
 PSYoungGen      total 175616K, used 162304K [0x00000000d6300000, 0x00000000e5200000, 0x0000000100000000)
  eden space 162304K, 100% used [0x00000000d6300000,0x00000000e0180000,0x00000000e0180000)
  from space 13312K, 0% used [0x00000000e0180000,0x00000000e0180000,0x00000000e0e80000)
  to   space 14848K, 0% used [0x00000000e4380000,0x00000000e4380000,0x00000000e5200000)
 ParOldGen       total 96768K, used 22847K [0x0000000082800000, 0x0000000088680000, 0x00000000d6300000)
  object space 96768K, 23% used [0x0000000082800000,0x0000000083e4fcb0,0x0000000088680000)
 Metaspace       used 38647K, capacity 39072K, committed 39424K, reserved 1083392K
  class space    used 4661K, capacity 4800K, committed 4864K, reserved 1048576K
Event: 365.506 GC heap after
Heap after GC invocations=12 (full 2):
 PSYoungGen      total 205824K, used 5202K [0x00000000d6300000, 0x00000000e4900000, 0x0000000100000000)
  eden space 200192K, 0% used [0x00000000d6300000,0x00000000d6300000,0x00000000e2680000)
  from space 5632K, 92% used [0x00000000e4380000,0x00000000e4894800,0x00000000e4900000)
  to   space 14848K, 0% used [0x00000000e2c00000,0x00000000e2c00000,0x00000000e3a80000)
 ParOldGen       total 96768K, used 22855K [0x0000000082800000, 0x0000000088680000, 0x00000000d6300000)
  object space 96768K, 23% used [0x0000000082800000,0x0000000083e51cb0,0x0000000088680000)
 Metaspace       used 38647K, capacity 39072K, committed 39424K, reserved 1083392K
  class space    used 4661K, capacity 4800K, committed 4864K, reserved 1048576K
}

Deoptimization events (10 events):
Event: 8.757 Thread 0x000000001c012000 Uncommon trap: reason=bimorphic action=maybe_recompile pc=0x0000000003346f48 method=java.util.concurrent.ConcurrentHashMap.putVal(Ljava/lang/Object;Ljava/lang/Object;Z)Ljava/lang/Object; @ 192
Event: 12.511 Thread 0x000000001c00f000 Uncommon trap: reason=class_check action=maybe_recompile pc=0x0000000002da7714 method=java.util.regex.Pattern$7.isSatisfiedBy(I)Z @ 16
Event: 12.511 Thread 0x000000001c00f000 Uncommon trap: reason=class_check action=maybe_recompile pc=0x0000000002da7714 method=java.util.regex.Pattern$7.isSatisfiedBy(I)Z @ 16
Event: 12.511 Thread 0x000000001c00f000 Uncommon trap: reason=class_check action=maybe_recompile pc=0x0000000002da7724 method=java.util.regex.Pattern$CharProperty$1.isSatisfiedBy(I)Z @ 5
Event: 12.511 Thread 0x000000001c00f000 Uncommon trap: reason=class_check action=maybe_recompile pc=0x0000000002da7714 method=java.util.regex.Pattern$7.isSatisfiedBy(I)Z @ 16
Event: 12.511 Thread 0x000000001c00f000 Uncommon trap: reason=class_check action=maybe_recompile pc=0x0000000002da7714 method=java.util.regex.Pattern$7.isSatisfiedBy(I)Z @ 16
Event: 12.511 Thread 0x000000001c00f000 Uncommon trap: reason=null_check action=make_not_entrant pc=0x0000000003510024 method=org.springframework.core.annotation.AnnotatedElementUtils.searchWithFindSemantics(Ljava/lang/reflect/AnnotatedElement;Ljava/lang/Class;Ljava/lang/String;Ljava/lang/Class
Event: 20.691 Thread 0x000000001c012000 Uncommon trap: reason=unstable_if action=reinterpret pc=0x00000000030b8784 method=com.opencsv.CSVParser.parseLine(Ljava/lang/String;Z)[Ljava/lang/String; @ 180
Event: 23.254 Thread 0x000000001c00f000 Uncommon trap: reason=unstable_if action=reinterpret pc=0x000000000333b000 method=java.nio.Buffer.limit(I)Ljava/nio/Buffer; @ 33
Event: 365.513 Thread 0x000000001c011800 Uncommon trap: reason=unstable_if action=reinterpret pc=0x000000000361b16c method=com.realsight.westworld.tsp.lib.model.htm.PredictHierarchy.unique(Ljava/util/List;I)Ljava/util/List; @ 163

Internal exceptions (10 events):
Event: 7.598 Thread 0x000000001c013800 Exception <a 'java/lang/ClassNotFoundException': java/lang/ObjectCustomizer> (0x00000000d73328f0) thrown at [C:\re\workspace\8-2-build-windows-amd64-cygwin\jdk8u111\7883\hotspot\src\share\vm\classfile\systemDictionary.cpp, line 210]
Event: 7.599 Thread 0x000000001c013800 Exception <a 'java/lang/ClassNotFoundException': org/springframework/context/support/ApplicationObjectSupportCustomizer> (0x00000000d73639b8) thrown at [C:\re\workspace\8-2-build-windows-amd64-cygwin\jdk8u111\7883\hotspot\src\share\vm\classfile\systemDict
Event: 7.601 Thread 0x000000001c013800 Exception <a 'java/lang/ClassNotFoundException': org/springframework/web/context/support/WebApplicationObjectSupportCustomizer> (0x00000000d73995e0) thrown at [C:\re\workspace\8-2-build-windows-amd64-cygwin\jdk8u111\7883\hotspot\src\share\vm\classfile\sys
Event: 7.603 Thread 0x000000001c013800 Exception <a 'java/lang/ClassNotFoundException': org/thymeleaf/spring4/view/AbstractThymeleafViewCustomizer> (0x00000000d73c32c0) thrown at [C:\re\workspace\8-2-build-windows-amd64-cygwin\jdk8u111\7883\hotspot\src\share\vm\classfile\systemDictionary.cpp, 
Event: 7.606 Thread 0x000000001c013800 Exception <a 'java/lang/ClassNotFoundException': org/thymeleaf/spring4/view/ThymeleafViewCustomizer> (0x00000000d73f7338) thrown at [C:\re\workspace\8-2-build-windows-amd64-cygwin\jdk8u111\7883\hotspot\src\share\vm\classfile\systemDictionary.cpp, line 210
Event: 7.610 Thread 0x000000001c013800 Exception <a 'java/lang/ClassNotFoundException': org/springframework/web/servlet/ViewCustomizer> (0x00000000d7426d50) thrown at [C:\re\workspace\8-2-build-windows-amd64-cygwin\jdk8u111\7883\hotspot\src\share\vm\classfile\systemDictionary.cpp, line 210]
Event: 7.611 Thread 0x000000001c013800 Exception <a 'java/lang/ClassNotFoundException': org/springframework/beans/factory/BeanNameAwareCustomizer> (0x00000000d7451268) thrown at [C:\re\workspace\8-2-build-windows-amd64-cygwin\jdk8u111\7883\hotspot\src\share\vm\classfile\systemDictionary.cpp, l
Event: 7.612 Thread 0x000000001c013800 Exception <a 'java/lang/ClassNotFoundException': org/springframework/web/context/ServletContextAwareCustomizer> (0x00000000d747bc28) thrown at [C:\re\workspace\8-2-build-windows-amd64-cygwin\jdk8u111\7883\hotspot\src\share\vm\classfile\systemDictionary.cp
Event: 7.613 Thread 0x000000001c013800 Exception <a 'java/lang/ClassNotFoundException': org/springframework/context/ApplicationContextAwareCustomizer> (0x00000000d74a6620) thrown at [C:\re\workspace\8-2-build-windows-amd64-cygwin\jdk8u111\7883\hotspot\src\share\vm\classfile\systemDictionary.cp
Event: 12.511 Thread 0x000000001c00f000 Implicit null exception at 0x00000000035064bc to 0x0000000003510001

Events (10 events):
Event: 365.508 Executing VM operation: RevokeBias
Event: 365.508 Executing VM operation: RevokeBias done
Event: 365.508 Executing VM operation: RevokeBias
Event: 365.508 Executing VM operation: RevokeBias done
Event: 365.513 Thread 0x000000001c011800 Uncommon trap: trap_request=0xffffff65 fr.pc=0x000000000361b16c
Event: 365.513 Thread 0x000000001c011800 DEOPT PACKING pc=0x000000000361b16c sp=0x0000000021e3cc30
Event: 365.513 Thread 0x000000001c011800 DEOPT UNPACKING pc=0x000000000281582a sp=0x0000000021e3cc08 mode 2
Event: 365.516 Thread 0x000000001729e000 flushing nmethod 0x00000000028dee50
Event: 365.516 Thread 0x000000001729e000 flushing nmethod 0x00000000028f35d0
Event: 365.516 Thread 0x000000001729e000 flushing nmethod 0x00000000028f4490


Dynamic libraries:
0x00007ff7690d0000 - 0x00007ff769107000 	C:\Program Files\Java\jdk1.8.0_111\bin\javaw.exe
0x00007ffe70050000 - 0x00007ffe70221000 	C:\WINDOWS\SYSTEM32\ntdll.dll
0x00007ffe6d8f0000 - 0x00007ffe6d99c000 	C:\WINDOWS\System32\KERNEL32.DLL
0x00007ffe6cfb0000 - 0x00007ffe6d1cd000 	C:\WINDOWS\System32\KERNELBASE.dll
0x00007ffe6da80000 - 0x00007ffe6db22000 	C:\WINDOWS\System32\ADVAPI32.dll
0x00007ffe6ffb0000 - 0x00007ffe7004e000 	C:\WINDOWS\System32\msvcrt.dll
0x00007ffe6d780000 - 0x00007ffe6d7d9000 	C:\WINDOWS\System32\sechost.dll
0x00007ffe6d620000 - 0x00007ffe6d741000 	C:\WINDOWS\System32\RPCRT4.dll
0x00007ffe6e7c0000 - 0x00007ffe6e925000 	C:\WINDOWS\System32\USER32.dll
0x00007ffe6d330000 - 0x00007ffe6d34e000 	C:\WINDOWS\System32\win32u.dll
0x00007ffe6ff70000 - 0x00007ffe6ffa4000 	C:\WINDOWS\System32\GDI32.dll
0x00007ffe6cc00000 - 0x00007ffe6cd82000 	C:\WINDOWS\System32\gdi32full.dll
0x00007ffe5d760000 - 0x00007ffe5d9da000 	C:\WINDOWS\WinSxS\amd64_microsoft.windows.common-controls_6595b64144ccf1df_6.0.14393.953_none_42151e83c686086b\COMCTL32.dll
0x00007ffe6e3b0000 - 0x00007ffe6e678000 	C:\WINDOWS\System32\combase.dll
0x00007ffe6d1d0000 - 0x00007ffe6d2c5000 	C:\WINDOWS\System32\ucrtbase.dll
0x00007ffe6cf40000 - 0x00007ffe6cfaa000 	C:\WINDOWS\System32\bcryptPrimitives.dll
0x00007ffe6d750000 - 0x00007ffe6d77e000 	C:\WINDOWS\System32\IMM32.DLL
0x0000000053210000 - 0x00000000532e2000 	C:\Program Files\Java\jdk1.8.0_111\jre\bin\msvcr100.dll
0x0000000051940000 - 0x00000000521da000 	C:\Program Files\Java\jdk1.8.0_111\jre\bin\server\jvm.dll
0x00007ffe6da70000 - 0x00007ffe6da78000 	C:\WINDOWS\System32\PSAPI.DLL
0x00007ffe60f10000 - 0x00007ffe60f19000 	C:\WINDOWS\SYSTEM32\WSOCK32.dll
0x00007ffe69e10000 - 0x00007ffe69e33000 	C:\WINDOWS\SYSTEM32\WINMM.dll
0x00007ffe5f1e0000 - 0x00007ffe5f1ea000 	C:\WINDOWS\SYSTEM32\VERSION.dll
0x00007ffe6db30000 - 0x00007ffe6db9a000 	C:\WINDOWS\System32\WS2_32.dll
0x00007ffe69db0000 - 0x00007ffe69ddb000 	C:\WINDOWS\SYSTEM32\WINMMBASE.dll
0x00007ffe6cd90000 - 0x00007ffe6cdd2000 	C:\WINDOWS\System32\cfgmgr32.dll
0x0000000053200000 - 0x000000005320f000 	C:\Program Files\Java\jdk1.8.0_111\jre\bin\verify.dll
0x00000000531d0000 - 0x00000000531f9000 	C:\Program Files\Java\jdk1.8.0_111\jre\bin\java.dll
0x00000000531b0000 - 0x00000000531c6000 	C:\Program Files\Java\jdk1.8.0_111\jre\bin\zip.dll
0x00007ffe6ea60000 - 0x00007ffe6ff68000 	C:\WINDOWS\System32\SHELL32.dll
0x00007ffe6c520000 - 0x00007ffe6cbfa000 	C:\WINDOWS\System32\windows.storage.dll
0x00007ffe6c4b0000 - 0x00007ffe6c4fc000 	C:\WINDOWS\System32\powrprof.dll
0x00007ffe6d890000 - 0x00007ffe6d8e2000 	C:\WINDOWS\System32\shlwapi.dll
0x00007ffe6c510000 - 0x00007ffe6c51f000 	C:\WINDOWS\System32\kernel.appcore.dll
0x00007ffe6ce90000 - 0x00007ffe6cf39000 	C:\WINDOWS\System32\shcore.dll
0x00007ffe6c490000 - 0x00007ffe6c4a4000 	C:\WINDOWS\System32\profapi.dll
0x00000000531a0000 - 0x00000000531ad000 	C:\Program Files\Java\jdk1.8.0_111\jre\bin\management.dll
0x0000000053180000 - 0x000000005319a000 	C:\Program Files\Java\jdk1.8.0_111\jre\bin\net.dll
0x00007ffe6bd60000 - 0x00007ffe6bdbc000 	C:\WINDOWS\system32\mswsock.dll
0x00007ffe5bdf0000 - 0x00007ffe5be06000 	C:\WINDOWS\system32\napinsp.dll
0x00007ffe5a110000 - 0x00007ffe5a12a000 	C:\WINDOWS\system32\pnrpnsp.dll
0x00007ffe6a360000 - 0x00007ffe6a378000 	C:\WINDOWS\system32\NLAapi.dll
0x00007ffe6bb20000 - 0x00007ffe6bbc1000 	C:\WINDOWS\SYSTEM32\DNSAPI.dll
0x00007ffe6d880000 - 0x00007ffe6d888000 	C:\WINDOWS\System32\NSI.dll
0x00007ffe6bae0000 - 0x00007ffe6bb18000 	C:\WINDOWS\SYSTEM32\IPHLPAPI.DLL
0x00007ffe5c030000 - 0x00007ffe5c03e000 	C:\WINDOWS\System32\winrnr.dll
0x00007ffe59830000 - 0x00007ffe59845000 	C:\WINDOWS\System32\wshbth.dll
0x00007ffe5ef20000 - 0x00007ffe5ef2a000 	C:\Windows\System32\rasadhlp.dll
0x00007ffe65ee0000 - 0x00007ffe65f4a000 	C:\WINDOWS\System32\fwpuclnt.dll
0x00007ffe6c3d0000 - 0x00007ffe6c3fb000 	C:\WINDOWS\SYSTEM32\bcrypt.dll
0x0000000053160000 - 0x0000000053171000 	C:\Program Files\Java\jdk1.8.0_111\jre\bin\nio.dll
0x00007ffe6bf00000 - 0x00007ffe6bf17000 	C:\WINDOWS\SYSTEM32\CRYPTSP.dll
0x00007ffe6b960000 - 0x00007ffe6b993000 	C:\WINDOWS\system32\rsaenh.dll
0x00007ffe6bbe0000 - 0x00007ffe6bbff000 	C:\WINDOWS\SYSTEM32\USERENV.dll
0x00007ffe6c150000 - 0x00007ffe6c15b000 	C:\WINDOWS\SYSTEM32\CRYPTBASE.dll
0x00007ffe667d0000 - 0x00007ffe667e6000 	C:\WINDOWS\SYSTEM32\dhcpcsvc6.DLL
0x00007ffe66810000 - 0x00007ffe6682a000 	C:\WINDOWS\SYSTEM32\dhcpcsvc.DLL
0x0000000053130000 - 0x0000000053154000 	C:\Program Files\Java\jdk1.8.0_111\jre\bin\sunec.dll
0x00007ffe62030000 - 0x00007ffe6204f000 	C:\NeticaJ_504\bin\NeticaJ.dll
0x0000000180000000 - 0x000000018029a000 	C:\NeticaJ_504\bin\Netica.dll
0x00007ffe6e680000 - 0x00007ffe6e7b8000 	C:\WINDOWS\System32\ole32.dll
0x00007ffe62050000 - 0x00007ffe620ff000 	C:\WINDOWS\SYSTEM32\ODBC32.dll
0x00007ffe6b9a0000 - 0x00007ffe6b9aa000 	C:\WINDOWS\SYSTEM32\DPAPI.dll
0x00007ffe6c160000 - 0x00007ffe6c18c000 	C:\WINDOWS\SYSTEM32\SspiCli.dll
0x00007ffe5d230000 - 0x00007ffe5d3c2000 	C:\WINDOWS\SYSTEM32\dbghelp.dll

VM Arguments:
jvm_args: -Djava.library.path=C:\NeticaJ_504\bin -Dfile.encoding=UTF-8 
java_command: com.realsight.westworld.engine.Application
java_class_path (initial): D:\workspace\westworld\engine\target\classes;E:\Download\solr-6.5.1\solr-6.5.1\dist\solrj-lib\commons-io-2.5.jar;E:\Download\solr-6.5.1\solr-6.5.1\dist\solrj-lib\httpclient-4.4.1.jar;E:\Download\solr-6.5.1\solr-6.5.1\dist\solrj-lib\httpcore-4.4.1.jar;E:\Download\solr-6.5.1\solr-6.5.1\dist\solrj-lib\httpmime-4.4.1.jar;E:\Download\solr-6.5.1\solr-6.5.1\dist\solrj-lib\jcl-over-slf4j-1.7.7.jar;E:\Download\solr-6.5.1\solr-6.5.1\dist\solrj-lib\noggit-0.6.jar;E:\Download\solr-6.5.1\solr-6.5.1\dist\solrj-lib\slf4j-api-1.7.7.jar;E:\Download\solr-6.5.1\solr-6.5.1\dist\solrj-lib\stax2-api-3.1.4.jar;E:\Download\solr-6.5.1\solr-6.5.1\dist\solrj-lib\woodstox-core-asl-4.4.1.jar;E:\Download\solr-6.5.1\solr-6.5.1\dist\solrj-lib\zookeeper-3.4.6.jar;E:\Download\solr-6.5.1\solr-6.5.1\dist\solr-analysis-extras-6.5.1.jar;E:\Download\solr-6.5.1\solr-6.5.1\dist\solr-analytics-6.5.1.jar;E:\Download\solr-6.5.1\solr-6.5.1\dist\solr-cell-6.5.1.jar;E:\Download\solr-6.5.1\solr-6.5.1\dist\solr-clustering-6.5.1.jar;E:\Download\solr-6.5.1\solr-6.5.1\dist\solr-core-6.5.1.jar;E:\Download\solr-6.5.1\solr-6.5.1\dist\solr-dataimporthandler-6.5.1.jar;E:\Download\solr-6.5.1\solr-6.5.1\dist\solr-dataimporthandler-extras-6.5.1.jar;E:\Download\solr-6.5.1\solr-6.5.1\dist\solr-langid-6.5.1.jar;E:\Download\solr-6.5.1\solr-6.5.1\dist\solr-ltr-6.5.1.jar;E:\Download\solr-6.5.1\solr-6.5.1\dist\solr-map-reduce-6.5.1.jar;E:\Download\solr-6.5.1\solr-6.5.1\dist\solr-morphlines-cell-6.5.1.jar;E:\Download\solr-6.5.1\solr-6.5.1\dist\solr-morphlines-core-6.5.1.jar;E:\Download\solr-6.5.1\solr-6.5.1\dist\solr-solrj-6.5.1.jar;E:\Download\solr-6.5.1\solr-6.5.1\dist\solr-test-framework-6.5.1.jar;E:\Download\solr-6.5.1\solr-6.5.1\dist\solr-uima-6.5.1.jar;E:\Download\solr-6.5.1\solr-6.5.1\dist\solr-velocity-6.5.1.jar;C:\Users\wubin\.m2\repository\org\json\json\20160810\json-20160810.jar;C:\Users\wubin\.m2\repository\org\springframework\boot\spring-boot-starter-web\1.5.2.RELEASE\spring-boot-starter-web
Launcher Type: SUN_STANDARD

Environment Variables:
JAVA_HOME=C:\Program Files\Java\jdk1.8.0_111
CLASSPATH=.;C:\Program Files\Java\jdk1.8.0_111\lib;C:\Program Files\Java\jdk1.8.0_111\lib\tools.jar
PATH=C:/NeticaJ_504/bin;%PATH%
USERNAME=wubin
OS=Windows_NT
PROCESSOR_IDENTIFIER=Intel64 Family 6 Model 58 Stepping 9, GenuineIntel



---------------  S Y S T E M  ---------------

OS: Windows 10.0 , 64 bit Build 14393 (10.0.14393.1198)

CPU:total 4 (2 cores per cpu, 2 threads per core) family 6 model 58 stepping 9, cmov, cx8, fxsr, mmx, sse, sse2, sse3, ssse3, sse4.1, sse4.2, popcnt, avx, aes, clmul, erms, ht, tsc, tscinvbit, tscinv

Memory: 4k page, physical 8223080k(3648428k free), swap 16611688k(10779688k free)

vm_info: Java HotSpot(TM) 64-Bit Server VM (25.111-b14) for windows-amd64 JRE (1.8.0_111-b14), built on Sep 22 2016 19:24:05 by "java_re" with MS VC++ 10.0 (VS2010)

time: Wed May 24 11:12:09 2017
elapsed time: 365 seconds (0d 0h 6m 5s)

