#
# A fatal error has been detected by the Java Runtime Environment:
#
#  EXCEPTION_ACCESS_VIOLATION (0xc0000005) at pc=0x0000000180182d55, pid=10320, tid=0x0000000000000d00
#
# JRE version: Java(TM) SE Runtime Environment (8.0_111-b14) (build 1.8.0_111-b14)
# Java VM: Java HotSpot(TM) 64-Bit Server VM (25.111-b14 mixed mode windows-amd64 compressed oops)
# Problematic frame:
# C  [Netica.dll+0x182d55]
#
# Failed to write core dump. Minidumps are not enabled by default on client versions of Windows
#
# If you would like to submit a bug report, please visit:
#   http://bugreport.java.com/bugreport/crash.jsp
# The crash happened outside the Java Virtual Machine in native code.
# See problematic frame for where to report the bug.
#

---------------  T H R E A D  ---------------

Current thread (0x0000000002db9800):  JavaThread "Finalizer" daemon [_thread_in_native, id=3328, stack(0x0000000018ad0000,0x0000000018bd0000)]

siginfo: ExceptionCode=0xc0000005, reading address 0x000000001f825360

Registers:
RAX=0x00007ffe65fa47b0, RBX=0x0000000000000000, RCX=0x000000001f825360, RDX=0x0000000018bcf080
RSP=0x0000000018bcef58, RBP=0x0000000018bcef80, RSI=0x0000000000000000, RDI=0x0000000011d6c000
R8 =0x000000001f825360, R9 =0x0000000000000000, R10=0x0000000002dd7f48, R11=0x0000000051b6b580
R12=0x0000000000000000, R13=0x0000000020935008, R14=0x0000000018bcf0a8, R15=0x0000000002db9800
RIP=0x0000000180182d55, EFLAGS=0x0000000000010206

Top of Stack: (sp=0x0000000018bcef58)
0x0000000018bcef58:   00000001800b74ba 0000000000000002
0x0000000018bcef68:   0000000051b7cbd1 00000000d66371d0
0x0000000018bcef78:   0000000018bcf030 00000000171d0e38
0x0000000018bcef88:   fffffffffffffffe 0000000018bcf030
0x0000000018bcef98:   0000000051b7d2aa 0000000017850918
0x0000000018bcefa8:   0000000002db9800 0000000018bcf070
0x0000000018bcefb8:   00007ffe65fa47c2 000000001f825360
0x0000000018bcefc8:   00000000519f6b21 0000000018bcf418
0x0000000018bcefd8:   0000000002db9800 0000000020935008
0x0000000018bcefe8:   0000000002dd7f74 0000000011d6c000
0x0000000018bceff8:   0000000002de5c45 0000000000000000
0x0000000018bcf008:   00000000000000c2 0000000018bcf080
0x0000000018bcf018:   0000000002dc835d 0000000000000000
0x0000000018bcf028:   00000000f3bbfba0 0000000018bcf030
0x0000000018bcf038:   0000000000000000 0000000018bcf0a8
0x0000000018bcf048:   000000002093ce48 0000000000000000 

Instructions: (pc=0x0000000180182d55)
0x0000000180182d35:   c9 f2 0f 59 49 30 eb 04 f3 0f 5a c9 0f 28 c1 c3
0x0000000180182d45:   48 8d 76 00 48 8d bf 00 00 00 00 48 85 c9 74 0d
0x0000000180182d55:   0f b7 01 25 ff 0f 00 00 83 f8 0f 74 03 33 c0 c3
0x0000000180182d65:   48 8b 51 08 48 85 d2 74 0d 0f b7 02 25 ff 0f 00 


Register to memory mapping:

RAX=0x00007ffe65fa47b0 is an unknown value
RBX=0x0000000000000000 is an unknown value
RCX=0x000000001f825360 is an unknown value
RDX=0x0000000018bcf080 is pointing into the stack for thread: 0x0000000002db9800
RSP=0x0000000018bcef58 is pointing into the stack for thread: 0x0000000002db9800
RBP=0x0000000018bcef80 is pointing into the stack for thread: 0x0000000002db9800
RSI=0x0000000000000000 is an unknown value
RDI=0x0000000011d6c000 is an unknown value
R8 =0x000000001f825360 is an unknown value
R9 =0x0000000000000000 is an unknown value
R10=0x0000000002dd7f48 is at code_begin+840 in an Interpreter codelet
method entry point (kind = native)  [0x0000000002dd7c00, 0x0000000002dd8560]  2400 bytes
R11=0x0000000051b6b580 is an unknown value
R12=0x0000000000000000 is an unknown value
R13={method} {0x0000000020935010} 'DeleteStream_ns' '(JJ)V' in 'norsys/netica/NETICA'
R14=0x0000000018bcf0a8 is pointing into the stack for thread: 0x0000000002db9800
R15=0x0000000002db9800 is a thread


Stack: [0x0000000018ad0000,0x0000000018bd0000],  sp=0x0000000018bcef58,  free space=1019k
Native frames: (J=compiled Java code, j=interpreted, Vv=VM code, C=native code)
C  [Netica.dll+0x182d55]

Java frames: (J=compiled Java code, j=interpreted, Vv=VM code)
j  norsys.netica.NETICA.DeleteStream_ns(JJ)V+0
j  norsys.netica.Streamer.finalize()V+50
J 3353 C2 java.lang.ref.Finalizer.access$100(Ljava/lang/ref/Finalizer;Lsun/misc/JavaLangAccess;)V (6 bytes) @ 0x0000000002f15b94 [0x0000000002f159c0+0x1d4]
j  java.lang.ref.Finalizer$FinalizerThread.run()V+45
v  ~StubRoutines::call_stub

---------------  P R O C E S S  ---------------

Java Threads: ( => current thread )
  0x000000001b60f800 JavaThread "http-nio-8013-exec-10" daemon [_thread_blocked, id=10604, stack(0x0000000021f40000,0x0000000022040000)]
  0x000000001b60b000 JavaThread "http-nio-8013-exec-9" daemon [_thread_blocked, id=5652, stack(0x0000000021bd0000,0x0000000021cd0000)]
  0x000000001b60e800 JavaThread "http-nio-8013-exec-8" daemon [_thread_in_vm, id=11120, stack(0x0000000021ad0000,0x0000000021bd0000)]
  0x000000001b60d000 JavaThread "http-nio-8013-exec-7" daemon [_thread_blocked, id=520, stack(0x00000000219d0000,0x0000000021ad0000)]
  0x000000001b60e000 JavaThread "http-nio-8013-exec-6" daemon [_thread_blocked, id=12132, stack(0x00000000218d0000,0x00000000219d0000)]
  0x000000001b60b800 JavaThread "http-nio-8013-exec-5" daemon [_thread_blocked, id=8228, stack(0x00000000217d0000,0x00000000218d0000)]
  0x000000001b60a000 JavaThread "http-nio-8013-exec-4" daemon [_thread_blocked, id=5416, stack(0x00000000216d0000,0x00000000217d0000)]
  0x000000001bf55000 JavaThread "http-nio-8013-exec-3" daemon [_thread_blocked, id=13056, stack(0x00000000215d0000,0x00000000216d0000)]
  0x000000001bf53800 JavaThread "http-nio-8013-exec-2" daemon [_thread_blocked, id=4880, stack(0x00000000214d0000,0x00000000215d0000)]
  0x000000001bf52800 JavaThread "http-nio-8013-exec-1" daemon [_thread_blocked, id=4628, stack(0x00000000213d0000,0x00000000214d0000)]
  0x000000001bf52000 JavaThread "DestroyJavaVM" [_thread_blocked, id=10968, stack(0x0000000002bc0000,0x0000000002cc0000)]
  0x000000001bf51000 JavaThread "http-nio-8013-AsyncTimeout" daemon [_thread_blocked, id=10404, stack(0x00000000212d0000,0x00000000213d0000)]
  0x000000001bf4e000 JavaThread "http-nio-8013-Acceptor-0" daemon [_thread_in_native, id=12952, stack(0x00000000211d0000,0x00000000212d0000)]
  0x000000001bf54000 JavaThread "http-nio-8013-ClientPoller-1" daemon [_thread_in_native, id=14240, stack(0x00000000210d0000,0x00000000211d0000)]
  0x000000001bf50800 JavaThread "http-nio-8013-ClientPoller-0" daemon [_thread_in_native, id=7176, stack(0x0000000020fd0000,0x00000000210d0000)]
  0x000000001bf4f800 JavaThread "NioBlockingSelector.BlockPoller-1" daemon [_thread_in_native, id=616, stack(0x0000000020ed0000,0x0000000020fd0000)]
  0x0000000018fc8800 JavaThread "container-0" [_thread_blocked, id=8464, stack(0x0000000020bd0000,0x0000000020cd0000)]
  0x000000001a58d000 JavaThread "ContainerBackgroundProcessor[StandardEngine[Tomcat]]" daemon [_thread_blocked, id=6220, stack(0x0000000020ad0000,0x0000000020bd0000)]
  0x0000000018c64800 JavaThread "Service Thread" daemon [_thread_blocked, id=13352, stack(0x00000000194d0000,0x00000000195d0000)]
  0x0000000017892800 JavaThread "C1 CompilerThread2" daemon [_thread_blocked, id=8816, stack(0x00000000193d0000,0x00000000194d0000)]
  0x000000001788a000 JavaThread "C2 CompilerThread1" daemon [_thread_blocked, id=4156, stack(0x00000000192d0000,0x00000000193d0000)]
  0x0000000017888000 JavaThread "C2 CompilerThread0" daemon [_thread_blocked, id=10024, stack(0x00000000191d0000,0x00000000192d0000)]
  0x0000000017886000 JavaThread "Attach Listener" daemon [_thread_blocked, id=1812, stack(0x00000000190d0000,0x00000000191d0000)]
  0x0000000017873000 JavaThread "Signal Dispatcher" daemon [_thread_blocked, id=8740, stack(0x0000000018fd0000,0x00000000190d0000)]
=>0x0000000002db9800 JavaThread "Finalizer" daemon [_thread_in_native, id=3328, stack(0x0000000018ad0000,0x0000000018bd0000)]
  0x0000000002db6000 JavaThread "Reference Handler" daemon [_thread_blocked, id=9808, stack(0x00000000189d0000,0x0000000018ad0000)]

Other Threads:
  0x0000000017827800 VMThread [stack: 0x00000000188d0000,0x00000000189d0000] [id=6400]
  0x0000000018d04800 WatcherThread [stack: 0x00000000195d0000,0x00000000196d0000] [id=10980]

VM state:not at safepoint (normal execution)

VM Mutex/Monitor currently owned by a thread: None

Heap:
 PSYoungGen      total 472576K, used 64408K [0x00000000d6300000, 0x00000000f3c00000, 0x0000000100000000)
  eden space 468992K, 13% used [0x00000000d6300000,0x00000000d9e9def8,0x00000000f2d00000)
  from space 3584K, 93% used [0x00000000f3880000,0x00000000f3bc8130,0x00000000f3c00000)
  to   space 7680K, 0% used [0x00000000f2d00000,0x00000000f2d00000,0x00000000f3480000)
 ParOldGen       total 101376K, used 25298K [0x0000000082800000, 0x0000000088b00000, 0x00000000d6300000)
  object space 101376K, 24% used [0x0000000082800000,0x00000000840b4a80,0x0000000088b00000)
 Metaspace       used 38990K, capacity 39408K, committed 39680K, reserved 1083392K
  class space    used 4685K, capacity 4840K, committed 4864K, reserved 1048576K

Card table byte_map: [0x0000000012180000,0x0000000012570000] byte_map_base: 0x0000000011d6c000

Marking Bits: (ParMarkBitMap*) 0x000000005215a6c0
 Begin Bits: [0x0000000012c10000, 0x0000000014b70000)
 End Bits:   [0x0000000014b70000, 0x0000000016ad0000)

Polling page: 0x0000000000e80000

CodeCache: size=245760Kb used=15917Kb max_used=15928Kb free=229842Kb
 bounds [0x0000000002dc0000, 0x0000000003d70000, 0x0000000011dc0000]
 total_blobs=4656 nmethods=3928 adapters=640
 compilation: enabled

Compilation events (10 events):
Event: 88.794 Thread 0x000000001788a000 nmethod 4554 0x0000000003d4eed0 code [0x0000000003d4f080, 0x0000000003d4fc28]
Event: 88.794 Thread 0x000000001788a000 4555       4       java.lang.Long::valueOf (36 bytes)
Event: 88.796 Thread 0x000000001788a000 nmethod 4555 0x0000000003d55a10 code [0x0000000003d55b60, 0x0000000003d55c78]
Event: 88.796 Thread 0x000000001788a000 4557       4       java.lang.Long::parseLong (7 bytes)
Event: 88.805 Thread 0x000000001788a000 nmethod 4557 0x0000000003d568d0 code [0x0000000003d56a40, 0x0000000003d56ff8]
Event: 88.805 Thread 0x000000001788a000 4558       4       com.realsight.westworld.tsp.lib.csv.CsvReader::get (14 bytes)
Event: 88.818 Thread 0x000000001788a000 nmethod 4558 0x0000000003d58410 code [0x0000000003d58580, 0x0000000003d58b58]
Event: 88.835 Thread 0x0000000017888000 nmethod 4556 0x0000000003d5de90 code [0x0000000003d5e120, 0x0000000003d5f8c0]
Event: 88.835 Thread 0x000000001788a000 4562       4       com.realsight.westworld.tsp.lib.model.htm.PredictHierarchy::unique (344 bytes)
Event: 88.918 Thread 0x000000001788a000 nmethod 4562 0x0000000003d612d0 code [0x0000000003d61560, 0x0000000003d63518]

GC Heap History (10 events):
Event: 41.130 GC heap before
{Heap before GC invocations=30 (full 2):
 PSYoungGen      total 430080K, used 421936K [0x00000000d6300000, 0x00000000f2280000, 0x0000000100000000)
  eden space 419840K, 100% used [0x00000000d6300000,0x00000000efd00000,0x00000000efd00000)
  from space 10240K, 20% used [0x00000000efd00000,0x00000000eff0c020,0x00000000f0700000)
  to   space 9728K, 0% used [0x00000000f1900000,0x00000000f1900000,0x00000000f2280000)
 ParOldGen       total 101376K, used 25266K [0x0000000082800000, 0x0000000088b00000, 0x00000000d6300000)
  object space 101376K, 24% used [0x0000000082800000,0x00000000840aca80,0x0000000088b00000)
 Metaspace       used 38883K, capacity 39338K, committed 39680K, reserved 1083392K
  class space    used 4684K, capacity 4839K, committed 4864K, reserved 1048576K
Event: 41.134 GC heap after
Heap after GC invocations=30 (full 2):
 PSYoungGen      total 446464K, used 2064K [0x00000000d6300000, 0x00000000f2180000, 0x0000000100000000)
  eden space 437760K, 0% used [0x00000000d6300000,0x00000000d6300000,0x00000000f0e80000)
  from space 8704K, 23% used [0x00000000f1900000,0x00000000f1b04010,0x00000000f2180000)
  to   space 9728K, 0% used [0x00000000f0e80000,0x00000000f0e80000,0x00000000f1800000)
 ParOldGen       total 101376K, used 25274K [0x0000000082800000, 0x0000000088b00000, 0x00000000d6300000)
  object space 101376K, 24% used [0x0000000082800000,0x00000000840aea80,0x0000000088b00000)
 Metaspace       used 38883K, capacity 39338K, committed 39680K, reserved 1083392K
  class space    used 4684K, capacity 4839K, committed 4864K, reserved 1048576K
}
Event: 41.965 GC heap before
{Heap before GC invocations=31 (full 2):
 PSYoungGen      total 446464K, used 439824K [0x00000000d6300000, 0x00000000f2180000, 0x0000000100000000)
  eden space 437760K, 100% used [0x00000000d6300000,0x00000000f0e80000,0x00000000f0e80000)
  from space 8704K, 23% used [0x00000000f1900000,0x00000000f1b04010,0x00000000f2180000)
  to   space 9728K, 0% used [0x00000000f0e80000,0x00000000f0e80000,0x00000000f1800000)
 ParOldGen       total 101376K, used 25274K [0x0000000082800000, 0x0000000088b00000, 0x00000000d6300000)
  object space 101376K, 24% used [0x0000000082800000,0x00000000840aea80,0x0000000088b00000)
 Metaspace       used 38884K, capacity 39338K, committed 39680K, reserved 1083392K
  class space    used 4684K, capacity 4839K, committed 4864K, reserved 1048576K
Event: 41.969 GC heap after
Heap after GC invocations=31 (full 2):
 PSYoungGen      total 447488K, used 2272K [0x00000000d6300000, 0x00000000f3200000, 0x0000000100000000)
  eden space 437760K, 0% used [0x00000000d6300000,0x00000000d6300000,0x00000000f0e80000)
  from space 9728K, 23% used [0x00000000f0e80000,0x00000000f10b8020,0x00000000f1800000)
  to   space 9216K, 0% used [0x00000000f2900000,0x00000000f2900000,0x00000000f3200000)
 ParOldGen       total 101376K, used 25282K [0x0000000082800000, 0x0000000088b00000, 0x00000000d6300000)
  object space 101376K, 24% used [0x0000000082800000,0x00000000840b0a80,0x0000000088b00000)
 Metaspace       used 38884K, capacity 39338K, committed 39680K, reserved 1083392K
  class space    used 4684K, capacity 4839K, committed 4864K, reserved 1048576K
}
Event: 42.858 GC heap before
{Heap before GC invocations=32 (full 2):
 PSYoungGen      total 447488K, used 440032K [0x00000000d6300000, 0x00000000f3200000, 0x0000000100000000)
  eden space 437760K, 100% used [0x00000000d6300000,0x00000000f0e80000,0x00000000f0e80000)
  from space 9728K, 23% used [0x00000000f0e80000,0x00000000f10b8020,0x00000000f1800000)
  to   space 9216K, 0% used [0x00000000f2900000,0x00000000f2900000,0x00000000f3200000)
 ParOldGen       total 101376K, used 25282K [0x0000000082800000, 0x0000000088b00000, 0x00000000d6300000)
  object space 101376K, 24% used [0x0000000082800000,0x00000000840b0a80,0x0000000088b00000)
 Metaspace       used 38888K, capacity 39338K, committed 39680K, reserved 1083392K
  class space    used 4684K, capacity 4839K, committed 4864K, reserved 1048576K
Event: 42.861 GC heap after
Heap after GC invocations=32 (full 2):
 PSYoungGen      total 462848K, used 2560K [0x00000000d6300000, 0x00000000f3080000, 0x0000000100000000)
  eden space 455168K, 0% used [0x00000000d6300000,0x00000000d6300000,0x00000000f1f80000)
  from space 7680K, 33% used [0x00000000f2900000,0x00000000f2b80020,0x00000000f3080000)
  to   space 8704K, 0% used [0x00000000f1f80000,0x00000000f1f80000,0x00000000f2800000)
 ParOldGen       total 101376K, used 25290K [0x0000000082800000, 0x0000000088b00000, 0x00000000d6300000)
  object space 101376K, 24% used [0x0000000082800000,0x00000000840b2a80,0x0000000088b00000)
 Metaspace       used 38888K, capacity 39338K, committed 39680K, reserved 1083392K
  class space    used 4684K, capacity 4839K, committed 4864K, reserved 1048576K
}
Event: 43.720 GC heap before
{Heap before GC invocations=33 (full 2):
 PSYoungGen      total 462848K, used 457728K [0x00000000d6300000, 0x00000000f3080000, 0x0000000100000000)
  eden space 455168K, 100% used [0x00000000d6300000,0x00000000f1f80000,0x00000000f1f80000)
  from space 7680K, 33% used [0x00000000f2900000,0x00000000f2b80020,0x00000000f3080000)
  to   space 8704K, 0% used [0x00000000f1f80000,0x00000000f1f80000,0x00000000f2800000)
 ParOldGen       total 101376K, used 25290K [0x0000000082800000, 0x0000000088b00000, 0x00000000d6300000)
  object space 101376K, 24% used [0x0000000082800000,0x00000000840b2a80,0x0000000088b00000)
 Metaspace       used 38888K, capacity 39338K, committed 39680K, reserved 1083392K
  class space    used 4684K, capacity 4839K, committed 4864K, reserved 1048576K
Event: 43.724 GC heap after
Heap after GC invocations=33 (full 2):
 PSYoungGen      total 463872K, used 2560K [0x00000000d6300000, 0x00000000f4080000, 0x0000000100000000)
  eden space 455168K, 0% used [0x00000000d6300000,0x00000000d6300000,0x00000000f1f80000)
  from space 8704K, 29% used [0x00000000f1f80000,0x00000000f2200150,0x00000000f2800000)
  to   space 8192K, 0% used [0x00000000f3880000,0x00000000f3880000,0x00000000f4080000)
 ParOldGen       total 101376K, used 25290K [0x0000000082800000, 0x0000000088b00000, 0x00000000d6300000)
  object space 101376K, 24% used [0x0000000082800000,0x00000000840b2a80,0x0000000088b00000)
 Metaspace       used 38888K, capacity 39338K, committed 39680K, reserved 1083392K
  class space    used 4684K, capacity 4839K, committed 4864K, reserved 1048576K
}
Event: 89.551 GC heap before
{Heap before GC invocations=34 (full 2):
 PSYoungGen      total 463872K, used 457728K [0x00000000d6300000, 0x00000000f4080000, 0x0000000100000000)
  eden space 455168K, 100% used [0x00000000d6300000,0x00000000f1f80000,0x00000000f1f80000)
  from space 8704K, 29% used [0x00000000f1f80000,0x00000000f2200150,0x00000000f2800000)
  to   space 8192K, 0% used [0x00000000f3880000,0x00000000f3880000,0x00000000f4080000)
 ParOldGen       total 101376K, used 25290K [0x0000000082800000, 0x0000000088b00000, 0x00000000d6300000)
  object space 101376K, 24% used [0x0000000082800000,0x00000000840b2a80,0x0000000088b00000)
 Metaspace       used 38990K, capacity 39408K, committed 39680K, reserved 1083392K
  class space    used 4685K, capacity 4840K, committed 4864K, reserved 1048576K
Event: 89.557 GC heap after
Heap after GC invocations=34 (full 2):
 PSYoungGen      total 472576K, used 3360K [0x00000000d6300000, 0x00000000f3c00000, 0x0000000100000000)
  eden space 468992K, 0% used [0x00000000d6300000,0x00000000d6300000,0x00000000f2d00000)
  from space 3584K, 93% used [0x00000000f3880000,0x00000000f3bc8130,0x00000000f3c00000)
  to   space 7680K, 0% used [0x00000000f2d00000,0x00000000f2d00000,0x00000000f3480000)
 ParOldGen       total 101376K, used 25298K [0x0000000082800000, 0x0000000088b00000, 0x00000000d6300000)
  object space 101376K, 24% used [0x0000000082800000,0x00000000840b4a80,0x0000000088b00000)
 Metaspace       used 38990K, capacity 39408K, committed 39680K, reserved 1083392K
  class space    used 4685K, capacity 4840K, committed 4864K, reserved 1048576K
}

Deoptimization events (10 events):
Event: 43.895 Thread 0x000000001b60b800 Uncommon trap: reason=unstable_if action=reinterpret pc=0x0000000003b72374 method=sun.misc.FloatingDecimal.readJavaFormatString(Ljava/lang/String;)Lsun/misc/FloatingDecimal$ASCIIToBinaryConverter; @ 350
Event: 43.896 Thread 0x000000001b60b800 Uncommon trap: reason=class_check action=maybe_recompile pc=0x0000000003be3344 method=java.util.AbstractList.equals(Ljava/lang/Object;)Z @ 8
Event: 43.896 Thread 0x000000001b60b800 Uncommon trap: reason=unstable_if action=reinterpret pc=0x0000000003be8f00 method=java.util.Arrays.sort([Ljava/lang/Object;IILjava/util/Comparator;)V @ 1
Event: 66.182 Thread 0x000000001bf55000 Uncommon trap: reason=unstable_if action=reinterpret pc=0x00000000034e9894 method=java.io.BufferedReader.readLine(Z)Ljava/lang/String; @ 192
Event: 66.183 Thread 0x000000001b60d000 Uncommon trap: reason=unstable_if action=reinterpret pc=0x00000000034e9894 method=java.io.BufferedReader.readLine(Z)Ljava/lang/String; @ 192
Event: 66.226 Thread 0x000000001b60e800 Uncommon trap: reason=class_check action=maybe_recompile pc=0x0000000003be3344 method=java.util.AbstractList.equals(Ljava/lang/Object;)Z @ 8
Event: 66.231 Thread 0x000000001b60d000 Uncommon trap: reason=class_check action=maybe_recompile pc=0x0000000003be3344 method=java.util.AbstractList.equals(Ljava/lang/Object;)Z @ 8
Event: 66.240 Thread 0x000000001bf55000 Uncommon trap: reason=class_check action=maybe_recompile pc=0x0000000003be3344 method=java.util.AbstractList.equals(Ljava/lang/Object;)Z @ 8
Event: 88.784 Thread 0x000000001b60e800 Uncommon trap: reason=unstable_if action=reinterpret pc=0x0000000003ca8c00 method=java.lang.Math.min(DD)D @ 36
Event: 88.786 Thread 0x000000001b60e800 Uncommon trap: reason=null_check action=make_not_entrant pc=0x0000000003ceb4f4 method=com.realsight.westworld.tsp.api.OnlineTimeseriesPredictionAPI.prediction(LJama/Matrix;)LJama/Matrix; @ 19

Internal exceptions (10 events):
Event: 14.807 Thread 0x000000001bf52800 Exception <a 'java/lang/ClassNotFoundException': java/lang/ObjectCustomizer> (0x00000000d7282c48) thrown at [C:\re\workspace\8-2-build-windows-amd64-cygwin\jdk8u111\7883\hotspot\src\share\vm\classfile\systemDictionary.cpp, line 210]
Event: 14.810 Thread 0x000000001bf52800 Exception <a 'java/lang/ClassNotFoundException': org/springframework/context/support/ApplicationObjectSupportCustomizer> (0x00000000d72b3d10) thrown at [C:\re\workspace\8-2-build-windows-amd64-cygwin\jdk8u111\7883\hotspot\src\share\vm\classfile\systemDict
Event: 14.812 Thread 0x000000001bf52800 Exception <a 'java/lang/ClassNotFoundException': org/springframework/web/context/support/WebApplicationObjectSupportCustomizer> (0x00000000d72e9938) thrown at [C:\re\workspace\8-2-build-windows-amd64-cygwin\jdk8u111\7883\hotspot\src\share\vm\classfile\sys
Event: 14.814 Thread 0x000000001bf52800 Exception <a 'java/lang/ClassNotFoundException': org/thymeleaf/spring4/view/AbstractThymeleafViewCustomizer> (0x00000000d7313640) thrown at [C:\re\workspace\8-2-build-windows-amd64-cygwin\jdk8u111\7883\hotspot\src\share\vm\classfile\systemDictionary.cpp, 
Event: 14.817 Thread 0x000000001bf52800 Exception <a 'java/lang/ClassNotFoundException': org/thymeleaf/spring4/view/ThymeleafViewCustomizer> (0x00000000d7347698) thrown at [C:\re\workspace\8-2-build-windows-amd64-cygwin\jdk8u111\7883\hotspot\src\share\vm\classfile\systemDictionary.cpp, line 210
Event: 14.818 Thread 0x000000001bf52800 Exception <a 'java/lang/ClassNotFoundException': org/springframework/web/servlet/ViewCustomizer> (0x00000000d73770b0) thrown at [C:\re\workspace\8-2-build-windows-amd64-cygwin\jdk8u111\7883\hotspot\src\share\vm\classfile\systemDictionary.cpp, line 210]
Event: 14.820 Thread 0x000000001bf52800 Exception <a 'java/lang/ClassNotFoundException': org/springframework/beans/factory/BeanNameAwareCustomizer> (0x00000000d73a15c8) thrown at [C:\re\workspace\8-2-build-windows-amd64-cygwin\jdk8u111\7883\hotspot\src\share\vm\classfile\systemDictionary.cpp, l
Event: 14.821 Thread 0x000000001bf52800 Exception <a 'java/lang/ClassNotFoundException': org/springframework/web/context/ServletContextAwareCustomizer> (0x00000000d73cbfc8) thrown at [C:\re\workspace\8-2-build-windows-amd64-cygwin\jdk8u111\7883\hotspot\src\share\vm\classfile\systemDictionary.cp
Event: 14.822 Thread 0x000000001bf52800 Exception <a 'java/lang/ClassNotFoundException': org/springframework/context/ApplicationContextAwareCustomizer> (0x00000000d73f69c0) thrown at [C:\re\workspace\8-2-build-windows-amd64-cygwin\jdk8u111\7883\hotspot\src\share\vm\classfile\systemDictionary.cp
Event: 88.785 Thread 0x000000001b60e800 Implicit null exception at 0x0000000003ceab24 to 0x0000000003ceb4e1

Events (10 events):
Event: 89.558 Executing VM operation: RevokeBias
Event: 89.558 Executing VM operation: RevokeBias done
Event: 89.558 Executing VM operation: RevokeBias
Event: 89.558 Executing VM operation: RevokeBias done
Event: 89.558 Executing VM operation: RevokeBias
Event: 89.558 Executing VM operation: RevokeBias done
Event: 89.558 Executing VM operation: RevokeBias
Event: 89.558 Executing VM operation: RevokeBias done
Event: 89.558 Executing VM operation: RevokeBias
Event: 89.558 Executing VM operation: RevokeBias done


Dynamic libraries:
0x00007ff7271b0000 - 0x00007ff7271e7000 	C:\Program Files\Java\jdk1.8.0_111\bin\javaw.exe
0x00007ffe70050000 - 0x00007ffe70221000 	C:\WINDOWS\SYSTEM32\ntdll.dll
0x00007ffe6d8f0000 - 0x00007ffe6d99c000 	C:\WINDOWS\System32\KERNEL32.DLL
0x00007ffe6cfb0000 - 0x00007ffe6d1cd000 	C:\WINDOWS\System32\KERNELBASE.dll
0x00007ffe6da80000 - 0x00007ffe6db22000 	C:\WINDOWS\System32\ADVAPI32.dll
0x00007ffe6ffb0000 - 0x00007ffe7004e000 	C:\WINDOWS\System32\msvcrt.dll
0x00007ffe6d780000 - 0x00007ffe6d7d9000 	C:\WINDOWS\System32\sechost.dll
0x00007ffe6d620000 - 0x00007ffe6d741000 	C:\WINDOWS\System32\RPCRT4.dll
0x00007ffe6e7c0000 - 0x00007ffe6e925000 	C:\WINDOWS\System32\USER32.dll
0x00007ffe6d330000 - 0x00007ffe6d34e000 	C:\WINDOWS\System32\win32u.dll
0x00007ffe6ff70000 - 0x00007ffe6ffa4000 	C:\WINDOWS\System32\GDI32.dll
0x00007ffe6cc00000 - 0x00007ffe6cd82000 	C:\WINDOWS\System32\gdi32full.dll
0x00007ffe5d760000 - 0x00007ffe5d9da000 	C:\WINDOWS\WinSxS\amd64_microsoft.windows.common-controls_6595b64144ccf1df_6.0.14393.953_none_42151e83c686086b\COMCTL32.dll
0x00007ffe6e3b0000 - 0x00007ffe6e678000 	C:\WINDOWS\System32\combase.dll
0x00007ffe6d1d0000 - 0x00007ffe6d2c5000 	C:\WINDOWS\System32\ucrtbase.dll
0x00007ffe6cf40000 - 0x00007ffe6cfaa000 	C:\WINDOWS\System32\bcryptPrimitives.dll
0x00007ffe6d750000 - 0x00007ffe6d77e000 	C:\WINDOWS\System32\IMM32.DLL
0x00000000531e0000 - 0x00000000532b2000 	C:\Program Files\Java\jdk1.8.0_111\jre\bin\msvcr100.dll
0x0000000051940000 - 0x00000000521da000 	C:\Program Files\Java\jdk1.8.0_111\jre\bin\server\jvm.dll
0x00007ffe6da70000 - 0x00007ffe6da78000 	C:\WINDOWS\System32\PSAPI.DLL
0x00007ffe60f10000 - 0x00007ffe60f19000 	C:\WINDOWS\SYSTEM32\WSOCK32.dll
0x00007ffe6db30000 - 0x00007ffe6db9a000 	C:\WINDOWS\System32\WS2_32.dll
0x00007ffe69e10000 - 0x00007ffe69e33000 	C:\WINDOWS\SYSTEM32\WINMM.dll
0x00007ffe69db0000 - 0x00007ffe69ddb000 	C:\WINDOWS\SYSTEM32\WINMMBASE.dll
0x00007ffe6cd90000 - 0x00007ffe6cdd2000 	C:\WINDOWS\System32\cfgmgr32.dll
0x00007ffe5f1e0000 - 0x00007ffe5f1ea000 	C:\WINDOWS\SYSTEM32\VERSION.dll
0x00000000531d0000 - 0x00000000531df000 	C:\Program Files\Java\jdk1.8.0_111\jre\bin\verify.dll
0x00000000531a0000 - 0x00000000531c9000 	C:\Program Files\Java\jdk1.8.0_111\jre\bin\java.dll
0x0000000053180000 - 0x0000000053196000 	C:\Program Files\Java\jdk1.8.0_111\jre\bin\zip.dll
0x00007ffe6ea60000 - 0x00007ffe6ff68000 	C:\WINDOWS\System32\SHELL32.dll
0x00007ffe6c520000 - 0x00007ffe6cbfa000 	C:\WINDOWS\System32\windows.storage.dll
0x00007ffe6c4b0000 - 0x00007ffe6c4fc000 	C:\WINDOWS\System32\powrprof.dll
0x00007ffe6d890000 - 0x00007ffe6d8e2000 	C:\WINDOWS\System32\shlwapi.dll
0x00007ffe6c510000 - 0x00007ffe6c51f000 	C:\WINDOWS\System32\kernel.appcore.dll
0x00007ffe6ce90000 - 0x00007ffe6cf39000 	C:\WINDOWS\System32\shcore.dll
0x00007ffe6c490000 - 0x00007ffe6c4a4000 	C:\WINDOWS\System32\profapi.dll
0x0000000053170000 - 0x000000005317d000 	C:\Program Files\Java\jdk1.8.0_111\jre\bin\management.dll
0x0000000053150000 - 0x000000005316a000 	C:\Program Files\Java\jdk1.8.0_111\jre\bin\net.dll
0x00007ffe6bd60000 - 0x00007ffe6bdbc000 	C:\WINDOWS\system32\mswsock.dll
0x00007ffe5bdf0000 - 0x00007ffe5be06000 	C:\WINDOWS\system32\napinsp.dll
0x00007ffe5a110000 - 0x00007ffe5a12a000 	C:\WINDOWS\system32\pnrpnsp.dll
0x00007ffe6a360000 - 0x00007ffe6a378000 	C:\WINDOWS\system32\NLAapi.dll
0x00007ffe6bb20000 - 0x00007ffe6bbc1000 	C:\WINDOWS\SYSTEM32\DNSAPI.dll
0x00007ffe6d880000 - 0x00007ffe6d888000 	C:\WINDOWS\System32\NSI.dll
0x00007ffe6bae0000 - 0x00007ffe6bb18000 	C:\WINDOWS\SYSTEM32\IPHLPAPI.DLL
0x00007ffe5c030000 - 0x00007ffe5c03e000 	C:\WINDOWS\System32\winrnr.dll
0x00007ffe59830000 - 0x00007ffe59845000 	C:\WINDOWS\System32\wshbth.dll
0x00007ffe5ef20000 - 0x00007ffe5ef2a000 	C:\Windows\System32\rasadhlp.dll
0x00007ffe65ee0000 - 0x00007ffe65f4a000 	C:\WINDOWS\System32\fwpuclnt.dll
0x00007ffe6c3d0000 - 0x00007ffe6c3fb000 	C:\WINDOWS\SYSTEM32\bcrypt.dll
0x0000000053130000 - 0x0000000053141000 	C:\Program Files\Java\jdk1.8.0_111\jre\bin\nio.dll
0x00007ffe6bf00000 - 0x00007ffe6bf17000 	C:\WINDOWS\SYSTEM32\CRYPTSP.dll
0x00007ffe6b960000 - 0x00007ffe6b993000 	C:\WINDOWS\system32\rsaenh.dll
0x00007ffe6bbe0000 - 0x00007ffe6bbff000 	C:\WINDOWS\SYSTEM32\USERENV.dll
0x00007ffe6c150000 - 0x00007ffe6c15b000 	C:\WINDOWS\SYSTEM32\CRYPTBASE.dll
0x00007ffe667d0000 - 0x00007ffe667e6000 	C:\WINDOWS\SYSTEM32\dhcpcsvc6.DLL
0x00007ffe66810000 - 0x00007ffe6682a000 	C:\WINDOWS\SYSTEM32\dhcpcsvc.DLL
0x0000000051910000 - 0x0000000051934000 	C:\Program Files\Java\jdk1.8.0_111\jre\bin\sunec.dll
0x00007ffe65fa0000 - 0x00007ffe65fbf000 	C:\NeticaJ_504\bin\NeticaJ.dll
0x0000000180000000 - 0x000000018029a000 	C:\NeticaJ_504\bin\Netica.dll
0x00007ffe6e680000 - 0x00007ffe6e7b8000 	C:\WINDOWS\System32\ole32.dll
0x00007ffe3c6b0000 - 0x00007ffe3c75f000 	C:\WINDOWS\SYSTEM32\ODBC32.dll
0x00007ffe6b9a0000 - 0x00007ffe6b9aa000 	C:\WINDOWS\SYSTEM32\DPAPI.dll
0x00007ffe6c160000 - 0x00007ffe6c18c000 	C:\WINDOWS\SYSTEM32\SspiCli.dll
0x00007ffe5d230000 - 0x00007ffe5d3c2000 	C:\WINDOWS\SYSTEM32\dbghelp.dll

VM Arguments:
jvm_args: -Djava.library.path=C:\NeticaJ_504\bin -Dfile.encoding=UTF-8 
java_command: com.realsight.westworld.engine.Application
java_class_path (initial): D:\workspace\westworld\engine\target\classes;E:\Download\solr-6.5.1\solr-6.5.1\dist\solrj-lib\commons-io-2.5.jar;E:\Download\solr-6.5.1\solr-6.5.1\dist\solrj-lib\httpclient-4.4.1.jar;E:\Download\solr-6.5.1\solr-6.5.1\dist\solrj-lib\httpcore-4.4.1.jar;E:\Download\solr-6.5.1\solr-6.5.1\dist\solrj-lib\httpmime-4.4.1.jar;E:\Download\solr-6.5.1\solr-6.5.1\dist\solrj-lib\jcl-over-slf4j-1.7.7.jar;E:\Download\solr-6.5.1\solr-6.5.1\dist\solrj-lib\noggit-0.6.jar;E:\Download\solr-6.5.1\solr-6.5.1\dist\solrj-lib\slf4j-api-1.7.7.jar;E:\Download\solr-6.5.1\solr-6.5.1\dist\solrj-lib\stax2-api-3.1.4.jar;E:\Download\solr-6.5.1\solr-6.5.1\dist\solrj-lib\woodstox-core-asl-4.4.1.jar;E:\Download\solr-6.5.1\solr-6.5.1\dist\solrj-lib\zookeeper-3.4.6.jar;E:\Download\solr-6.5.1\solr-6.5.1\dist\solr-analysis-extras-6.5.1.jar;E:\Download\solr-6.5.1\solr-6.5.1\dist\solr-analytics-6.5.1.jar;E:\Download\solr-6.5.1\solr-6.5.1\dist\solr-cell-6.5.1.jar;E:\Download\solr-6.5.1\solr-6.5.1\dist\solr-clustering-6.5.1.jar;E:\Download\solr-6.5.1\solr-6.5.1\dist\solr-core-6.5.1.jar;E:\Download\solr-6.5.1\solr-6.5.1\dist\solr-dataimporthandler-6.5.1.jar;E:\Download\solr-6.5.1\solr-6.5.1\dist\solr-dataimporthandler-extras-6.5.1.jar;E:\Download\solr-6.5.1\solr-6.5.1\dist\solr-langid-6.5.1.jar;E:\Download\solr-6.5.1\solr-6.5.1\dist\solr-ltr-6.5.1.jar;E:\Download\solr-6.5.1\solr-6.5.1\dist\solr-map-reduce-6.5.1.jar;E:\Download\solr-6.5.1\solr-6.5.1\dist\solr-morphlines-cell-6.5.1.jar;E:\Download\solr-6.5.1\solr-6.5.1\dist\solr-morphlines-core-6.5.1.jar;E:\Download\solr-6.5.1\solr-6.5.1\dist\solr-solrj-6.5.1.jar;E:\Download\solr-6.5.1\solr-6.5.1\dist\solr-test-framework-6.5.1.jar;E:\Download\solr-6.5.1\solr-6.5.1\dist\solr-uima-6.5.1.jar;E:\Download\solr-6.5.1\solr-6.5.1\dist\solr-velocity-6.5.1.jar;C:\Users\wubin\.m2\repository\org\json\json\20160810\json-20160810.jar;C:\Users\wubin\.m2\repository\org\springframework\boot\spring-boot-starter-web\1.5.2.RELEASE\spring-boot-starter-web
Launcher Type: SUN_STANDARD

Environment Variables:
JAVA_HOME=C:\Program Files\Java\jdk1.8.0_111
CLASSPATH=.;C:\Program Files\Java\jdk1.8.0_111\lib;C:\Program Files\Java\jdk1.8.0_111\lib\tools.jar
PATH=C:/NeticaJ_504/bin;%PATH%
USERNAME=wubin
OS=Windows_NT
PROCESSOR_IDENTIFIER=Intel64 Family 6 Model 58 Stepping 9, GenuineIntel



---------------  S Y S T E M  ---------------

OS: Windows 10.0 , 64 bit Build 14393 (10.0.14393.1198)

CPU:total 4 (2 cores per cpu, 2 threads per core) family 6 model 58 stepping 9, cmov, cx8, fxsr, mmx, sse, sse2, sse3, ssse3, sse4.1, sse4.2, popcnt, avx, aes, clmul, erms, ht, tsc, tscinvbit, tscinv

Memory: 4k page, physical 8223080k(3531980k free), swap 16611688k(10548984k free)

vm_info: Java HotSpot(TM) 64-Bit Server VM (25.111-b14) for windows-amd64 JRE (1.8.0_111-b14), built on Sep 22 2016 19:24:05 by "java_re" with MS VC++ 10.0 (VS2010)

time: Tue May 23 17:29:42 2017
elapsed time: 89 seconds (0d 0h 1m 29s)

