#
# A fatal error has been detected by the Java Runtime Environment:
#
#  EXCEPTION_ACCESS_VIOLATION (0xc0000005) at pc=0x0000000180182d55, pid=7576, tid=0x00000000000027b4
#
# JRE version: Java(TM) SE Runtime Environment (8.0_111-b14) (build 1.8.0_111-b14)
# Java VM: Java HotSpot(TM) 64-Bit Server VM (25.111-b14 mixed mode windows-amd64 compressed oops)
# Problematic frame:
# C  [Netica.dll+0x182d55]
#
# Failed to write core dump. Minidumps are not enabled by default on client versions of Windows
#
# If you would like to submit a bug report, please visit:
#   http://bugreport.java.com/bugreport/crash.jsp
# The crash happened outside the Java Virtual Machine in native code.
# See problematic frame for where to report the bug.
#

---------------  T H R E A D  ---------------

Current thread (0x000000001822a800):  JavaThread "Finalizer" daemon [_thread_in_native, id=10164, stack(0x00000000194a0000,0x00000000195a0000)]

siginfo: ExceptionCode=0xc0000005, reading address 0x000000001c44e4c0

Registers:
RAX=0x00007ffceb6c47b0, RBX=0x0000000000000000, RCX=0x000000001c44e4c0, RDX=0x000000001959f3b0
RSP=0x000000001959f288, RBP=0x000000001959f2b0, RSI=0x00000000de5673f0, RDI=0x000000010047e198
R8 =0x000000001c44e4c0, R9 =0x0000000000000000, R10=0x00000000037b7f48, R11=0x000000005be6b580
R12=0x0000000000000000, R13=0x00000000200c4b58, R14=0x000000001959f3d8, R15=0x000000001822a800
RIP=0x0000000180182d55, EFLAGS=0x0000000000010206

Top of Stack: (sp=0x000000001959f288)
0x000000001959f288:   00000001800b74ba 00000000182071d0
0x000000001959f298:   000000005bcfb0b6 000000001959f778
0x000000001959f2a8:   000000005bd47b26 000000000000000e
0x000000001959f2b8:   fffffffffffffffe 00000000200c4b58
0x000000001959f2c8:   000000001822a800 00000000200c4b58
0x000000001959f2d8:   000000001822a800 000000001959f3a0
0x000000001959f2e8:   00007ffceb6c47c2 000000001c44e4c0
0x000000001959f2f8:   000000001822a800 00000000200c4b58
0x000000001959f308:   00000000de5673f0 00000000200c4b58
0x000000001959f318:   00000000037b7f74 000000010047e198
0x000000001959f328:   00000000037b7cdd 000000001822a800
0x000000001959f338:   00000000200c4b58 00000000de5673f0
0x000000001959f348:   000000001822a800 000000001959f438
0x000000001959f358:   00000000037b7ca2 000000001959f360
0x000000001959f368:   00000000200c4b58 000000001959f3d8
0x000000001959f378:   00000000200cc998 0000000000000000 

Instructions: (pc=0x0000000180182d55)
0x0000000180182d35:   c9 f2 0f 59 49 30 eb 04 f3 0f 5a c9 0f 28 c1 c3
0x0000000180182d45:   48 8d 76 00 48 8d bf 00 00 00 00 48 85 c9 74 0d
0x0000000180182d55:   0f b7 01 25 ff 0f 00 00 83 f8 0f 74 03 33 c0 c3
0x0000000180182d65:   48 8b 51 08 48 85 d2 74 0d 0f b7 02 25 ff 0f 00 


Register to memory mapping:

RAX=0x00007ffceb6c47b0 is an unknown value
RBX=0x0000000000000000 is an unknown value
RCX=0x000000001c44e4c0 is an unknown value
RDX=0x000000001959f3b0 is pointing into the stack for thread: 0x000000001822a800
RSP=0x000000001959f288 is pointing into the stack for thread: 0x000000001822a800
RBP=0x000000001959f2b0 is pointing into the stack for thread: 0x000000001822a800
RSI=0x00000000de5673f0 is an oop
norsys.netica.Streamer 
 - klass: 'norsys/netica/Streamer'
RDI=0x000000010047e198 is pointing into metadata
R8 =0x000000001c44e4c0 is an unknown value
R9 =0x0000000000000000 is an unknown value
R10=0x00000000037b7f48 is at code_begin+840 in an Interpreter codelet
method entry point (kind = native)  [0x00000000037b7c00, 0x00000000037b8560]  2400 bytes
R11=0x000000005be6b580 is an unknown value
R12=0x0000000000000000 is an unknown value
R13={method} {0x00000000200c4b60} 'DeleteStream_ns' '(JJ)V' in 'norsys/netica/NETICA'
R14=0x000000001959f3d8 is pointing into the stack for thread: 0x000000001822a800
R15=0x000000001822a800 is a thread


Stack: [0x00000000194a0000,0x00000000195a0000],  sp=0x000000001959f288,  free space=1020k
Native frames: (J=compiled Java code, j=interpreted, Vv=VM code, C=native code)
C  [Netica.dll+0x182d55]

Java frames: (J=compiled Java code, j=interpreted, Vv=VM code)
j  norsys.netica.NETICA.DeleteStream_ns(JJ)V+0
j  norsys.netica.Streamer.finalize()V+50
J 730 C1 java.lang.ref.Finalizer.runFinalizer(Lsun/misc/JavaLangAccess;)V (62 bytes) @ 0x0000000003a91d8c [0x0000000003a91800+0x58c]
J 729 C1 java.lang.ref.Finalizer.access$100(Ljava/lang/ref/Finalizer;Lsun/misc/JavaLangAccess;)V (6 bytes) @ 0x0000000003a8cc9c [0x0000000003a8cc40+0x5c]
j  java.lang.ref.Finalizer$FinalizerThread.run()V+45
v  ~StubRoutines::call_stub

---------------  P R O C E S S  ---------------

Java Threads: ( => current thread )
  0x000000001ac0f000 JavaThread "http-nio-8013-exec-10" daemon [_thread_blocked, id=3244, stack(0x00000000227d0000,0x00000000228d0000)]
  0x000000001ac15800 JavaThread "http-nio-8013-exec-9" daemon [_thread_blocked, id=10600, stack(0x00000000226d0000,0x00000000227d0000)]
  0x000000001ac15000 JavaThread "http-nio-8013-exec-8" daemon [_thread_blocked, id=2192, stack(0x00000000225d0000,0x00000000226d0000)]
  0x000000001ac13800 JavaThread "http-nio-8013-exec-7" daemon [_thread_blocked, id=10080, stack(0x00000000224d0000,0x00000000225d0000)]
  0x000000001ac14000 JavaThread "http-nio-8013-exec-6" daemon [_thread_blocked, id=7056, stack(0x00000000223d0000,0x00000000224d0000)]
  0x000000001ac12800 JavaThread "http-nio-8013-exec-5" daemon [_thread_blocked, id=2420, stack(0x0000000022250000,0x0000000022350000)]
  0x000000001ac10800 JavaThread "http-nio-8013-exec-4" daemon [_thread_blocked, id=5036, stack(0x0000000022150000,0x0000000022250000)]
  0x000000001fa76800 JavaThread "http-nio-8013-exec-3" daemon [_thread_blocked, id=9736, stack(0x0000000022050000,0x0000000022150000)]
  0x000000001fa76000 JavaThread "http-nio-8013-exec-2" daemon [_thread_blocked, id=10892, stack(0x0000000021f50000,0x0000000022050000)]
  0x000000001fa75000 JavaThread "http-nio-8013-exec-1" daemon [_thread_blocked, id=10884, stack(0x0000000021e50000,0x0000000021f50000)]
  0x000000001fa74800 JavaThread "DestroyJavaVM" [_thread_blocked, id=7700, stack(0x00000000035a0000,0x00000000036a0000)]
  0x000000001f95b000 JavaThread "http-nio-8013-AsyncTimeout" daemon [_thread_blocked, id=112, stack(0x0000000021d50000,0x0000000021e50000)]
  0x000000001f95a800 JavaThread "http-nio-8013-Acceptor-0" daemon [_thread_in_native, id=8128, stack(0x0000000021c50000,0x0000000021d50000)]
  0x000000001b884800 JavaThread "http-nio-8013-ClientPoller-1" daemon [_thread_in_native, id=8204, stack(0x0000000021b50000,0x0000000021c50000)]
  0x000000001b883800 JavaThread "http-nio-8013-ClientPoller-0" daemon [_thread_in_native, id=4860, stack(0x0000000021a50000,0x0000000021b50000)]
  0x000000001cf3d000 JavaThread "NioBlockingSelector.BlockPoller-1" daemon [_thread_in_native, id=6404, stack(0x0000000021950000,0x0000000021a50000)]
  0x000000001cbbf000 JavaThread "container-0" [_thread_blocked, id=3744, stack(0x0000000021850000,0x0000000021950000)]
  0x000000001d0df000 JavaThread "ContainerBackgroundProcessor[StandardEngine[Tomcat]]" daemon [_thread_blocked, id=9672, stack(0x0000000021750000,0x0000000021850000)]
  0x000000001829d800 JavaThread "Service Thread" daemon [_thread_blocked, id=7504, stack(0x0000000019ea0000,0x0000000019fa0000)]
  0x0000000018276000 JavaThread "C1 CompilerThread2" daemon [_thread_blocked, id=7480, stack(0x0000000019da0000,0x0000000019ea0000)]
  0x0000000018269000 JavaThread "C2 CompilerThread1" daemon [_thread_blocked, id=10968, stack(0x0000000019ca0000,0x0000000019da0000)]
  0x0000000018267000 JavaThread "C2 CompilerThread0" daemon [_thread_blocked, id=10676, stack(0x0000000019ba0000,0x0000000019ca0000)]
  0x0000000018265000 JavaThread "Attach Listener" daemon [_thread_blocked, id=7816, stack(0x0000000019aa0000,0x0000000019ba0000)]
  0x0000000018252000 JavaThread "Signal Dispatcher" daemon [_thread_blocked, id=1052, stack(0x00000000199a0000,0x0000000019aa0000)]
=>0x000000001822a800 JavaThread "Finalizer" daemon [_thread_in_native, id=10164, stack(0x00000000194a0000,0x00000000195a0000)]
  0x0000000018209000 JavaThread "Reference Handler" daemon [_thread_blocked, id=7256, stack(0x00000000193a0000,0x00000000194a0000)]

Other Threads:
  0x0000000018207800 VMThread [stack: 0x00000000192a0000,0x00000000193a0000] [id=11632]
  0x0000000019699000 WatcherThread [stack: 0x0000000019fa0000,0x000000001a0a0000] [id=8020]

VM state:not at safepoint (normal execution)

VM Mutex/Monitor currently owned by a thread: None

Heap:
 PSYoungGen      total 146432K, used 7176K [0x00000000d6300000, 0x00000000e1b00000, 0x0000000100000000)
  eden space 131584K, 2% used [0x00000000d6300000,0x00000000d65bcfe0,0x00000000de380000)
  from space 14848K, 29% used [0x00000000de380000,0x00000000de7c50d8,0x00000000df200000)
  to   space 14848K, 0% used [0x00000000e0c80000,0x00000000e0c80000,0x00000000e1b00000)
 ParOldGen       total 109056K, used 23279K [0x0000000082800000, 0x0000000089280000, 0x00000000d6300000)
  object space 109056K, 21% used [0x0000000082800000,0x0000000083ebbcb8,0x0000000089280000)
 Metaspace       used 38847K, capacity 39294K, committed 39680K, reserved 1083392K
  class space    used 4644K, capacity 4805K, committed 4864K, reserved 1048576K

Card table byte_map: [0x0000000012b60000,0x0000000012f50000] byte_map_base: 0x000000001274c000

Marking Bits: (ParMarkBitMap*) 0x000000005c45a6c0
 Begin Bits: [0x00000000135f0000, 0x0000000015550000)
 End Bits:   [0x0000000015550000, 0x00000000174b0000)

Polling page: 0x0000000001450000

CodeCache: size=245760Kb used=14666Kb max_used=14874Kb free=231093Kb
 bounds [0x00000000037a0000, 0x0000000004660000, 0x00000000127a0000]
 total_blobs=4708 nmethods=3980 adapters=640
 compilation: enabled

Compilation events (10 events):
Event: 718.440 Thread 0x0000000018269000 nmethod 4638 0x0000000003e0b690 code [0x0000000003e0b840, 0x0000000003e0c188]
Event: 718.440 Thread 0x0000000018269000 4635       4       java.lang.ref.Finalizer::access$100 (6 bytes)
Event: 718.443 Thread 0x0000000018267000 nmethod 4634 0x0000000003e0aad0 code [0x0000000003e0ac60, 0x0000000003e0b390]
Event: 718.443 Thread 0x0000000018267000 4636   !   4       java.lang.ref.Finalizer::runFinalizer (62 bytes)
Event: 718.447 Thread 0x0000000018269000 nmethod 4635 0x0000000003e0a050 code [0x0000000003e0a1c0, 0x0000000003e0a778]
Event: 718.447 Thread 0x0000000018269000 4637   !   4       java.lang.ref.Finalizer::remove (94 bytes)
Event: 718.450 Thread 0x0000000018267000 nmethod 4636 0x0000000003e09650 code [0x0000000003e097c0, 0x0000000003e09d98]
Event: 718.450 Thread 0x0000000018269000 nmethod 4637 0x0000000003a9a490 code [0x0000000003a9a5e0, 0x0000000003a9a8d8]
Event: 718.450 Thread 0x0000000018269000 4639       4       java.lang.ref.ReferenceQueue::reallyPoll (66 bytes)
Event: 718.451 Thread 0x0000000018269000 nmethod 4639 0x0000000003adee50 code [0x0000000003adef80, 0x0000000003adf0b8]

GC Heap History (10 events):
Event: 4.080 GC heap before
{Heap before GC invocations=7 (full 1):
 PSYoungGen      total 70656K, used 70638K [0x00000000d6300000, 0x00000000dd700000, 0x0000000100000000)
  eden space 65536K, 100% used [0x00000000d6300000,0x00000000da300000,0x00000000da300000)
  from space 5120K, 99% used [0x00000000da300000,0x00000000da7fb870,0x00000000da800000)
  to   space 11776K, 0% used [0x00000000dcb80000,0x00000000dcb80000,0x00000000dd700000)
 ParOldGen       total 67072K, used 11131K [0x0000000082800000, 0x0000000086980000, 0x00000000d6300000)
  object space 67072K, 16% used [0x0000000082800000,0x00000000832dedc8,0x0000000086980000)
 Metaspace       used 28144K, capacity 28498K, committed 28672K, reserved 1075200K
  class space    used 3405K, capacity 3510K, committed 3584K, reserved 1048576K
Event: 4.090 GC heap after
Heap after GC invocations=7 (full 1):
 PSYoungGen      total 101888K, used 7778K [0x00000000d6300000, 0x00000000dd400000, 0x0000000100000000)
  eden space 93184K, 0% used [0x00000000d6300000,0x00000000d6300000,0x00000000dbe00000)
  from space 8704K, 89% used [0x00000000dcb80000,0x00000000dd318968,0x00000000dd400000)
  to   space 11264K, 0% used [0x00000000dbe00000,0x00000000dbe00000,0x00000000dc900000)
 ParOldGen       total 67072K, used 11139K [0x0000000082800000, 0x0000000086980000, 0x00000000d6300000)
  object space 67072K, 16% used [0x0000000082800000,0x00000000832e0dc8,0x0000000086980000)
 Metaspace       used 28144K, capacity 28498K, committed 28672K, reserved 1075200K
  class space    used 3405K, capacity 3510K, committed 3584K, reserved 1048576K
}
Event: 5.060 GC heap before
{Heap before GC invocations=8 (full 1):
 PSYoungGen      total 101888K, used 100962K [0x00000000d6300000, 0x00000000dd400000, 0x0000000100000000)
  eden space 93184K, 100% used [0x00000000d6300000,0x00000000dbe00000,0x00000000dbe00000)
  from space 8704K, 89% used [0x00000000dcb80000,0x00000000dd318968,0x00000000dd400000)
  to   space 11264K, 0% used [0x00000000dbe00000,0x00000000dbe00000,0x00000000dc900000)
 ParOldGen       total 67072K, used 11139K [0x0000000082800000, 0x0000000086980000, 0x00000000d6300000)
  object space 67072K, 16% used [0x0000000082800000,0x00000000832e0dc8,0x0000000086980000)
 Metaspace       used 30205K, capacity 30618K, committed 30976K, reserved 1077248K
  class space    used 3681K, capacity 3778K, committed 3840K, reserved 1048576K
Event: 5.082 GC heap after
Heap after GC invocations=8 (full 1):
 PSYoungGen      total 104448K, used 10269K [0x00000000d6300000, 0x00000000dfe00000, 0x0000000100000000)
  eden space 93184K, 0% used [0x00000000d6300000,0x00000000d6300000,0x00000000dbe00000)
  from space 11264K, 91% used [0x00000000dbe00000,0x00000000dc807530,0x00000000dc900000)
  to   space 12288K, 0% used [0x00000000df200000,0x00000000df200000,0x00000000dfe00000)
 ParOldGen       total 67072K, used 11147K [0x0000000082800000, 0x0000000086980000, 0x00000000d6300000)
  object space 67072K, 16% used [0x0000000082800000,0x00000000832e2dc8,0x0000000086980000)
 Metaspace       used 30205K, capacity 30618K, committed 30976K, reserved 1077248K
  class space    used 3681K, capacity 3778K, committed 3840K, reserved 1048576K
}
Event: 6.073 GC heap before
{Heap before GC invocations=9 (full 1):
 PSYoungGen      total 104448K, used 96480K [0x00000000d6300000, 0x00000000dfe00000, 0x0000000100000000)
  eden space 93184K, 92% used [0x00000000d6300000,0x00000000db730c70,0x00000000dbe00000)
  from space 11264K, 91% used [0x00000000dbe00000,0x00000000dc807530,0x00000000dc900000)
  to   space 12288K, 0% used [0x00000000df200000,0x00000000df200000,0x00000000dfe00000)
 ParOldGen       total 67072K, used 11147K [0x0000000082800000, 0x0000000086980000, 0x00000000d6300000)
  object space 67072K, 16% used [0x0000000082800000,0x00000000832e2dc8,0x0000000086980000)
 Metaspace       used 34902K, capacity 35236K, committed 35496K, reserved 1081344K
  class space    used 4193K, capacity 4314K, committed 4352K, reserved 1048576K
Event: 6.095 GC heap after
Heap after GC invocations=9 (full 1):
 PSYoungGen      total 143872K, used 12278K [0x00000000d6300000, 0x00000000e0400000, 0x0000000100000000)
  eden space 131584K, 0% used [0x00000000d6300000,0x00000000d6300000,0x00000000de380000)
  from space 12288K, 99% used [0x00000000df200000,0x00000000dfdfdb80,0x00000000dfe00000)
  to   space 14848K, 0% used [0x00000000de380000,0x00000000de380000,0x00000000df200000)
 ParOldGen       total 67072K, used 13750K [0x0000000082800000, 0x0000000086980000, 0x00000000d6300000)
  object space 67072K, 20% used [0x0000000082800000,0x000000008356d868,0x0000000086980000)
 Metaspace       used 34902K, capacity 35236K, committed 35496K, reserved 1081344K
  class space    used 4193K, capacity 4314K, committed 4352K, reserved 1048576K
}
Event: 6.095 GC heap before
{Heap before GC invocations=10 (full 2):
 PSYoungGen      total 143872K, used 12278K [0x00000000d6300000, 0x00000000e0400000, 0x0000000100000000)
  eden space 131584K, 0% used [0x00000000d6300000,0x00000000d6300000,0x00000000de380000)
  from space 12288K, 99% used [0x00000000df200000,0x00000000dfdfdb80,0x00000000dfe00000)
  to   space 14848K, 0% used [0x00000000de380000,0x00000000de380000,0x00000000df200000)
 ParOldGen       total 67072K, used 13750K [0x0000000082800000, 0x0000000086980000, 0x00000000d6300000)
  object space 67072K, 20% used [0x0000000082800000,0x000000008356d868,0x0000000086980000)
 Metaspace       used 34902K, capacity 35236K, committed 35496K, reserved 1081344K
  class space    used 4193K, capacity 4314K, committed 4352K, reserved 1048576K
Event: 6.229 GC heap after
Heap after GC invocations=10 (full 2):
 PSYoungGen      total 143872K, used 0K [0x00000000d6300000, 0x00000000e0400000, 0x0000000100000000)
  eden space 131584K, 0% used [0x00000000d6300000,0x00000000d6300000,0x00000000de380000)
  from space 12288K, 0% used [0x00000000df200000,0x00000000df200000,0x00000000dfe00000)
  to   space 14848K, 0% used [0x00000000de380000,0x00000000de380000,0x00000000df200000)
 ParOldGen       total 109056K, used 23271K [0x0000000082800000, 0x0000000089280000, 0x00000000d6300000)
  object space 109056K, 21% used [0x0000000082800000,0x0000000083eb9cb8,0x0000000089280000)
 Metaspace       used 34902K, capacity 35236K, committed 35496K, reserved 1081344K
  class space    used 4193K, capacity 4314K, committed 4352K, reserved 1048576K
}
Event: 718.417 GC heap before
{Heap before GC invocations=11 (full 2):
 PSYoungGen      total 143872K, used 131584K [0x00000000d6300000, 0x00000000e0400000, 0x0000000100000000)
  eden space 131584K, 100% used [0x00000000d6300000,0x00000000de380000,0x00000000de380000)
  from space 12288K, 0% used [0x00000000df200000,0x00000000df200000,0x00000000dfe00000)
  to   space 14848K, 0% used [0x00000000de380000,0x00000000de380000,0x00000000df200000)
 ParOldGen       total 109056K, used 23271K [0x0000000082800000, 0x0000000089280000, 0x00000000d6300000)
  object space 109056K, 21% used [0x0000000082800000,0x0000000083eb9cb8,0x0000000089280000)
 Metaspace       used 38843K, capacity 39294K, committed 39680K, reserved 1083392K
  class space    used 4644K, capacity 4805K, committed 4864K, reserved 1048576K
Event: 718.425 GC heap after
Heap after GC invocations=11 (full 2):
 PSYoungGen      total 146432K, used 4372K [0x00000000d6300000, 0x00000000e1b00000, 0x0000000100000000)
  eden space 131584K, 0% used [0x00000000d6300000,0x00000000d6300000,0x00000000de380000)
  from space 14848K, 29% used [0x00000000de380000,0x00000000de7c50d8,0x00000000df200000)
  to   space 14848K, 0% used [0x00000000e0c80000,0x00000000e0c80000,0x00000000e1b00000)
 ParOldGen       total 109056K, used 23279K [0x0000000082800000, 0x0000000089280000, 0x00000000d6300000)
  object space 109056K, 21% used [0x0000000082800000,0x0000000083ebbcb8,0x0000000089280000)
 Metaspace       used 38843K, capacity 39294K, committed 39680K, reserved 1083392K
  class space    used 4644K, capacity 4805K, committed 4864K, reserved 1048576K
}

Deoptimization events (10 events):
Event: 13.432 Thread 0x000000001fa76800 Uncommon trap: reason=bimorphic action=maybe_recompile pc=0x00000000041e2ef0 method=java.util.concurrent.ConcurrentHashMap.putVal(Ljava/lang/Object;Ljava/lang/Object;Z)Ljava/lang/Object; @ 192
Event: 15.115 Thread 0x000000001ac12800 Uncommon trap: reason=class_check action=maybe_recompile pc=0x0000000003d56154 method=java.util.regex.Pattern$7.isSatisfiedBy(I)Z @ 16
Event: 15.115 Thread 0x000000001ac12800 Uncommon trap: reason=class_check action=maybe_recompile pc=0x0000000003d56154 method=java.util.regex.Pattern$7.isSatisfiedBy(I)Z @ 16
Event: 15.115 Thread 0x000000001ac12800 Uncommon trap: reason=class_check action=maybe_recompile pc=0x0000000003d56164 method=java.util.regex.Pattern$CharProperty$1.isSatisfiedBy(I)Z @ 5
Event: 15.115 Thread 0x000000001ac12800 Uncommon trap: reason=bimorphic action=maybe_recompile pc=0x00000000039ea9e0 method=java.util.regex.Pattern$CharProperty$1.isSatisfiedBy(I)Z @ 5
Event: 15.115 Thread 0x000000001ac12800 Uncommon trap: reason=bimorphic action=maybe_recompile pc=0x00000000039ea9e0 method=java.util.regex.Pattern$CharProperty$1.isSatisfiedBy(I)Z @ 5
Event: 15.116 Thread 0x000000001ac12800 Uncommon trap: reason=bimorphic action=maybe_recompile pc=0x00000000039ea9e0 method=java.util.regex.Pattern$CharProperty$1.isSatisfiedBy(I)Z @ 5
Event: 15.116 Thread 0x000000001ac12800 Uncommon trap: reason=bimorphic action=maybe_recompile pc=0x00000000039ea9e0 method=java.util.regex.Pattern$CharProperty$1.isSatisfiedBy(I)Z @ 5
Event: 15.220 Thread 0x000000001ac12800 Uncommon trap: reason=unstable_if action=reinterpret pc=0x000000000391c6a8 method=sun.misc.FloatingDecimal.readJavaFormatString(Ljava/lang/String;)Lsun/misc/FloatingDecimal$ASCIIToBinaryConverter; @ 263
Event: 21.246 Thread 0x000000001fa76800 Uncommon trap: reason=unstable_if action=reinterpret pc=0x0000000003ae0d14 method=com.opencsv.CSVParser.parseLine(Ljava/lang/String;Z)[Ljava/lang/String; @ 180

Internal exceptions (10 events):
Event: 12.642 Thread 0x000000001fa75000 Exception <a 'java/lang/ClassNotFoundException': org/springframework/context/support/ApplicationObjectSupportCustomizer> (0x00000000d7017e68) thrown at [C:\re\workspace\8-2-build-windows-amd64-cygwin\jdk8u111\7883\hotspot\src\share\vm\classfile\systemDict
Event: 12.645 Thread 0x000000001fa75000 Exception <a 'java/lang/ClassNotFoundException': org/springframework/web/context/support/WebApplicationObjectSupportCustomizer> (0x00000000d7046940) thrown at [C:\re\workspace\8-2-build-windows-amd64-cygwin\jdk8u111\7883\hotspot\src\share\vm\classfile\sys
Event: 12.647 Thread 0x000000001fa75000 Exception <a 'java/lang/ClassNotFoundException': org/thymeleaf/spring4/view/AbstractThymeleafViewCustomizer> (0x00000000d706ae60) thrown at [C:\re\workspace\8-2-build-windows-amd64-cygwin\jdk8u111\7883\hotspot\src\share\vm\classfile\systemDictionary.cpp, 
Event: 12.649 Thread 0x000000001fa75000 Exception <a 'java/lang/ClassNotFoundException': org/thymeleaf/spring4/view/ThymeleafViewCustomizer> (0x00000000d709a0b8) thrown at [C:\re\workspace\8-2-build-windows-amd64-cygwin\jdk8u111\7883\hotspot\src\share\vm\classfile\systemDictionary.cpp, line 210
Event: 12.651 Thread 0x000000001fa75000 Exception <a 'java/lang/ClassNotFoundException': org/springframework/web/servlet/ViewCustomizer> (0x00000000d70c5010) thrown at [C:\re\workspace\8-2-build-windows-amd64-cygwin\jdk8u111\7883\hotspot\src\share\vm\classfile\systemDictionary.cpp, line 210]
Event: 12.653 Thread 0x000000001fa75000 Exception <a 'java/lang/ClassNotFoundException': org/springframework/beans/factory/BeanNameAwareCustomizer> (0x00000000d70e9d78) thrown at [C:\re\workspace\8-2-build-windows-amd64-cygwin\jdk8u111\7883\hotspot\src\share\vm\classfile\systemDictionary.cpp, l
Event: 12.653 Thread 0x000000001fa75000 Exception <a 'java/lang/ClassNotFoundException': org/springframework/web/context/ServletContextAwareCustomizer> (0x00000000d710e8f8) thrown at [C:\re\workspace\8-2-build-windows-amd64-cygwin\jdk8u111\7883\hotspot\src\share\vm\classfile\systemDictionary.cp
Event: 12.654 Thread 0x000000001fa75000 Exception <a 'java/lang/ClassNotFoundException': org/springframework/context/ApplicationContextAwareCustomizer> (0x00000000d71334b0) thrown at [C:\re\workspace\8-2-build-windows-amd64-cygwin\jdk8u111\7883\hotspot\src\share\vm\classfile\systemDictionary.cp
Event: 13.323 Thread 0x000000001ac10800 Exception <a 'java/io/FileNotFoundException'> (0x00000000d7fede38) thrown at [C:\re\workspace\8-2-build-windows-amd64-cygwin\jdk8u111\7883\hotspot\src\share\vm\prims\jni.cpp, line 709]
Event: 13.323 Thread 0x000000001ac10800 Exception <a 'java/io/FileNotFoundException'> (0x00000000d7fee888) thrown at [C:\re\workspace\8-2-build-windows-amd64-cygwin\jdk8u111\7883\hotspot\src\share\vm\prims\jni.cpp, line 709]

Events (10 events):
Event: 718.426 Executing VM operation: RevokeBias done
Event: 718.426 Executing VM operation: RevokeBias
Event: 718.426 Executing VM operation: RevokeBias done
Event: 718.426 Executing VM operation: RevokeBias
Event: 718.426 Executing VM operation: RevokeBias done
Event: 718.431 Thread 0x0000000018269000 flushing nmethod 0x00000000038c12d0
Event: 718.433 Thread 0x0000000018267000 flushing nmethod 0x0000000003a47a90
Event: 718.434 Thread 0x0000000018276000 flushing nmethod 0x0000000003a79f10
Event: 718.434 Thread 0x0000000018276000 flushing nmethod 0x0000000003a9a490
Event: 718.434 Thread 0x0000000018276000 flushing nmethod 0x0000000003aded50


Dynamic libraries:
0x00007ff76d270000 - 0x00007ff76d2a7000 	C:\Program Files\Java\jdk1.8.0_111\bin\javaw.exe
0x00007ffcf4460000 - 0x00007ffcf4631000 	C:\WINDOWS\SYSTEM32\ntdll.dll
0x00007ffcf4150000 - 0x00007ffcf41fc000 	C:\WINDOWS\System32\KERNEL32.DLL
0x00007ffcf17b0000 - 0x00007ffcf19cd000 	C:\WINDOWS\System32\KERNELBASE.dll
0x00007ffcf3a60000 - 0x00007ffcf3b02000 	C:\WINDOWS\System32\ADVAPI32.dll
0x00007ffcf1a30000 - 0x00007ffcf1ace000 	C:\WINDOWS\System32\msvcrt.dll
0x00007ffcf19d0000 - 0x00007ffcf1a29000 	C:\WINDOWS\System32\sechost.dll
0x00007ffcf3660000 - 0x00007ffcf3781000 	C:\WINDOWS\System32\RPCRT4.dll
0x00007ffcf4210000 - 0x00007ffcf4375000 	C:\WINDOWS\System32\USER32.dll
0x00007ffcf1570000 - 0x00007ffcf158e000 	C:\WINDOWS\System32\win32u.dll
0x00007ffcf3fd0000 - 0x00007ffcf4004000 	C:\WINDOWS\System32\GDI32.dll
0x00007ffcf0930000 - 0x00007ffcf0ab2000 	C:\WINDOWS\System32\gdi32full.dll
0x00007ffce64a0000 - 0x00007ffce671a000 	C:\WINDOWS\WinSxS\amd64_microsoft.windows.common-controls_6595b64144ccf1df_6.0.14393.953_none_42151e83c686086b\COMCTL32.dll
0x00007ffcf3cd0000 - 0x00007ffcf3f98000 	C:\WINDOWS\System32\combase.dll
0x00007ffcf1470000 - 0x00007ffcf1565000 	C:\WINDOWS\System32\ucrtbase.dll
0x00007ffcf0cc0000 - 0x00007ffcf0d2a000 	C:\WINDOWS\System32\bcryptPrimitives.dll
0x00007ffcf3fa0000 - 0x00007ffcf3fce000 	C:\WINDOWS\System32\IMM32.DLL
0x000000005c4e0000 - 0x000000005c5b2000 	C:\Program Files\Java\jdk1.8.0_111\jre\bin\msvcr100.dll
0x000000005bc40000 - 0x000000005c4da000 	C:\Program Files\Java\jdk1.8.0_111\jre\bin\server\jvm.dll
0x00007ffcf3a50000 - 0x00007ffcf3a58000 	C:\WINDOWS\System32\PSAPI.DLL
0x00007ffce48e0000 - 0x00007ffce48e9000 	C:\WINDOWS\SYSTEM32\WSOCK32.dll
0x00007ffcf4380000 - 0x00007ffcf43ea000 	C:\WINDOWS\System32\WS2_32.dll
0x00007ffce5bc0000 - 0x00007ffce5bca000 	C:\WINDOWS\SYSTEM32\VERSION.dll
0x00007ffceeab0000 - 0x00007ffceead3000 	C:\WINDOWS\SYSTEM32\WINMM.dll
0x00007ffceea50000 - 0x00007ffceea7b000 	C:\WINDOWS\SYSTEM32\WINMMBASE.dll
0x00007ffcf1760000 - 0x00007ffcf17a2000 	C:\WINDOWS\System32\cfgmgr32.dll
0x000000005bc30000 - 0x000000005bc3f000 	C:\Program Files\Java\jdk1.8.0_111\jre\bin\verify.dll
0x000000005bc00000 - 0x000000005bc29000 	C:\Program Files\Java\jdk1.8.0_111\jre\bin\java.dll
0x000000005bbe0000 - 0x000000005bbf6000 	C:\Program Files\Java\jdk1.8.0_111\jre\bin\zip.dll
0x00007ffcf1ad0000 - 0x00007ffcf2fd8000 	C:\WINDOWS\System32\SHELL32.dll
0x00007ffcf0d30000 - 0x00007ffcf140a000 	C:\WINDOWS\System32\windows.storage.dll
0x00007ffcf08c0000 - 0x00007ffcf090c000 	C:\WINDOWS\System32\powrprof.dll
0x00007ffcf3600000 - 0x00007ffcf3652000 	C:\WINDOWS\System32\shlwapi.dll
0x00007ffcf0910000 - 0x00007ffcf091f000 	C:\WINDOWS\System32\kernel.appcore.dll
0x00007ffcf0b60000 - 0x00007ffcf0c09000 	C:\WINDOWS\System32\shcore.dll
0x00007ffcf08a0000 - 0x00007ffcf08b4000 	C:\WINDOWS\System32\profapi.dll
0x000000005bbd0000 - 0x000000005bbdd000 	C:\Program Files\Java\jdk1.8.0_111\jre\bin\management.dll
0x000000005bbb0000 - 0x000000005bbca000 	C:\Program Files\Java\jdk1.8.0_111\jre\bin\net.dll
0x00007ffcf0170000 - 0x00007ffcf01cc000 	C:\WINDOWS\system32\mswsock.dll
0x00007ffcdc1b0000 - 0x00007ffcdc1c6000 	C:\WINDOWS\system32\napinsp.dll
0x00007ffcdc1f0000 - 0x00007ffcdc20a000 	C:\WINDOWS\system32\pnrpnsp.dll
0x00007ffcee5e0000 - 0x00007ffcee5f8000 	C:\WINDOWS\system32\NLAapi.dll
0x00007ffceff30000 - 0x00007ffceffd1000 	C:\WINDOWS\SYSTEM32\DNSAPI.dll
0x00007ffcf4200000 - 0x00007ffcf4208000 	C:\WINDOWS\System32\NSI.dll
0x00007ffcefef0000 - 0x00007ffceff28000 	C:\WINDOWS\SYSTEM32\IPHLPAPI.DLL
0x00007ffcdc210000 - 0x00007ffcdc21e000 	C:\WINDOWS\System32\winrnr.dll
0x00007ffcdc1d0000 - 0x00007ffcdc1e5000 	C:\WINDOWS\System32\wshbth.dll
0x00007ffce5cb0000 - 0x00007ffce5cba000 	C:\Windows\System32\rasadhlp.dll
0x00007ffce85a0000 - 0x00007ffce860a000 	C:\WINDOWS\System32\fwpuclnt.dll
0x00007ffcf07e0000 - 0x00007ffcf080b000 	C:\WINDOWS\SYSTEM32\bcrypt.dll
0x000000005bb90000 - 0x000000005bba1000 	C:\Program Files\Java\jdk1.8.0_111\jre\bin\nio.dll
0x00007ffcf0310000 - 0x00007ffcf0327000 	C:\WINDOWS\SYSTEM32\CRYPTSP.dll
0x00007ffcefd70000 - 0x00007ffcefda3000 	C:\WINDOWS\system32\rsaenh.dll
0x00007ffcefff0000 - 0x00007ffcf000f000 	C:\WINDOWS\SYSTEM32\USERENV.dll
0x00007ffcf0330000 - 0x00007ffcf033b000 	C:\WINDOWS\SYSTEM32\CRYPTBASE.dll
0x00007ffcec7e0000 - 0x00007ffcec7f6000 	C:\WINDOWS\SYSTEM32\dhcpcsvc6.DLL
0x00007ffcecca0000 - 0x00007ffceccba000 	C:\WINDOWS\SYSTEM32\dhcpcsvc.DLL
0x000000005bb60000 - 0x000000005bb84000 	C:\Program Files\Java\jdk1.8.0_111\jre\bin\sunec.dll
0x00007ffceb6c0000 - 0x00007ffceb6df000 	C:\NeticaJ_504\bin\NeticaJ.dll
0x0000000180000000 - 0x000000018029a000 	C:\NeticaJ_504\bin\Netica.dll
0x00007ffcf4010000 - 0x00007ffcf4148000 	C:\WINDOWS\System32\ole32.dll
0x00007ffccdcc0000 - 0x00007ffccdd6f000 	C:\WINDOWS\SYSTEM32\ODBC32.dll
0x00007ffcefdb0000 - 0x00007ffcefdba000 	C:\WINDOWS\SYSTEM32\DPAPI.dll
0x00007ffcf0570000 - 0x00007ffcf059c000 	C:\WINDOWS\SYSTEM32\SspiCli.dll
0x00007ffce17c0000 - 0x00007ffce1952000 	C:\WINDOWS\SYSTEM32\dbghelp.dll

VM Arguments:
jvm_args: -Djava.library.path=C:\NeticaJ_504\bin -Dfile.encoding=UTF-8 
java_command: com.realsight.westworld.engine.Application
java_class_path (initial): D:\workspace\westworld\engine\target\classes;C:\Users\wubin\.m2\repository\org\json\json\20160810\json-20160810.jar;C:\Users\wubin\.m2\repository\org\springframework\boot\spring-boot-starter-web\1.5.2.RELEASE\spring-boot-starter-web-1.5.2.RELEASE.jar;C:\Users\wubin\.m2\repository\org\springframework\boot\spring-boot-starter\1.5.2.RELEASE\spring-boot-starter-1.5.2.RELEASE.jar;C:\Users\wubin\.m2\repository\org\springframework\boot\spring-boot\1.5.2.RELEASE\spring-boot-1.5.2.RELEASE.jar;C:\Users\wubin\.m2\repository\org\springframework\boot\spring-boot-autoconfigure\1.5.2.RELEASE\spring-boot-autoconfigure-1.5.2.RELEASE.jar;C:\Users\wubin\.m2\repository\org\springframework\boot\spring-boot-starter-logging\1.5.2.RELEASE\spring-boot-starter-logging-1.5.2.RELEASE.jar;C:\Users\wubin\.m2\repository\org\slf4j\jul-to-slf4j\1.7.24\jul-to-slf4j-1.7.24.jar;C:\Users\wubin\.m2\repository\org\slf4j\log4j-over-slf4j\1.7.24\log4j-over-slf4j-1.7.24.jar;C:\Users\wubin\.m2\repository\org\springframework\spring-core\4.3.7.RELEASE\spring-core-4.3.7.RELEASE.jar;C:\Users\wubin\.m2\repository\org\yaml\snakeyaml\1.17\snakeyaml-1.17.jar;C:\Users\wubin\.m2\repository\org\springframework\boot\spring-boot-starter-tomcat\1.5.2.RELEASE\spring-boot-starter-tomcat-1.5.2.RELEASE.jar;C:\Users\wubin\.m2\repository\org\apache\tomcat\embed\tomcat-embed-core\8.5.11\tomcat-embed-core-8.5.11.jar;C:\Users\wubin\.m2\repository\org\apache\tomcat\embed\tomcat-embed-el\8.5.11\tomcat-embed-el-8.5.11.jar;C:\Users\wubin\.m2\repository\org\apache\tomcat\embed\tomcat-embed-websocket\8.5.11\tomcat-embed-websocket-8.5.11.jar;C:\Users\wubin\.m2\repository\org\hibernate\hibernate-validator\5.3.4.Final\hibernate-validator-5.3.4.Final.jar;C:\Users\wubin\.m2\repository\javax\validation\validation-api\1.1.0.Final\validation-api-1.1.0.Final.jar;C:\Users\wubin\.m2\repository\org\jboss\logging\jboss-logging\3.3.0.Final\jboss-logging-3.3.0.Final.jar;C:\Users\wubin\.m2\repository\com\fasterxml\classmate
Launcher Type: SUN_STANDARD

Environment Variables:
JAVA_HOME=C:\Program Files\Java\jdk1.8.0_111
CLASSPATH=.;C:\Program Files\Java\jdk1.8.0_111\lib;C:\Program Files\Java\jdk1.8.0_111\lib\tools.jar
PATH=C:/NeticaJ_504/bin;%PATH%
USERNAME=wubin
OS=Windows_NT
PROCESSOR_IDENTIFIER=Intel64 Family 6 Model 58 Stepping 9, GenuineIntel



---------------  S Y S T E M  ---------------

OS: Windows 10.0 , 64 bit Build 14393 (10.0.14393.1198)

CPU:total 4 (2 cores per cpu, 2 threads per core) family 6 model 58 stepping 9, cmov, cx8, fxsr, mmx, sse, sse2, sse3, ssse3, sse4.1, sse4.2, popcnt, avx, aes, clmul, erms, ht, tsc, tscinvbit, tscinv

Memory: 4k page, physical 8223080k(4195448k free), swap 16611688k(11987628k free)

vm_info: Java HotSpot(TM) 64-Bit Server VM (25.111-b14) for windows-amd64 JRE (1.8.0_111-b14), built on Sep 22 2016 19:24:05 by "java_re" with MS VC++ 10.0 (VS2010)

time: Wed May 17 09:26:10 2017
elapsed time: 718 seconds (0d 0h 11m 58s)

