#
# A fatal error has been detected by the Java Runtime Environment:
#
#  EXCEPTION_ACCESS_VIOLATION (0xc0000005) at pc=0x0000000180182d55, pid=5812, tid=0x00000000000019b0
#
# JRE version: Java(TM) SE Runtime Environment (8.0_111-b14) (build 1.8.0_111-b14)
# Java VM: Java HotSpot(TM) 64-Bit Server VM (25.111-b14 mixed mode windows-amd64 compressed oops)
# Problematic frame:
# C  [Netica.dll+0x182d55]
#
# Failed to write core dump. Minidumps are not enabled by default on client versions of Windows
#
# If you would like to submit a bug report, please visit:
#   http://bugreport.java.com/bugreport/crash.jsp
# The crash happened outside the Java Virtual Machine in native code.
# See problematic frame for where to report the bug.
#

---------------  T H R E A D  ---------------

Current thread (0x0000000017fe0000):  JavaThread "Finalizer" daemon [_thread_in_native, id=6576, stack(0x0000000019240000,0x0000000019340000)]

siginfo: ExceptionCode=0xc0000005, reading address 0x000000001fea3ee0

Registers:
RAX=0x00007ff9b3dd47b0, RBX=0x0000000000000000, RCX=0x000000001fea3ee0, RDX=0x000000001933f510
RSP=0x000000001933f3e8, RBP=0x000000001933f410, RSI=0x00000000e42e4dc8, RDI=0x00000000124fc000
R8 =0x000000001fea3ee0, R9 =0x0000000000000000, R10=0x0000000003567f48, R11=0x0000000052e6b580
R12=0x0000000000000000, R13=0x00000000221ecb58, R14=0x000000001933f538, R15=0x0000000017fe0000
RIP=0x0000000180182d55, EFLAGS=0x0000000000010202

Top of Stack: (sp=0x000000001933f3e8)
0x000000001933f3e8:   00000001800b74ba 0000000017fb6ac0
0x000000001933f3f8:   0000000052cfb0b6 000000001933f8a8
0x000000001933f408:   000000000355835d 000000000000000e
0x000000001933f418:   fffffffffffffffe 00000000221ecb58
0x000000001933f428:   0000000017fe0000 00000000221ecb58
0x000000001933f438:   0000000017fe0000 000000001933f500
0x000000001933f448:   00007ff9b3dd47c2 000000001fea3ee0
0x000000001933f458:   0000000017fe0000 00000000221ecb58
0x000000001933f468:   00000000e42e4dc8 00000000221ecb58
0x000000001933f478:   0000000003567f74 00000000124fc000
0x000000001933f488:   0000000003567cdd 0000000017fe0000
0x000000001933f498:   00000000221ecb58 00000000e42e4dc8
0x000000001933f4a8:   0000000017fe0000 000000001933f598
0x000000001933f4b8:   0000000003567ca2 000000001933f4c0
0x000000001933f4c8:   00000000221ecb58 000000001933f538
0x000000001933f4d8:   00000000221f49c0 0000000000000000 

Instructions: (pc=0x0000000180182d55)
0x0000000180182d35:   c9 f2 0f 59 49 30 eb 04 f3 0f 5a c9 0f 28 c1 c3
0x0000000180182d45:   48 8d 76 00 48 8d bf 00 00 00 00 48 85 c9 74 0d
0x0000000180182d55:   0f b7 01 25 ff 0f 00 00 83 f8 0f 74 03 33 c0 c3
0x0000000180182d65:   48 8b 51 08 48 85 d2 74 0d 0f b7 02 25 ff 0f 00 


Register to memory mapping:

RAX=0x00007ff9b3dd47b0 is an unknown value
RBX=0x0000000000000000 is an unknown value
RCX=0x000000001fea3ee0 is an unknown value
RDX=0x000000001933f510 is pointing into the stack for thread: 0x0000000017fe0000
RSP=0x000000001933f3e8 is pointing into the stack for thread: 0x0000000017fe0000
RBP=0x000000001933f410 is pointing into the stack for thread: 0x0000000017fe0000
RSI=0x00000000e42e4dc8 is an oop
norsys.netica.Environ 
 - klass: 'norsys/netica/Environ'
RDI=0x00000000124fc000 is an unknown value
R8 =0x000000001fea3ee0 is an unknown value
R9 =0x0000000000000000 is an unknown value
R10=0x0000000003567f48 is at code_begin+840 in an Interpreter codelet
method entry point (kind = native)  [0x0000000003567c00, 0x0000000003568560]  2400 bytes
R11=0x0000000052e6b580 is an unknown value
R12=0x0000000000000000 is an unknown value
R13={method} {0x00000000221ecb60} 'DeleteStream_ns' '(JJ)V' in 'norsys/netica/NETICA'
R14=0x000000001933f538 is pointing into the stack for thread: 0x0000000017fe0000
R15=0x0000000017fe0000 is a thread


Stack: [0x0000000019240000,0x0000000019340000],  sp=0x000000001933f3e8,  free space=1020k
Native frames: (J=compiled Java code, j=interpreted, Vv=VM code, C=native code)
C  [Netica.dll+0x182d55]

Java frames: (J=compiled Java code, j=interpreted, Vv=VM code)
j  norsys.netica.NETICA.DeleteStream_ns(JJ)V+0
j  norsys.netica.Streamer.finalize()V+50
J 3998 C2 java.lang.ref.Finalizer.access$100(Ljava/lang/ref/Finalizer;Lsun/misc/JavaLangAccess;)V (6 bytes) @ 0x00000000037b2114 [0x00000000037b1f40+0x1d4]
j  java.lang.ref.Finalizer$FinalizerThread.run()V+45
v  ~StubRoutines::call_stub

---------------  P R O C E S S  ---------------

Java Threads: ( => current thread )
  0x000000001c7c4000 JavaThread "Scheduler-535352603" [_thread_blocked, id=1760, stack(0x0000000022060000,0x0000000022160000)]
  0x000000001c7c3800 JavaThread "qtp405252209-29" [_thread_blocked, id=9976, stack(0x0000000021f60000,0x0000000022060000)]
  0x000000001c7bf800 JavaThread "qtp405252209-26" [_thread_in_native, id=10892, stack(0x0000000021c60000,0x0000000021d60000)]
  0x000000001c7bf000 JavaThread "qtp405252209-25" [_thread_blocked, id=9016, stack(0x0000000021b60000,0x0000000021c60000)]
  0x000000001c7c2800 JavaThread "DestroyJavaVM" [_thread_blocked, id=9280, stack(0x00000000032c0000,0x00000000033c0000)]
  0x000000001ea06800 JavaThread "Scheduler-2050275256" [_thread_blocked, id=6488, stack(0x0000000021860000,0x0000000021960000)]
  0x000000001ea0b000 JavaThread "qtp405252209-20" [_thread_blocked, id=9140, stack(0x0000000021760000,0x0000000021860000)]
  0x000000001ea09800 JavaThread "qtp405252209-19" [_thread_blocked, id=7704, stack(0x0000000021660000,0x0000000021760000)]
  0x000000001ea09000 JavaThread "qtp405252209-18" [_thread_blocked, id=10740, stack(0x0000000021560000,0x0000000021660000)]
  0x000000001ea08000 JavaThread "qtp405252209-17-acceptor-0@2d7fd0f0-ServerConnector@745c2004{HTTP/1.1,[http/1.1]}{0.0.0.0:8013}" [_thread_in_native, id=8384, stack(0x0000000021460000,0x0000000021560000)]
  0x000000001ea0c800 JavaThread "qtp405252209-16-lowPrioritySelector" [_thread_in_native, id=2424, stack(0x0000000020140000,0x0000000020240000)]
  0x000000001ea0a800 JavaThread "qtp405252209-15" [_thread_blocked, id=2476, stack(0x0000000020040000,0x0000000020140000)]
  0x000000001ea0c000 JavaThread "qtp405252209-14" [_thread_in_native, id=3220, stack(0x000000001ff40000,0x0000000020040000)]
  0x000000001ea07800 JavaThread "qtp405252209-13-lowPrioritySelector" [_thread_blocked, id=220, stack(0x000000001f940000,0x000000001fa40000)]
  0x000000001804b800 JavaThread "Service Thread" daemon [_thread_blocked, id=10092, stack(0x0000000019c40000,0x0000000019d40000)]
  0x0000000018021800 JavaThread "C1 CompilerThread2" daemon [_thread_blocked, id=8900, stack(0x0000000019b40000,0x0000000019c40000)]
  0x000000001801c000 JavaThread "C2 CompilerThread1" daemon [_thread_blocked, id=11156, stack(0x0000000019a40000,0x0000000019b40000)]
  0x000000001801a000 JavaThread "C2 CompilerThread0" daemon [_thread_blocked, id=2696, stack(0x0000000019940000,0x0000000019a40000)]
  0x0000000018018000 JavaThread "Attach Listener" daemon [_thread_blocked, id=5964, stack(0x0000000019840000,0x0000000019940000)]
  0x0000000018006000 JavaThread "Signal Dispatcher" daemon [_thread_blocked, id=2484, stack(0x0000000019740000,0x0000000019840000)]
=>0x0000000017fe0000 JavaThread "Finalizer" daemon [_thread_in_native, id=6576, stack(0x0000000019240000,0x0000000019340000)]
  0x0000000017fb9000 JavaThread "Reference Handler" daemon [_thread_blocked, id=8892, stack(0x0000000019140000,0x0000000019240000)]

Other Threads:
  0x0000000017fb7800 VMThread [stack: 0x0000000019040000,0x0000000019140000] [id=1688]
  0x0000000019479800 WatcherThread [stack: 0x0000000019d40000,0x0000000019e40000] [id=1324]

VM state:not at safepoint (normal execution)

VM Mutex/Monitor currently owned by a thread: None

Heap:
 PSYoungGen      total 212480K, used 7859K [0x00000000d6300000, 0x00000000e4780000, 0x0000000100000000)
  eden space 204288K, 1% used [0x00000000d6300000,0x00000000d66b9ab8,0x00000000e2a80000)
  from space 8192K, 49% used [0x00000000e3f80000,0x00000000e4373428,0x00000000e4780000)
  to   space 14848K, 0% used [0x00000000e2a80000,0x00000000e2a80000,0x00000000e3900000)
 ParOldGen       total 100352K, used 21648K [0x0000000082800000, 0x0000000088a00000, 0x00000000d6300000)
  object space 100352K, 21% used [0x0000000082800000,0x0000000083d243a0,0x0000000088a00000)
 Metaspace       used 39728K, capacity 40232K, committed 40704K, reserved 1085440K
  class space    used 4889K, capacity 5054K, committed 5120K, reserved 1048576K

Card table byte_map: [0x0000000012910000,0x0000000012d00000] byte_map_base: 0x00000000124fc000

Marking Bits: (ParMarkBitMap*) 0x000000005345a6c0
 Begin Bits: [0x00000000133a0000, 0x0000000015300000)
 End Bits:   [0x0000000015300000, 0x0000000017260000)

Polling page: 0x0000000001700000

CodeCache: size=245760Kb used=15658Kb max_used=15669Kb free=230101Kb
 bounds [0x0000000003550000, 0x00000000044c0000, 0x0000000012550000]
 total_blobs=4602 nmethods=3858 adapters=655
 compilation: enabled

Compilation events (10 events):
Event: 106.152 Thread 0x000000001801a000 4422       4       java.lang.String::toLowerCase (8 bytes)
Event: 106.154 Thread 0x000000001801a000 nmethod 4422 0x000000000370e350 code [0x000000000370e4a0, 0x000000000370e548]
Event: 106.481 Thread 0x0000000018021800 4423       3       java.io.BufferedWriter::newLine (9 bytes)
Event: 106.482 Thread 0x0000000018021800 nmethod 4423 0x0000000003fb6050 code [0x0000000003fb61c0, 0x0000000003fb6528]
Event: 107.633 Thread 0x0000000018021800 4424       3       org.apache.http.params.AbstractHttpParams::<init> (5 bytes)
Event: 107.633 Thread 0x0000000018021800 nmethod 4424 0x000000000437dc50 code [0x000000000437dda0, 0x000000000437df50]
Event: 108.288 Thread 0x000000001801c000 4425       4       java.util.concurrent.ConcurrentHashMap::get (162 bytes)
Event: 108.292 Thread 0x000000001801c000 nmethod 4425 0x000000000437c110 code [0x000000000437c260, 0x000000000437c4f8]
Event: 108.340 Thread 0x000000001801a000 4426       4       org.apache.http.util.CharArrayBuffer::indexOf (71 bytes)
Event: 108.345 Thread 0x000000001801a000 nmethod 4426 0x000000000437bd10 code [0x000000000437be60, 0x000000000437bff8]

GC Heap History (10 events):
Event: 6.560 GC heap before
{Heap before GC invocations=10 (full 1):
 PSYoungGen      total 147968K, used 49467K [0x00000000d6300000, 0x00000000e0380000, 0x0000000100000000)
  eden space 136704K, 27% used [0x00000000d6300000,0x00000000d8850068,0x00000000de880000)
  from space 11264K, 99% used [0x00000000df500000,0x00000000dfffedf0,0x00000000e0000000)
  to   space 12800K, 0% used [0x00000000de880000,0x00000000de880000,0x00000000df500000)
 ParOldGen       total 66048K, used 12673K [0x0000000082800000, 0x0000000086880000, 0x00000000d6300000)
  object space 66048K, 19% used [0x0000000082800000,0x00000000834606c0,0x0000000086880000)
 Metaspace       used 34785K, capacity 35144K, committed 35456K, reserved 1081344K
  class space    used 4252K, capacity 4390K, committed 4480K, reserved 1048576K
Event: 6.577 GC heap after
Heap after GC invocations=10 (full 1):
 PSYoungGen      total 149504K, used 12795K [0x00000000d6300000, 0x00000000e2e00000, 0x0000000100000000)
  eden space 136704K, 0% used [0x00000000d6300000,0x00000000d6300000,0x00000000de880000)
  from space 12800K, 99% used [0x00000000de880000,0x00000000df4fec38,0x00000000df500000)
  to   space 14336K, 0% used [0x00000000e2000000,0x00000000e2000000,0x00000000e2e00000)
 ParOldGen       total 66048K, used 12843K [0x0000000082800000, 0x0000000086880000, 0x00000000d6300000)
  object space 66048K, 19% used [0x0000000082800000,0x000000008348ad90,0x0000000086880000)
 Metaspace       used 34785K, capacity 35144K, committed 35456K, reserved 1081344K
  class space    used 4252K, capacity 4390K, committed 4480K, reserved 1048576K
}
Event: 6.577 GC heap before
{Heap before GC invocations=11 (full 2):
 PSYoungGen      total 149504K, used 12795K [0x00000000d6300000, 0x00000000e2e00000, 0x0000000100000000)
  eden space 136704K, 0% used [0x00000000d6300000,0x00000000d6300000,0x00000000de880000)
  from space 12800K, 99% used [0x00000000de880000,0x00000000df4fec38,0x00000000df500000)
  to   space 14336K, 0% used [0x00000000e2000000,0x00000000e2000000,0x00000000e2e00000)
 ParOldGen       total 66048K, used 12843K [0x0000000082800000, 0x0000000086880000, 0x00000000d6300000)
  object space 66048K, 19% used [0x0000000082800000,0x000000008348ad90,0x0000000086880000)
 Metaspace       used 34785K, capacity 35144K, committed 35456K, reserved 1081344K
  class space    used 4252K, capacity 4390K, committed 4480K, reserved 1048576K
Event: 6.681 GC heap after
Heap after GC invocations=11 (full 2):
 PSYoungGen      total 149504K, used 0K [0x00000000d6300000, 0x00000000e2e00000, 0x0000000100000000)
  eden space 136704K, 0% used [0x00000000d6300000,0x00000000d6300000,0x00000000de880000)
  from space 12800K, 0% used [0x00000000de880000,0x00000000de880000,0x00000000df500000)
  to   space 14336K, 0% used [0x00000000e2000000,0x00000000e2000000,0x00000000e2e00000)
 ParOldGen       total 100352K, used 21624K [0x0000000082800000, 0x0000000088a00000, 0x00000000d6300000)
  object space 100352K, 21% used [0x0000000082800000,0x0000000083d1e3a0,0x0000000088a00000)
 Metaspace       used 34785K, capacity 35144K, committed 35456K, reserved 1081344K
  class space    used 4252K, capacity 4390K, committed 4480K, reserved 1048576K
}
Event: 36.292 GC heap before
{Heap before GC invocations=12 (full 2):
 PSYoungGen      total 149504K, used 136700K [0x00000000d6300000, 0x00000000e2e00000, 0x0000000100000000)
  eden space 136704K, 99% used [0x00000000d6300000,0x00000000de87f0c8,0x00000000de880000)
  from space 12800K, 0% used [0x00000000de880000,0x00000000de880000,0x00000000df500000)
  to   space 14336K, 0% used [0x00000000e2000000,0x00000000e2000000,0x00000000e2e00000)
 ParOldGen       total 100352K, used 21624K [0x0000000082800000, 0x0000000088a00000, 0x00000000d6300000)
  object space 100352K, 21% used [0x0000000082800000,0x0000000083d1e3a0,0x0000000088a00000)
 Metaspace       used 39007K, capacity 39458K, committed 39808K, reserved 1083392K
  class space    used 4818K, capacity 4949K, committed 4992K, reserved 1048576K
Event: 36.301 GC heap after
Heap after GC invocations=12 (full 2):
 PSYoungGen      total 180224K, used 5242K [0x00000000d6300000, 0x00000000e2780000, 0x0000000100000000)
  eden space 172544K, 0% used [0x00000000d6300000,0x00000000d6300000,0x00000000e0b80000)
  from space 7680K, 68% used [0x00000000e2000000,0x00000000e251ebf8,0x00000000e2780000)
  to   space 14336K, 0% used [0x00000000e0b80000,0x00000000e0b80000,0x00000000e1980000)
 ParOldGen       total 100352K, used 21632K [0x0000000082800000, 0x0000000088a00000, 0x00000000d6300000)
  object space 100352K, 21% used [0x0000000082800000,0x0000000083d203a0,0x0000000088a00000)
 Metaspace       used 39007K, capacity 39458K, committed 39808K, reserved 1083392K
  class space    used 4818K, capacity 4949K, committed 4992K, reserved 1048576K
}
Event: 48.474 GC heap before
{Heap before GC invocations=13 (full 2):
 PSYoungGen      total 180224K, used 177786K [0x00000000d6300000, 0x00000000e2780000, 0x0000000100000000)
  eden space 172544K, 100% used [0x00000000d6300000,0x00000000e0b80000,0x00000000e0b80000)
  from space 7680K, 68% used [0x00000000e2000000,0x00000000e251ebf8,0x00000000e2780000)
  to   space 14336K, 0% used [0x00000000e0b80000,0x00000000e0b80000,0x00000000e1980000)
 ParOldGen       total 100352K, used 21632K [0x0000000082800000, 0x0000000088a00000, 0x00000000d6300000)
  object space 100352K, 21% used [0x0000000082800000,0x0000000083d203a0,0x0000000088a00000)
 Metaspace       used 39103K, capacity 39522K, committed 40064K, reserved 1085440K
  class space    used 4819K, capacity 4949K, committed 4992K, reserved 1048576K
Event: 48.478 GC heap after
Heap after GC invocations=13 (full 2):
 PSYoungGen      total 186880K, used 2096K [0x00000000d6300000, 0x00000000e4e00000, 0x0000000100000000)
  eden space 172544K, 0% used [0x00000000d6300000,0x00000000d6300000,0x00000000e0b80000)
  from space 14336K, 14% used [0x00000000e0b80000,0x00000000e0d8c040,0x00000000e1980000)
  to   space 14848K, 0% used [0x00000000e3f80000,0x00000000e3f80000,0x00000000e4e00000)
 ParOldGen       total 100352K, used 21640K [0x0000000082800000, 0x0000000088a00000, 0x00000000d6300000)
  object space 100352K, 21% used [0x0000000082800000,0x0000000083d223a0,0x0000000088a00000)
 Metaspace       used 39103K, capacity 39522K, committed 40064K, reserved 1085440K
  class space    used 4819K, capacity 4949K, committed 4992K, reserved 1048576K
}
Event: 111.632 GC heap before
{Heap before GC invocations=14 (full 2):
 PSYoungGen      total 186880K, used 174640K [0x00000000d6300000, 0x00000000e4e00000, 0x0000000100000000)
  eden space 172544K, 100% used [0x00000000d6300000,0x00000000e0b80000,0x00000000e0b80000)
  from space 14336K, 14% used [0x00000000e0b80000,0x00000000e0d8c040,0x00000000e1980000)
  to   space 14848K, 0% used [0x00000000e3f80000,0x00000000e3f80000,0x00000000e4e00000)
 ParOldGen       total 100352K, used 21640K [0x0000000082800000, 0x0000000088a00000, 0x00000000d6300000)
  object space 100352K, 21% used [0x0000000082800000,0x0000000083d223a0,0x0000000088a00000)
 Metaspace       used 39728K, capacity 40232K, committed 40704K, reserved 1085440K
  class space    used 4889K, capacity 5054K, committed 5120K, reserved 1048576K
Event: 111.640 GC heap after
Heap after GC invocations=14 (full 2):
 PSYoungGen      total 212480K, used 4045K [0x00000000d6300000, 0x00000000e4780000, 0x0000000100000000)
  eden space 204288K, 0% used [0x00000000d6300000,0x00000000d6300000,0x00000000e2a80000)
  from space 8192K, 49% used [0x00000000e3f80000,0x00000000e4373428,0x00000000e4780000)
  to   space 14848K, 0% used [0x00000000e2a80000,0x00000000e2a80000,0x00000000e3900000)
 ParOldGen       total 100352K, used 21648K [0x0000000082800000, 0x0000000088a00000, 0x00000000d6300000)
  object space 100352K, 21% used [0x0000000082800000,0x0000000083d243a0,0x0000000088a00000)
 Metaspace       used 39728K, capacity 40232K, committed 40704K, reserved 1085440K
  class space    used 4889K, capacity 5054K, committed 5120K, reserved 1048576K
}

Deoptimization events (10 events):
Event: 49.739 Thread 0x000000001ea09800 Uncommon trap: reason=bimorphic action=maybe_recompile pc=0x000000000428c9b8 method=java.util.concurrent.ConcurrentHashMap.putVal(Ljava/lang/Object;Ljava/lang/Object;Z)Ljava/lang/Object; @ 192
Event: 49.739 Thread 0x000000001ea09800 Uncommon trap: reason=unstable_if action=reinterpret pc=0x0000000003b22888 method=java.util.concurrent.ConcurrentHashMap.get(Ljava/lang/Object;)Ljava/lang/Object; @ 76
Event: 49.739 Thread 0x000000001ea09800 Uncommon trap: reason=bimorphic action=maybe_recompile pc=0x000000000428c9b8 method=java.util.concurrent.ConcurrentHashMap.putVal(Ljava/lang/Object;Ljava/lang/Object;Z)Ljava/lang/Object; @ 192
Event: 49.739 Thread 0x000000001ea09800 Uncommon trap: reason=bimorphic action=maybe_recompile pc=0x000000000428c9b8 method=java.util.concurrent.ConcurrentHashMap.putVal(Ljava/lang/Object;Ljava/lang/Object;Z)Ljava/lang/Object; @ 192
Event: 76.753 Thread 0x000000001c7bf800 Uncommon trap: reason=unstable_if action=reinterpret pc=0x0000000004365f60 method=java.util.concurrent.ConcurrentHashMap.putVal(Ljava/lang/Object;Ljava/lang/Object;Z)Ljava/lang/Object; @ 98
Event: 86.215 Thread 0x000000001c7c3800 Uncommon trap: reason=bimorphic action=maybe_recompile pc=0x00000000042e9abc method=java.util.AbstractList$Itr.next()Ljava/lang/Object; @ 14
Event: 88.820 Thread 0x000000001ea0c000 Uncommon trap: reason=class_check action=maybe_recompile pc=0x0000000004445ed8 method=org.apache.http.conn.EofSensorInputStream.read([BII)I @ 17
Event: 88.820 Thread 0x000000001ea0c000 Uncommon trap: reason=class_check action=maybe_recompile pc=0x0000000004445ed8 method=org.apache.http.conn.EofSensorInputStream.read([BII)I @ 17
Event: 88.823 Thread 0x000000001ea0c000 Uncommon trap: reason=class_check action=maybe_recompile pc=0x0000000004445ed8 method=org.apache.http.conn.EofSensorInputStream.read([BII)I @ 17
Event: 88.824 Thread 0x000000001ea0c000 Uncommon trap: reason=class_check action=maybe_recompile pc=0x00000000044a41e4 method=org.apache.http.conn.EofSensorInputStream.read([BII)I @ 17

Internal exceptions (10 events):
Event: 108.288 Thread 0x000000001ea0c000 Exception <a 'java/net/SocketTimeoutException': Read timed out> (0x00000000df4e4b18) thrown at [C:\re\workspace\8-2-build-windows-amd64-cygwin\jdk8u111\7883\hotspot\src\share\vm\prims\jni.cpp, line 735]
Event: 108.447 Thread 0x000000001ea0c000 Exception <a 'java/net/SocketTimeoutException': Read timed out> (0x00000000df749f00) thrown at [C:\re\workspace\8-2-build-windows-amd64-cygwin\jdk8u111\7883\hotspot\src\share\vm\prims\jni.cpp, line 735]
Event: 108.607 Thread 0x000000001ea0c000 Exception <a 'java/net/SocketTimeoutException': Read timed out> (0x00000000df9af778) thrown at [C:\re\workspace\8-2-build-windows-amd64-cygwin\jdk8u111\7883\hotspot\src\share\vm\prims\jni.cpp, line 735]
Event: 108.773 Thread 0x000000001ea0c000 Exception <a 'java/net/SocketTimeoutException': Read timed out> (0x00000000dfc14bf0) thrown at [C:\re\workspace\8-2-build-windows-amd64-cygwin\jdk8u111\7883\hotspot\src\share\vm\prims\jni.cpp, line 735]
Event: 109.833 Thread 0x000000001ea0c000 Exception <a 'java/net/SocketTimeoutException': Read timed out> (0x00000000dfe7d048) thrown at [C:\re\workspace\8-2-build-windows-amd64-cygwin\jdk8u111\7883\hotspot\src\share\vm\prims\jni.cpp, line 735]
Event: 111.006 Thread 0x000000001ea0c000 Exception <a 'java/net/SocketTimeoutException': Read timed out> (0x00000000e00e2b08) thrown at [C:\re\workspace\8-2-build-windows-amd64-cygwin\jdk8u111\7883\hotspot\src\share\vm\prims\jni.cpp, line 735]
Event: 111.145 Thread 0x000000001ea0c000 Exception <a 'java/net/SocketTimeoutException': Read timed out> (0x00000000e0348728) thrown at [C:\re\workspace\8-2-build-windows-amd64-cygwin\jdk8u111\7883\hotspot\src\share\vm\prims\jni.cpp, line 735]
Event: 111.281 Thread 0x000000001ea0c000 Exception <a 'java/net/SocketTimeoutException': Read timed out> (0x00000000e05b9858) thrown at [C:\re\workspace\8-2-build-windows-amd64-cygwin\jdk8u111\7883\hotspot\src\share\vm\prims\jni.cpp, line 735]
Event: 111.426 Thread 0x000000001ea0c000 Exception <a 'java/net/SocketTimeoutException': Read timed out> (0x00000000e08298d8) thrown at [C:\re\workspace\8-2-build-windows-amd64-cygwin\jdk8u111\7883\hotspot\src\share\vm\prims\jni.cpp, line 735]
Event: 111.563 Thread 0x000000001ea0c000 Exception <a 'java/net/SocketTimeoutException': Read timed out> (0x00000000e0a8f698) thrown at [C:\re\workspace\8-2-build-windows-amd64-cygwin\jdk8u111\7883\hotspot\src\share\vm\prims\jni.cpp, line 735]

Events (10 events):
Event: 88.824 Thread 0x000000001ea0c000 DEOPT UNPACKING pc=0x000000000359582a sp=0x000000002003bb18 mode 2
Event: 90.745 Thread 0x000000001ea0c000 DEOPT PACKING pc=0x000000000394d637 sp=0x000000002003c190
Event: 90.745 Thread 0x000000001ea0c000 DEOPT UNPACKING pc=0x000000000359787f sp=0x000000002003bf10 mode 0
Event: 93.286 Thread 0x000000001801c000 flushing nmethod 0x000000000436b250
Event: 111.632 Executing VM operation: ParallelGCFailedAllocation
Event: 111.640 Executing VM operation: ParallelGCFailedAllocation done
Event: 111.640 Executing VM operation: RevokeBias
Event: 111.641 Executing VM operation: RevokeBias done
Event: 111.641 Executing VM operation: RevokeBias
Event: 111.641 Executing VM operation: RevokeBias done


Dynamic libraries:
0x00007ff653750000 - 0x00007ff653787000 	C:\Program Files\Java\jdk1.8.0_111\bin\javaw.exe
0x00007ff9bdf90000 - 0x00007ff9be161000 	C:\WINDOWS\SYSTEM32\ntdll.dll
0x00007ff9bde80000 - 0x00007ff9bdf2c000 	C:\WINDOWS\System32\KERNEL32.DLL
0x00007ff9ba470000 - 0x00007ff9ba68d000 	C:\WINDOWS\System32\KERNELBASE.dll
0x00007ff9bb630000 - 0x00007ff9bb6d2000 	C:\WINDOWS\System32\ADVAPI32.dll
0x00007ff9bb6e0000 - 0x00007ff9bb77e000 	C:\WINDOWS\System32\msvcrt.dll
0x00007ff9bd300000 - 0x00007ff9bd359000 	C:\WINDOWS\System32\sechost.dll
0x00007ff9bb500000 - 0x00007ff9bb621000 	C:\WINDOWS\System32\RPCRT4.dll
0x00007ff9bdc40000 - 0x00007ff9bdda5000 	C:\WINDOWS\System32\USER32.dll
0x00007ff9bb440000 - 0x00007ff9bb45e000 	C:\WINDOWS\System32\win32u.dll
0x00007ff9bde40000 - 0x00007ff9bde74000 	C:\WINDOWS\System32\GDI32.dll
0x00007ff9bb050000 - 0x00007ff9bb1d0000 	C:\WINDOWS\System32\gdi32full.dll
0x00007ff9ae4a0000 - 0x00007ff9ae71a000 	C:\WINDOWS\WinSxS\amd64_microsoft.windows.common-controls_6595b64144ccf1df_6.0.14393.953_none_42151e83c686086b\COMCTL32.dll
0x00007ff9bd7a0000 - 0x00007ff9bda68000 	C:\WINDOWS\System32\combase.dll
0x00007ff9bb280000 - 0x00007ff9bb375000 	C:\WINDOWS\System32\ucrtbase.dll
0x00007ff9bb380000 - 0x00007ff9bb3ea000 	C:\WINDOWS\System32\bcryptPrimitives.dll
0x00007ff9bdb50000 - 0x00007ff9bdb7e000 	C:\WINDOWS\System32\IMM32.DLL
0x00000000534e0000 - 0x00000000535b2000 	C:\Program Files\Java\jdk1.8.0_111\jre\bin\msvcr100.dll
0x0000000052c40000 - 0x00000000534da000 	C:\Program Files\Java\jdk1.8.0_111\jre\bin\server\jvm.dll
0x00007ff9bdb40000 - 0x00007ff9bdb48000 	C:\WINDOWS\System32\PSAPI.DLL
0x00007ff9ae7e0000 - 0x00007ff9ae7e9000 	C:\WINDOWS\SYSTEM32\WSOCK32.dll
0x00007ff9bddb0000 - 0x00007ff9bde1a000 	C:\WINDOWS\System32\WS2_32.dll
0x00007ff9b81c0000 - 0x00007ff9b81e3000 	C:\WINDOWS\SYSTEM32\WINMM.dll
0x00007ff9adfe0000 - 0x00007ff9adfea000 	C:\WINDOWS\SYSTEM32\VERSION.dll
0x00007ff9b8160000 - 0x00007ff9b818b000 	C:\WINDOWS\SYSTEM32\WINMMBASE.dll
0x00007ff9bb3f0000 - 0x00007ff9bb432000 	C:\WINDOWS\System32\cfgmgr32.dll
0x0000000052c30000 - 0x0000000052c3f000 	C:\Program Files\Java\jdk1.8.0_111\jre\bin\verify.dll
0x0000000052c00000 - 0x0000000052c29000 	C:\Program Files\Java\jdk1.8.0_111\jre\bin\java.dll
0x0000000052be0000 - 0x0000000052bf6000 	C:\Program Files\Java\jdk1.8.0_111\jre\bin\zip.dll
0x00007ff9bbc00000 - 0x00007ff9bd108000 	C:\WINDOWS\System32\SHELL32.dll
0x00007ff9ba7a0000 - 0x00007ff9bae7a000 	C:\WINDOWS\System32\windows.storage.dll
0x00007ff9ba410000 - 0x00007ff9ba45c000 	C:\WINDOWS\System32\powrprof.dll
0x00007ff9bdae0000 - 0x00007ff9bdb32000 	C:\WINDOWS\System32\shlwapi.dll
0x00007ff9ba3e0000 - 0x00007ff9ba3ef000 	C:\WINDOWS\System32\kernel.appcore.dll
0x00007ff9ba6f0000 - 0x00007ff9ba799000 	C:\WINDOWS\System32\shcore.dll
0x00007ff9ba3f0000 - 0x00007ff9ba404000 	C:\WINDOWS\System32\profapi.dll
0x0000000052bd0000 - 0x0000000052bdd000 	C:\Program Files\Java\jdk1.8.0_111\jre\bin\management.dll
0x0000000052bb0000 - 0x0000000052bca000 	C:\Program Files\Java\jdk1.8.0_111\jre\bin\net.dll
0x00007ff9b9cb0000 - 0x00007ff9b9d0c000 	C:\WINDOWS\system32\mswsock.dll
0x00007ff9acbe0000 - 0x00007ff9acbf6000 	C:\WINDOWS\system32\napinsp.dll
0x00007ff9acbc0000 - 0x00007ff9acbda000 	C:\WINDOWS\system32\pnrpnsp.dll
0x00007ff9b8330000 - 0x00007ff9b8348000 	C:\WINDOWS\system32\NLAapi.dll
0x00007ff9b9a70000 - 0x00007ff9b9b11000 	C:\WINDOWS\SYSTEM32\DNSAPI.dll
0x00007ff9bda70000 - 0x00007ff9bda78000 	C:\WINDOWS\System32\NSI.dll
0x00007ff9b9a30000 - 0x00007ff9b9a68000 	C:\WINDOWS\SYSTEM32\IPHLPAPI.DLL
0x00007ff9a8770000 - 0x00007ff9a877e000 	C:\WINDOWS\System32\winrnr.dll
0x00007ff9a8750000 - 0x00007ff9a8765000 	C:\WINDOWS\System32\wshbth.dll
0x00007ff9adc60000 - 0x00007ff9adc6a000 	C:\Windows\System32\rasadhlp.dll
0x00007ff9b37e0000 - 0x00007ff9b384a000 	C:\WINDOWS\System32\fwpuclnt.dll
0x00007ff9ba320000 - 0x00007ff9ba34b000 	C:\WINDOWS\SYSTEM32\bcrypt.dll
0x0000000052b90000 - 0x0000000052ba1000 	C:\Program Files\Java\jdk1.8.0_111\jre\bin\nio.dll
0x00007ff9b9e50000 - 0x00007ff9b9e67000 	C:\WINDOWS\SYSTEM32\CRYPTSP.dll
0x00007ff9b98b0000 - 0x00007ff9b98e3000 	C:\WINDOWS\system32\rsaenh.dll
0x00007ff9b9b30000 - 0x00007ff9b9b4f000 	C:\WINDOWS\SYSTEM32\USERENV.dll
0x00007ff9ba310000 - 0x00007ff9ba31b000 	C:\WINDOWS\SYSTEM32\CRYPTBASE.dll
0x00007ff9b6410000 - 0x00007ff9b6426000 	C:\WINDOWS\SYSTEM32\dhcpcsvc6.DLL
0x00007ff9b6450000 - 0x00007ff9b646a000 	C:\WINDOWS\SYSTEM32\dhcpcsvc.DLL
0x0000000052b60000 - 0x0000000052b84000 	C:\Program Files\Java\jdk1.8.0_111\jre\bin\sunec.dll
0x00007ff9b3dd0000 - 0x00007ff9b3def000 	C:\NeticaJ_504\bin\NeticaJ.dll
0x0000000180000000 - 0x000000018029a000 	C:\NeticaJ_504\bin\Netica.dll
0x00007ff9bb920000 - 0x00007ff9bba58000 	C:\WINDOWS\System32\ole32.dll
0x00007ff98c850000 - 0x00007ff98c8ff000 	C:\WINDOWS\SYSTEM32\ODBC32.dll
0x00007ff9b98f0000 - 0x00007ff9b98fa000 	C:\WINDOWS\SYSTEM32\DPAPI.dll
0x00007ff9ba040000 - 0x00007ff9ba06c000 	C:\WINDOWS\SYSTEM32\SspiCli.dll
0x00007ff9ac460000 - 0x00007ff9ac5f2000 	C:\WINDOWS\SYSTEM32\dbghelp.dll

VM Arguments:
jvm_args: -Djava.library.path=C:\NeticaJ_504\bin -Dfile.encoding=UTF-8 
java_command: com.realsight.westworld.engine.Application
java_class_path (initial): D:\workspace\westworld\engine\target\classes;C:\Users\wubin\.m2\repository\org\json\json\20160810\json-20160810.jar;C:\Users\wubin\.m2\repository\org\springframework\boot\spring-boot-starter-web\1.5.2.RELEASE\spring-boot-starter-web-1.5.2.RELEASE.jar;C:\Users\wubin\.m2\repository\org\springframework\boot\spring-boot-starter\1.5.2.RELEASE\spring-boot-starter-1.5.2.RELEASE.jar;C:\Users\wubin\.m2\repository\org\springframework\boot\spring-boot\1.5.2.RELEASE\spring-boot-1.5.2.RELEASE.jar;C:\Users\wubin\.m2\repository\org\springframework\boot\spring-boot-autoconfigure\1.5.2.RELEASE\spring-boot-autoconfigure-1.5.2.RELEASE.jar;C:\Users\wubin\.m2\repository\org\springframework\boot\spring-boot-starter-logging\1.5.2.RELEASE\spring-boot-starter-logging-1.5.2.RELEASE.jar;C:\Users\wubin\.m2\repository\org\slf4j\jul-to-slf4j\1.7.24\jul-to-slf4j-1.7.24.jar;C:\Users\wubin\.m2\repository\org\slf4j\log4j-over-slf4j\1.7.24\log4j-over-slf4j-1.7.24.jar;C:\Users\wubin\.m2\repository\org\springframework\spring-core\4.3.7.RELEASE\spring-core-4.3.7.RELEASE.jar;C:\Users\wubin\.m2\repository\org\yaml\snakeyaml\1.17\snakeyaml-1.17.jar;C:\Users\wubin\.m2\repository\org\springframework\boot\spring-boot-starter-tomcat\1.5.2.RELEASE\spring-boot-starter-tomcat-1.5.2.RELEASE.jar;C:\Users\wubin\.m2\repository\org\apache\tomcat\embed\tomcat-embed-core\8.5.11\tomcat-embed-core-8.5.11.jar;C:\Users\wubin\.m2\repository\org\apache\tomcat\embed\tomcat-embed-el\8.5.11\tomcat-embed-el-8.5.11.jar;C:\Users\wubin\.m2\repository\org\apache\tomcat\embed\tomcat-embed-websocket\8.5.11\tomcat-embed-websocket-8.5.11.jar;C:\Users\wubin\.m2\repository\org\hibernate\hibernate-validator\5.3.4.Final\hibernate-validator-5.3.4.Final.jar;C:\Users\wubin\.m2\repository\javax\validation\validation-api\1.1.0.Final\validation-api-1.1.0.Final.jar;C:\Users\wubin\.m2\repository\org\jboss\logging\jboss-logging\3.3.0.Final\jboss-logging-3.3.0.Final.jar;C:\Users\wubin\.m2\repository\com\fasterxml\classmate
Launcher Type: SUN_STANDARD

Environment Variables:
JAVA_HOME=C:\Program Files\Java\jdk1.8.0_111
CLASSPATH=.;C:\Program Files\Java\jdk1.8.0_111\lib;C:\Program Files\Java\jdk1.8.0_111\lib\tools.jar
PATH=C:/NeticaJ_504/bin;%PATH%
USERNAME=wubin
OS=Windows_NT
PROCESSOR_IDENTIFIER=Intel64 Family 6 Model 58 Stepping 9, GenuineIntel



---------------  S Y S T E M  ---------------

OS: Windows 10.0 , 64 bit Build 14393 (10.0.14393.1198)

CPU:total 4 (2 cores per cpu, 2 threads per core) family 6 model 58 stepping 9, cmov, cx8, fxsr, mmx, sse, sse2, sse3, ssse3, sse4.1, sse4.2, popcnt, avx, aes, clmul, erms, ht, tsc, tscinvbit, tscinv

Memory: 4k page, physical 8223080k(3305304k free), swap 16611688k(9928540k free)

vm_info: Java HotSpot(TM) 64-Bit Server VM (25.111-b14) for windows-amd64 JRE (1.8.0_111-b14), built on Sep 22 2016 19:24:05 by "java_re" with MS VC++ 10.0 (VS2010)

time: Thu Jun 22 16:15:14 2017
elapsed time: 111 seconds (0d 0h 1m 51s)

