#
# A fatal error has been detected by the Java Runtime Environment:
#
#  EXCEPTION_ACCESS_VIOLATION (0xc0000005) at pc=0x0000000180182d55, pid=600, tid=0x000000000000224c
#
# JRE version: Java(TM) SE Runtime Environment (8.0_111-b14) (build 1.8.0_111-b14)
# Java VM: Java HotSpot(TM) 64-Bit Server VM (25.111-b14 mixed mode windows-amd64 compressed oops)
# Problematic frame:
# C  [Netica.dll+0x182d55]
#
# Failed to write core dump. Minidumps are not enabled by default on client versions of Windows
#
# If you would like to submit a bug report, please visit:
#   http://bugreport.java.com/bugreport/crash.jsp
# The crash happened outside the Java Virtual Machine in native code.
# See problematic frame for where to report the bug.
#

---------------  T H R E A D  ---------------

Current thread (0x00000000031aa000):  JavaThread "Finalizer" daemon [_thread_in_native, id=8780, stack(0x0000000018ec0000,0x0000000018fc0000)]

siginfo: ExceptionCode=0xc0000005, reading address 0x00000000219fe860

Registers:
RAX=0x00007ffcebf647b0, RBX=0x0000000000000000, RCX=0x00000000219fe860, RDX=0x0000000018fbf1b0
RSP=0x0000000018fbf088, RBP=0x0000000018fbf0b0, RSI=0x00000000e519f930, RDI=0x0000000100487fd0
R8 =0x00000000219fe860, R9 =0x0000000000000000, R10=0x00000000031c7f48, R11=0x000000006201b580
R12=0x0000000000000000, R13=0x000000002180b648, R14=0x0000000018fbf1d8, R15=0x00000000031aa000
RIP=0x0000000180182d55, EFLAGS=0x0000000000010206

Top of Stack: (sp=0x0000000018fbf088)
0x0000000018fbf088:   00000001800b74ba 0000000017c16bd0
0x0000000018fbf098:   0000000061eab0b6 0000000018fbf578
0x0000000018fbf0a8:   00000000031aa000 000000000000000e
0x0000000018fbf0b8:   fffffffffffffffe 000000002180b648
0x0000000018fbf0c8:   00000000031aa000 000000002180b648
0x0000000018fbf0d8:   00000000031aa000 0000000018fbf1a0
0x0000000018fbf0e8:   00007ffcebf647c2 00000000219fe860
0x0000000018fbf0f8:   00000000031aa000 000000002180b648
0x0000000018fbf108:   00000000e519f930 000000002180b648
0x0000000018fbf118:   00000000031c7f74 0000000100487fd0
0x0000000018fbf128:   00000000031c7cdd 00000000031aa000
0x0000000018fbf138:   000000002180b648 00000000e519f930
0x0000000018fbf148:   00000000031aa000 0000000018fbf238
0x0000000018fbf158:   00000000031c7ca2 0000000018fbf160
0x0000000018fbf168:   000000002180b648 0000000018fbf1d8
0x0000000018fbf178:   00000000218134c8 0000000000000000 

Instructions: (pc=0x0000000180182d55)
0x0000000180182d35:   c9 f2 0f 59 49 30 eb 04 f3 0f 5a c9 0f 28 c1 c3
0x0000000180182d45:   48 8d 76 00 48 8d bf 00 00 00 00 48 85 c9 74 0d
0x0000000180182d55:   0f b7 01 25 ff 0f 00 00 83 f8 0f 74 03 33 c0 c3
0x0000000180182d65:   48 8b 51 08 48 85 d2 74 0d 0f b7 02 25 ff 0f 00 


Register to memory mapping:

RAX=0x00007ffcebf647b0 is an unknown value
RBX=0x0000000000000000 is an unknown value
RCX=0x00000000219fe860 is an unknown value
RDX=0x0000000018fbf1b0 is pointing into the stack for thread: 0x00000000031aa000
RSP=0x0000000018fbf088 is pointing into the stack for thread: 0x00000000031aa000
RBP=0x0000000018fbf0b0 is pointing into the stack for thread: 0x00000000031aa000
RSI=0x00000000e519f930 is an oop
norsys.netica.Streamer 
 - klass: 'norsys/netica/Streamer'
RDI=0x0000000100487fd0 is pointing into metadata
R8 =0x00000000219fe860 is an unknown value
R9 =0x0000000000000000 is an unknown value
R10=0x00000000031c7f48 is at code_begin+840 in an Interpreter codelet
method entry point (kind = native)  [0x00000000031c7c00, 0x00000000031c8560]  2400 bytes
R11=0x000000006201b580 is an unknown value
R12=0x0000000000000000 is an unknown value
R13={method} {0x000000002180b650} 'DeleteStream_ns' '(JJ)V' in 'norsys/netica/NETICA'
R14=0x0000000018fbf1d8 is pointing into the stack for thread: 0x00000000031aa000
R15=0x00000000031aa000 is a thread


Stack: [0x0000000018ec0000,0x0000000018fc0000],  sp=0x0000000018fbf088,  free space=1020k
Native frames: (J=compiled Java code, j=interpreted, Vv=VM code, C=native code)
C  [Netica.dll+0x182d55]

Java frames: (J=compiled Java code, j=interpreted, Vv=VM code)
j  norsys.netica.NETICA.DeleteStream_ns(JJ)V+0
j  norsys.netica.Streamer.finalize()V+50
J 706 C1 java.lang.ref.Finalizer.runFinalizer(Lsun/misc/JavaLangAccess;)V (62 bytes) @ 0x000000000349ed4c [0x000000000349e7c0+0x58c]
J 705 C1 java.lang.ref.Finalizer.access$100(Ljava/lang/ref/Finalizer;Lsun/misc/JavaLangAccess;)V (6 bytes) @ 0x000000000349b71c [0x000000000349b6c0+0x5c]
j  java.lang.ref.Finalizer$FinalizerThread.run()V+45
v  ~StubRoutines::call_stub

---------------  P R O C E S S  ---------------

Java Threads: ( => current thread )
  0x000000001df6c800 JavaThread "http-nio-8013-exec-10" daemon [_thread_blocked, id=7492, stack(0x0000000022510000,0x0000000022610000)]
  0x000000001df6b000 JavaThread "http-nio-8013-exec-9" daemon [_thread_blocked, id=8884, stack(0x0000000022410000,0x0000000022510000)]
  0x000000001df6d800 JavaThread "http-nio-8013-exec-8" daemon [_thread_blocked, id=2172, stack(0x0000000022310000,0x0000000022410000)]
  0x000000001df71000 JavaThread "http-nio-8013-exec-7" daemon [_thread_blocked, id=1628, stack(0x0000000022010000,0x0000000022110000)]
  0x000000001df70800 JavaThread "http-nio-8013-exec-6" daemon [_thread_blocked, id=13104, stack(0x0000000021f10000,0x0000000022010000)]
  0x000000001df6f800 JavaThread "http-nio-8013-exec-5" daemon [_thread_blocked, id=6784, stack(0x0000000021e10000,0x0000000021f10000)]
  0x000000001df6e000 JavaThread "http-nio-8013-exec-4" daemon [_thread_blocked, id=9300, stack(0x0000000021d10000,0x0000000021e10000)]
  0x000000001df6f000 JavaThread "http-nio-8013-exec-3" daemon [_thread_blocked, id=10792, stack(0x0000000021c10000,0x0000000021d10000)]
  0x000000001df6a800 JavaThread "http-nio-8013-exec-2" daemon [_thread_in_vm, id=11760, stack(0x0000000021b10000,0x0000000021c10000)]
  0x000000001df6c000 JavaThread "DestroyJavaVM" [_thread_blocked, id=10836, stack(0x0000000002fb0000,0x00000000030b0000)]
  0x000000001eb32800 JavaThread "http-nio-8013-exec-1" daemon [_thread_blocked, id=8552, stack(0x00000000216c0000,0x00000000217c0000)]
  0x000000001eb2f800 JavaThread "http-nio-8013-AsyncTimeout" daemon [_thread_blocked, id=1324, stack(0x00000000215c0000,0x00000000216c0000)]
  0x000000001cac7800 JavaThread "http-nio-8013-Acceptor-0" daemon [_thread_in_native, id=2072, stack(0x00000000214c0000,0x00000000215c0000)]
  0x000000001cac7000 JavaThread "http-nio-8013-ClientPoller-1" daemon [_thread_in_native, id=4756, stack(0x00000000213c0000,0x00000000214c0000)]
  0x000000001bef0800 JavaThread "http-nio-8013-ClientPoller-0" daemon [_thread_in_native, id=9824, stack(0x00000000212c0000,0x00000000213c0000)]
  0x000000001d873800 JavaThread "NioBlockingSelector.BlockPoller-1" daemon [_thread_in_native, id=2608, stack(0x00000000211c0000,0x00000000212c0000)]
  0x000000001a00e800 JavaThread "container-0" [_thread_blocked, id=6204, stack(0x000000001fcf0000,0x000000001fdf0000)]
  0x000000001a3fa000 JavaThread "ContainerBackgroundProcessor[StandardEngine[Tomcat]]" daemon [_thread_blocked, id=10536, stack(0x000000001fbf0000,0x000000001fcf0000)]
  0x00000000190b1800 JavaThread "Service Thread" daemon [_thread_blocked, id=11720, stack(0x0000000019920000,0x0000000019a20000)]
  0x0000000017c88800 JavaThread "C1 CompilerThread2" daemon [_thread_blocked, id=11364, stack(0x0000000019820000,0x0000000019920000)]
  0x0000000017c7a000 JavaThread "C2 CompilerThread1" daemon [_thread_blocked, id=1288, stack(0x0000000019720000,0x0000000019820000)]
  0x0000000017c78000 JavaThread "C2 CompilerThread0" daemon [_thread_blocked, id=13032, stack(0x0000000019620000,0x0000000019720000)]
  0x0000000017c76000 JavaThread "Attach Listener" daemon [_thread_blocked, id=8908, stack(0x0000000019520000,0x0000000019620000)]
  0x0000000017c63000 JavaThread "Signal Dispatcher" daemon [_thread_blocked, id=12624, stack(0x0000000019420000,0x0000000019520000)]
=>0x00000000031aa000 JavaThread "Finalizer" daemon [_thread_in_native, id=8780, stack(0x0000000018ec0000,0x0000000018fc0000)]
  0x00000000031a6000 JavaThread "Reference Handler" daemon [_thread_blocked, id=12040, stack(0x0000000018dc0000,0x0000000018ec0000)]

Other Threads:
  0x0000000017c17800 VMThread [stack: 0x0000000018cc0000,0x0000000018dc0000] [id=13064]
  0x000000001917b800 WatcherThread [stack: 0x0000000019a20000,0x0000000019b20000] [id=8900]

VM state:not at safepoint (normal execution)

VM Mutex/Monitor currently owned by a thread: None

Heap:
 PSYoungGen      total 219648K, used 64462K [0x00000000d6300000, 0x00000000e5400000, 0x0000000100000000)
  eden space 214016K, 27% used [0x00000000d6300000,0x00000000d9cd1c90,0x00000000e3400000)
  from space 5632K, 93% used [0x00000000e4e80000,0x00000000e53a1f20,0x00000000e5400000)
  to   space 14848K, 0% used [0x00000000e3700000,0x00000000e3700000,0x00000000e4580000)
 ParOldGen       total 92672K, used 22802K [0x0000000082800000, 0x0000000088280000, 0x00000000d6300000)
  object space 92672K, 24% used [0x0000000082800000,0x0000000083e44920,0x0000000088280000)
 Metaspace       used 38857K, capacity 39296K, committed 39680K, reserved 1083392K
  class space    used 4673K, capacity 4832K, committed 4864K, reserved 1048576K

Card table byte_map: [0x0000000012570000,0x0000000012960000] byte_map_base: 0x000000001215c000

Marking Bits: (ParMarkBitMap*) 0x000000006260a6c0
 Begin Bits: [0x0000000013000000, 0x0000000014f60000)
 End Bits:   [0x0000000014f60000, 0x0000000016ec0000)

Polling page: 0x0000000000f60000

CodeCache: size=245760Kb used=14298Kb max_used=14398Kb free=231461Kb
 bounds [0x00000000031b0000, 0x0000000003fd0000, 0x00000000121b0000]
 total_blobs=4461 nmethods=3734 adapters=639
 compilation: enabled

Compilation events (10 events):
Event: 171.734 Thread 0x0000000017c88800 nmethod 4349% 0x0000000003b866d0 code [0x0000000003b86ac0, 0x0000000003b890e8]
Event: 171.735 Thread 0x0000000017c88800 4350       3       com.realsight.westworld.tsp.lib.model.htm.PredictHierarchy::unique (344 bytes)
Event: 171.737 Thread 0x0000000017c88800 nmethod 4350 0x0000000003b81810 code [0x0000000003b81c80, 0x0000000003b84878]
Event: 171.775 Thread 0x0000000017c78000 4351       4       Jama.Matrix::plusEquals (64 bytes)
Event: 171.778 Thread 0x0000000017c78000 nmethod 4351 0x0000000003ec14d0 code [0x0000000003ec1620, 0x0000000003ec1798]
Event: 171.785 Thread 0x0000000017c7a000 4352 %     4       com.realsight.westworld.tsp.lib.model.htm.PredictHierarchy::unique @ 177 (344 bytes)
Event: 171.805 Thread 0x0000000017c7a000 nmethod 4352% 0x0000000003b7f4d0 code [0x0000000003b7f6c0, 0x0000000003b80908]
Event: 171.865 Thread 0x0000000017c88800 4353 %     3       com.realsight.westworld.tsp.lib.model.htm.PredictHierarchy::unique @ 177 (344 bytes)
Event: 171.867 Thread 0x0000000017c88800 nmethod 4353% 0x0000000003b7b2d0 code [0x0000000003b7b6c0, 0x0000000003b7dca8]
Event: 171.931 Thread 0x0000000017c78000 4354 %     4       com.realsight.westworld.tsp.lib.model.htm.PredictHierarchy::unique @ 177 (344 bytes)

GC Heap History (10 events):
Event: 4.988 GC heap before
{Heap before GC invocations=8 (full 1):
 PSYoungGen      total 112128K, used 112110K [0x00000000d6300000, 0x00000000df300000, 0x0000000100000000)
  eden space 107520K, 100% used [0x00000000d6300000,0x00000000dcc00000,0x00000000dcc00000)
  from space 4608K, 99% used [0x00000000dee80000,0x00000000df2fbbb8,0x00000000df300000)
  to   space 11776K, 0% used [0x00000000ddc00000,0x00000000ddc00000,0x00000000de780000)
 ParOldGen       total 59392K, used 9999K [0x0000000082800000, 0x0000000086200000, 0x00000000d6300000)
  object space 59392K, 16% used [0x0000000082800000,0x00000000831c3c98,0x0000000086200000)
 Metaspace       used 28361K, capacity 28740K, committed 28928K, reserved 1075200K
  class space    used 3443K, capacity 3545K, committed 3584K, reserved 1048576K
Event: 4.999 GC heap after
Heap after GC invocations=8 (full 1):
 PSYoungGen      total 135680K, used 8905K [0x00000000d6300000, 0x00000000e2100000, 0x0000000100000000)
  eden space 123904K, 0% used [0x00000000d6300000,0x00000000d6300000,0x00000000ddc00000)
  from space 11776K, 75% used [0x00000000ddc00000,0x00000000de4b25f0,0x00000000de780000)
  to   space 12288K, 0% used [0x00000000e1500000,0x00000000e1500000,0x00000000e2100000)
 ParOldGen       total 59392K, used 10007K [0x0000000082800000, 0x0000000086200000, 0x00000000d6300000)
  object space 59392K, 16% used [0x0000000082800000,0x00000000831c5c98,0x0000000086200000)
 Metaspace       used 28361K, capacity 28740K, committed 28928K, reserved 1075200K
  class space    used 3443K, capacity 3545K, committed 3584K, reserved 1048576K
}
Event: 6.154 GC heap before
{Heap before GC invocations=9 (full 1):
 PSYoungGen      total 135680K, used 132809K [0x00000000d6300000, 0x00000000e2100000, 0x0000000100000000)
  eden space 123904K, 100% used [0x00000000d6300000,0x00000000ddc00000,0x00000000ddc00000)
  from space 11776K, 75% used [0x00000000ddc00000,0x00000000de4b25f0,0x00000000de780000)
  to   space 12288K, 0% used [0x00000000e1500000,0x00000000e1500000,0x00000000e2100000)
 ParOldGen       total 59392K, used 10007K [0x0000000082800000, 0x0000000086200000, 0x00000000d6300000)
  object space 59392K, 16% used [0x0000000082800000,0x00000000831c5c98,0x0000000086200000)
 Metaspace       used 31628K, capacity 32062K, committed 32384K, reserved 1077248K
  class space    used 3798K, capacity 3921K, committed 3968K, reserved 1048576K
Event: 6.174 GC heap after
Heap after GC invocations=9 (full 1):
 PSYoungGen      total 180736K, used 12183K [0x00000000d6300000, 0x00000000e3900000, 0x0000000100000000)
  eden space 168448K, 0% used [0x00000000d6300000,0x00000000d6300000,0x00000000e0780000)
  from space 12288K, 99% used [0x00000000e1500000,0x00000000e20e5d10,0x00000000e2100000)
  to   space 13824K, 0% used [0x00000000e0780000,0x00000000e0780000,0x00000000e1500000)
 ParOldGen       total 59392K, used 10015K [0x0000000082800000, 0x0000000086200000, 0x00000000d6300000)
  object space 59392K, 16% used [0x0000000082800000,0x00000000831c7c98,0x0000000086200000)
 Metaspace       used 31628K, capacity 32062K, committed 32384K, reserved 1077248K
  class space    used 3798K, capacity 3921K, committed 3968K, reserved 1048576K
}
Event: 6.979 GC heap before
{Heap before GC invocations=10 (full 1):
 PSYoungGen      total 180736K, used 81736K [0x00000000d6300000, 0x00000000e3900000, 0x0000000100000000)
  eden space 168448K, 41% used [0x00000000d6300000,0x00000000da6ec648,0x00000000e0780000)
  from space 12288K, 99% used [0x00000000e1500000,0x00000000e20e5d10,0x00000000e2100000)
  to   space 13824K, 0% used [0x00000000e0780000,0x00000000e0780000,0x00000000e1500000)
 ParOldGen       total 59392K, used 10015K [0x0000000082800000, 0x0000000086200000, 0x00000000d6300000)
  object space 59392K, 16% used [0x0000000082800000,0x00000000831c7c98,0x0000000086200000)
 Metaspace       used 34893K, capacity 35274K, committed 35496K, reserved 1081344K
  class space    used 4200K, capacity 4347K, committed 4352K, reserved 1048576K
Event: 7.015 GC heap after
Heap after GC invocations=10 (full 1):
 PSYoungGen      total 182272K, used 12648K [0x00000000d6300000, 0x00000000e5d00000, 0x0000000100000000)
  eden space 168448K, 0% used [0x00000000d6300000,0x00000000d6300000,0x00000000e0780000)
  from space 13824K, 91% used [0x00000000e0780000,0x00000000e13da270,0x00000000e1500000)
  to   space 14848K, 0% used [0x00000000e4e80000,0x00000000e4e80000,0x00000000e5d00000)
 ParOldGen       total 59392K, used 11687K [0x0000000082800000, 0x0000000086200000, 0x00000000d6300000)
  object space 59392K, 19% used [0x0000000082800000,0x0000000083369c98,0x0000000086200000)
 Metaspace       used 34893K, capacity 35274K, committed 35496K, reserved 1081344K
  class space    used 4200K, capacity 4347K, committed 4352K, reserved 1048576K
}
Event: 7.015 GC heap before
{Heap before GC invocations=11 (full 2):
 PSYoungGen      total 182272K, used 12648K [0x00000000d6300000, 0x00000000e5d00000, 0x0000000100000000)
  eden space 168448K, 0% used [0x00000000d6300000,0x00000000d6300000,0x00000000e0780000)
  from space 13824K, 91% used [0x00000000e0780000,0x00000000e13da270,0x00000000e1500000)
  to   space 14848K, 0% used [0x00000000e4e80000,0x00000000e4e80000,0x00000000e5d00000)
 ParOldGen       total 59392K, used 11687K [0x0000000082800000, 0x0000000086200000, 0x00000000d6300000)
  object space 59392K, 19% used [0x0000000082800000,0x0000000083369c98,0x0000000086200000)
 Metaspace       used 34893K, capacity 35274K, committed 35496K, reserved 1081344K
  class space    used 4200K, capacity 4347K, committed 4352K, reserved 1048576K
Event: 7.183 GC heap after
Heap after GC invocations=11 (full 2):
 PSYoungGen      total 182272K, used 0K [0x00000000d6300000, 0x00000000e5d00000, 0x0000000100000000)
  eden space 168448K, 0% used [0x00000000d6300000,0x00000000d6300000,0x00000000e0780000)
  from space 13824K, 0% used [0x00000000e0780000,0x00000000e0780000,0x00000000e1500000)
  to   space 14848K, 0% used [0x00000000e4e80000,0x00000000e4e80000,0x00000000e5d00000)
 ParOldGen       total 92672K, used 22794K [0x0000000082800000, 0x0000000088280000, 0x00000000d6300000)
  object space 92672K, 24% used [0x0000000082800000,0x0000000083e42920,0x0000000088280000)
 Metaspace       used 34893K, capacity 35274K, committed 35496K, reserved 1081344K
  class space    used 4200K, capacity 4347K, committed 4352K, reserved 1048576K
}
Event: 171.870 GC heap before
{Heap before GC invocations=12 (full 2):
 PSYoungGen      total 182272K, used 168448K [0x00000000d6300000, 0x00000000e5d00000, 0x0000000100000000)
  eden space 168448K, 100% used [0x00000000d6300000,0x00000000e0780000,0x00000000e0780000)
  from space 13824K, 0% used [0x00000000e0780000,0x00000000e0780000,0x00000000e1500000)
  to   space 14848K, 0% used [0x00000000e4e80000,0x00000000e4e80000,0x00000000e5d00000)
 ParOldGen       total 92672K, used 22794K [0x0000000082800000, 0x0000000088280000, 0x00000000d6300000)
  object space 92672K, 24% used [0x0000000082800000,0x0000000083e42920,0x0000000088280000)
 Metaspace       used 38857K, capacity 39296K, committed 39680K, reserved 1083392K
  class space    used 4673K, capacity 4832K, committed 4864K, reserved 1048576K
Event: 171.878 GC heap after
Heap after GC invocations=12 (full 2):
 PSYoungGen      total 219648K, used 5255K [0x00000000d6300000, 0x00000000e5400000, 0x0000000100000000)
  eden space 214016K, 0% used [0x00000000d6300000,0x00000000d6300000,0x00000000e3400000)
  from space 5632K, 93% used [0x00000000e4e80000,0x00000000e53a1f20,0x00000000e5400000)
  to   space 14848K, 0% used [0x00000000e3700000,0x00000000e3700000,0x00000000e4580000)
 ParOldGen       total 92672K, used 22802K [0x0000000082800000, 0x0000000088280000, 0x00000000d6300000)
  object space 92672K, 24% used [0x0000000082800000,0x0000000083e44920,0x0000000088280000)
 Metaspace       used 38857K, capacity 39296K, committed 39680K, reserved 1083392K
  class space    used 4673K, capacity 4832K, committed 4864K, reserved 1048576K
}

Deoptimization events (10 events):
Event: 11.563 Thread 0x000000001df6e000 Uncommon trap: reason=class_check action=maybe_recompile pc=0x000000000377d154 method=java.util.regex.Pattern$7.isSatisfiedBy(I)Z @ 16
Event: 11.563 Thread 0x000000001df6e000 Uncommon trap: reason=class_check action=maybe_recompile pc=0x000000000377d154 method=java.util.regex.Pattern$7.isSatisfiedBy(I)Z @ 16
Event: 11.563 Thread 0x000000001df6e000 Uncommon trap: reason=class_check action=maybe_recompile pc=0x000000000377d164 method=java.util.regex.Pattern$CharProperty$1.isSatisfiedBy(I)Z @ 5
Event: 11.563 Thread 0x000000001df6e000 Uncommon trap: reason=class_check action=maybe_recompile pc=0x000000000377d154 method=java.util.regex.Pattern$7.isSatisfiedBy(I)Z @ 16
Event: 11.563 Thread 0x000000001df6e000 Uncommon trap: reason=class_check action=maybe_recompile pc=0x000000000377d154 method=java.util.regex.Pattern$7.isSatisfiedBy(I)Z @ 16
Event: 11.563 Thread 0x000000001df6e000 Uncommon trap: reason=null_check action=make_not_entrant pc=0x0000000003ec4e2c method=org.springframework.core.annotation.AnnotatedElementUtils.searchWithFindSemantics(Ljava/lang/reflect/AnnotatedElement;Ljava/lang/Class;Ljava/lang/String;Ljava/lang/Class
Event: 11.604 Thread 0x000000001df6e000 Uncommon trap: reason=bimorphic action=maybe_recompile pc=0x0000000003554e7c method=java.util.AbstractList$Itr.next()Ljava/lang/Object; @ 14
Event: 13.470 Thread 0x000000001df6f800 Uncommon trap: reason=bimorphic action=maybe_recompile pc=0x0000000003554e7c method=java.util.AbstractList$Itr.next()Ljava/lang/Object; @ 14
Event: 13.471 Thread 0x000000001df71000 Uncommon trap: reason=unstable_if action=reinterpret pc=0x0000000003e75040 method=com.opencsv.CSVParser.parseLine(Ljava/lang/String;Z)[Ljava/lang/String; @ 180
Event: 171.864 Thread 0x000000001df6a800 Uncommon trap: reason=unstable_if action=reinterpret pc=0x0000000003b8052c method=com.realsight.westworld.tsp.lib.model.htm.PredictHierarchy.unique(Ljava/util/List;I)Ljava/util/List; @ 163

Internal exceptions (10 events):
Event: 7.446 Thread 0x000000001eb32800 Exception <a 'java/lang/ClassNotFoundException': org/springframework/web/context/support/WebApplicationObjectSupportCustomizer> (0x00000000d73c39b8) thrown at [C:\re\workspace\8-2-build-windows-amd64-cygwin\jdk8u111\7883\hotspot\src\share\vm\classfile\sys
Event: 7.448 Thread 0x000000001eb32800 Exception <a 'java/lang/ClassNotFoundException': org/thymeleaf/spring4/view/AbstractThymeleafViewCustomizer> (0x00000000d73ed6d0) thrown at [C:\re\workspace\8-2-build-windows-amd64-cygwin\jdk8u111\7883\hotspot\src\share\vm\classfile\systemDictionary.cpp, 
Event: 7.452 Thread 0x000000001eb32800 Exception <a 'java/lang/ClassNotFoundException': org/thymeleaf/spring4/view/ThymeleafViewCustomizer> (0x00000000d7421728) thrown at [C:\re\workspace\8-2-build-windows-amd64-cygwin\jdk8u111\7883\hotspot\src\share\vm\classfile\systemDictionary.cpp, line 210
Event: 7.454 Thread 0x000000001eb32800 Exception <a 'java/lang/ClassNotFoundException': org/springframework/web/servlet/ViewCustomizer> (0x00000000d7451140) thrown at [C:\re\workspace\8-2-build-windows-amd64-cygwin\jdk8u111\7883\hotspot\src\share\vm\classfile\systemDictionary.cpp, line 210]
Event: 7.456 Thread 0x000000001eb32800 Exception <a 'java/lang/ClassNotFoundException': org/springframework/beans/factory/BeanNameAwareCustomizer> (0x00000000d747b658) thrown at [C:\re\workspace\8-2-build-windows-amd64-cygwin\jdk8u111\7883\hotspot\src\share\vm\classfile\systemDictionary.cpp, l
Event: 7.457 Thread 0x000000001eb32800 Exception <a 'java/lang/ClassNotFoundException': org/springframework/web/context/ServletContextAwareCustomizer> (0x00000000d74a6068) thrown at [C:\re\workspace\8-2-build-windows-amd64-cygwin\jdk8u111\7883\hotspot\src\share\vm\classfile\systemDictionary.cp
Event: 7.458 Thread 0x000000001eb32800 Exception <a 'java/lang/ClassNotFoundException': org/springframework/context/ApplicationContextAwareCustomizer> (0x00000000d74d0a60) thrown at [C:\re\workspace\8-2-build-windows-amd64-cygwin\jdk8u111\7883\hotspot\src\share\vm\classfile\systemDictionary.cp
Event: 8.169 Thread 0x000000001df6f000 Exception <a 'java/io/FileNotFoundException'> (0x00000000d85a0670) thrown at [C:\re\workspace\8-2-build-windows-amd64-cygwin\jdk8u111\7883\hotspot\src\share\vm\prims\jni.cpp, line 709]
Event: 8.169 Thread 0x000000001df6f000 Exception <a 'java/io/FileNotFoundException'> (0x00000000d85a10c0) thrown at [C:\re\workspace\8-2-build-windows-amd64-cygwin\jdk8u111\7883\hotspot\src\share\vm\prims\jni.cpp, line 709]
Event: 11.563 Thread 0x000000001df6e000 Implicit null exception at 0x0000000003eba5fc to 0x0000000003ec4e09

Events (10 events):
Event: 171.607 loading class Jama/SingularValueDecomposition done
Event: 171.608 loading class Jama/util/Maths
Event: 171.608 loading class Jama/util/Maths done
Event: 171.813 Thread 0x000000001df6a800 DEOPT PACKING pc=0x0000000003b88e02 sp=0x0000000021c0c910
Event: 171.813 Thread 0x000000001df6a800 DEOPT UNPACKING pc=0x00000000031f787f sp=0x0000000021c0c738 mode 0
Event: 171.864 Thread 0x000000001df6a800 Uncommon trap: trap_request=0xffffff65 fr.pc=0x0000000003b8052c
Event: 171.864 Thread 0x000000001df6a800 DEOPT PACKING pc=0x0000000003b8052c sp=0x0000000021c0c9e0
Event: 171.864 Thread 0x000000001df6a800 DEOPT UNPACKING pc=0x00000000031f582a sp=0x0000000021c0c9b8 mode 2
Event: 171.870 Executing VM operation: ParallelGCFailedAllocation
Event: 171.878 Executing VM operation: ParallelGCFailedAllocation done


Dynamic libraries:
0x00007ff7a64c0000 - 0x00007ff7a64f7000 	C:\Program Files\Java\jdk1.8.0_111\bin\javaw.exe
0x00007ffcf6250000 - 0x00007ffcf6421000 	C:\WINDOWS\SYSTEM32\ntdll.dll
0x00007ffcf54d0000 - 0x00007ffcf557c000 	C:\WINDOWS\System32\KERNEL32.DLL
0x00007ffcf34b0000 - 0x00007ffcf36cd000 	C:\WINDOWS\System32\KERNELBASE.dll
0x00007ffcf3c90000 - 0x00007ffcf3d32000 	C:\WINDOWS\System32\ADVAPI32.dll
0x00007ffcf61b0000 - 0x00007ffcf624e000 	C:\WINDOWS\System32\msvcrt.dll
0x00007ffcf5b10000 - 0x00007ffcf5b69000 	C:\WINDOWS\System32\sechost.dll
0x00007ffcf6080000 - 0x00007ffcf61a1000 	C:\WINDOWS\System32\RPCRT4.dll
0x00007ffcf5f00000 - 0x00007ffcf6065000 	C:\WINDOWS\System32\USER32.dll
0x00007ffcf2960000 - 0x00007ffcf297e000 	C:\WINDOWS\System32\win32u.dll
0x00007ffcf3bf0000 - 0x00007ffcf3c24000 	C:\WINDOWS\System32\GDI32.dll
0x00007ffcf31c0000 - 0x00007ffcf3342000 	C:\WINDOWS\System32\gdi32full.dll
0x00007ffce6550000 - 0x00007ffce67ca000 	C:\WINDOWS\WinSxS\amd64_microsoft.windows.common-controls_6595b64144ccf1df_6.0.14393.953_none_42151e83c686086b\COMCTL32.dll
0x00007ffcf5c30000 - 0x00007ffcf5ef8000 	C:\WINDOWS\System32\combase.dll
0x00007ffcf3350000 - 0x00007ffcf3445000 	C:\WINDOWS\System32\ucrtbase.dll
0x00007ffcf2720000 - 0x00007ffcf278a000 	C:\WINDOWS\System32\bcryptPrimitives.dll
0x00007ffcf37c0000 - 0x00007ffcf37ee000 	C:\WINDOWS\System32\IMM32.DLL
0x00000000636c0000 - 0x0000000063792000 	C:\Program Files\Java\jdk1.8.0_111\jre\bin\msvcr100.dll
0x0000000061df0000 - 0x000000006268a000 	C:\Program Files\Java\jdk1.8.0_111\jre\bin\server\jvm.dll
0x00007ffcf5330000 - 0x00007ffcf5338000 	C:\WINDOWS\System32\PSAPI.DLL
0x00007ffce6540000 - 0x00007ffce6549000 	C:\WINDOWS\SYSTEM32\WSOCK32.dll
0x00007ffcf0390000 - 0x00007ffcf03b3000 	C:\WINDOWS\SYSTEM32\WINMM.dll
0x00007ffcf52c0000 - 0x00007ffcf532a000 	C:\WINDOWS\System32\WS2_32.dll
0x00007ffce3bd0000 - 0x00007ffce3bda000 	C:\WINDOWS\SYSTEM32\VERSION.dll
0x00007ffcf0320000 - 0x00007ffcf034b000 	C:\WINDOWS\SYSTEM32\WINMMBASE.dll
0x00007ffcf36d0000 - 0x00007ffcf3712000 	C:\WINDOWS\System32\cfgmgr32.dll
0x0000000064630000 - 0x000000006463f000 	C:\Program Files\Java\jdk1.8.0_111\jre\bin\verify.dll
0x0000000063690000 - 0x00000000636b9000 	C:\Program Files\Java\jdk1.8.0_111\jre\bin\java.dll
0x0000000063670000 - 0x0000000063686000 	C:\Program Files\Java\jdk1.8.0_111\jre\bin\zip.dll
0x00007ffcf3d40000 - 0x00007ffcf5248000 	C:\WINDOWS\System32\SHELL32.dll
0x00007ffcf2ae0000 - 0x00007ffcf31ba000 	C:\WINDOWS\System32\windows.storage.dll
0x00007ffcf26c0000 - 0x00007ffcf270c000 	C:\WINDOWS\System32\powrprof.dll
0x00007ffcf5580000 - 0x00007ffcf55d2000 	C:\WINDOWS\System32\shlwapi.dll
0x00007ffcf26b0000 - 0x00007ffcf26bf000 	C:\WINDOWS\System32\kernel.appcore.dll
0x00007ffcf2a30000 - 0x00007ffcf2ad9000 	C:\WINDOWS\System32\shcore.dll
0x00007ffcf2690000 - 0x00007ffcf26a4000 	C:\WINDOWS\System32\profapi.dll
0x0000000063660000 - 0x000000006366d000 	C:\Program Files\Java\jdk1.8.0_111\jre\bin\management.dll
0x0000000063640000 - 0x000000006365a000 	C:\Program Files\Java\jdk1.8.0_111\jre\bin\net.dll
0x00007ffcf1f60000 - 0x00007ffcf1fbc000 	C:\WINDOWS\system32\mswsock.dll
0x00007ffcdba80000 - 0x00007ffcdba96000 	C:\WINDOWS\system32\napinsp.dll
0x00007ffcdba60000 - 0x00007ffcdba7a000 	C:\WINDOWS\system32\pnrpnsp.dll
0x00007ffcf0560000 - 0x00007ffcf0578000 	C:\WINDOWS\system32\NLAapi.dll
0x00007ffcf1d20000 - 0x00007ffcf1dc1000 	C:\WINDOWS\SYSTEM32\DNSAPI.dll
0x00007ffcf5340000 - 0x00007ffcf5348000 	C:\WINDOWS\System32\NSI.dll
0x00007ffcf1ce0000 - 0x00007ffcf1d18000 	C:\WINDOWS\SYSTEM32\IPHLPAPI.DLL
0x00007ffcdebb0000 - 0x00007ffcdebbe000 	C:\WINDOWS\System32\winrnr.dll
0x00007ffcda390000 - 0x00007ffcda3a5000 	C:\WINDOWS\System32\wshbth.dll
0x00007ffce5670000 - 0x00007ffce567a000 	C:\Windows\System32\rasadhlp.dll
0x00007ffce8f60000 - 0x00007ffce8fca000 	C:\WINDOWS\System32\fwpuclnt.dll
0x00007ffcf25d0000 - 0x00007ffcf25fb000 	C:\WINDOWS\SYSTEM32\bcrypt.dll
0x0000000063620000 - 0x0000000063631000 	C:\Program Files\Java\jdk1.8.0_111\jre\bin\nio.dll
0x00007ffcf2100000 - 0x00007ffcf2117000 	C:\WINDOWS\SYSTEM32\CRYPTSP.dll
0x00007ffcf1b60000 - 0x00007ffcf1b93000 	C:\WINDOWS\system32\rsaenh.dll
0x00007ffcf1de0000 - 0x00007ffcf1dff000 	C:\WINDOWS\SYSTEM32\USERENV.dll
0x00007ffcf25c0000 - 0x00007ffcf25cb000 	C:\WINDOWS\SYSTEM32\CRYPTBASE.dll
0x00007ffcee8d0000 - 0x00007ffcee8e6000 	C:\WINDOWS\SYSTEM32\dhcpcsvc6.DLL
0x00007ffcee910000 - 0x00007ffcee92a000 	C:\WINDOWS\SYSTEM32\dhcpcsvc.DLL
0x00000000635f0000 - 0x0000000063614000 	C:\Program Files\Java\jdk1.8.0_111\jre\bin\sunec.dll
0x00007ffcebf60000 - 0x00007ffcebf7f000 	C:\NeticaJ_504\bin\NeticaJ.dll
0x0000000180000000 - 0x000000018029a000 	C:\NeticaJ_504\bin\Netica.dll
0x00007ffcf3a30000 - 0x00007ffcf3b68000 	C:\WINDOWS\System32\ole32.dll
0x00007ffcc78d0000 - 0x00007ffcc797f000 	C:\WINDOWS\SYSTEM32\ODBC32.dll
0x00007ffcf1ba0000 - 0x00007ffcf1baa000 	C:\WINDOWS\SYSTEM32\DPAPI.dll
0x00007ffcf22f0000 - 0x00007ffcf231c000 	C:\WINDOWS\SYSTEM32\SspiCli.dll
0x00007ffce3d00000 - 0x00007ffce3e92000 	C:\WINDOWS\SYSTEM32\dbghelp.dll

VM Arguments:
jvm_args: -Djava.library.path=C:\NeticaJ_504\bin -Dfile.encoding=UTF-8 
java_command: com.realsight.westworld.engine.Application
java_class_path (initial): D:\workspace\westworld\engine\target\classes;E:\Download\solr-6.5.1\solr-6.5.1\dist\solrj-lib\commons-io-2.5.jar;E:\Download\solr-6.5.1\solr-6.5.1\dist\solrj-lib\httpclient-4.4.1.jar;E:\Download\solr-6.5.1\solr-6.5.1\dist\solrj-lib\httpcore-4.4.1.jar;E:\Download\solr-6.5.1\solr-6.5.1\dist\solrj-lib\httpmime-4.4.1.jar;E:\Download\solr-6.5.1\solr-6.5.1\dist\solrj-lib\jcl-over-slf4j-1.7.7.jar;E:\Download\solr-6.5.1\solr-6.5.1\dist\solrj-lib\noggit-0.6.jar;E:\Download\solr-6.5.1\solr-6.5.1\dist\solrj-lib\slf4j-api-1.7.7.jar;E:\Download\solr-6.5.1\solr-6.5.1\dist\solrj-lib\stax2-api-3.1.4.jar;E:\Download\solr-6.5.1\solr-6.5.1\dist\solrj-lib\woodstox-core-asl-4.4.1.jar;E:\Download\solr-6.5.1\solr-6.5.1\dist\solrj-lib\zookeeper-3.4.6.jar;E:\Download\solr-6.5.1\solr-6.5.1\dist\solr-analysis-extras-6.5.1.jar;E:\Download\solr-6.5.1\solr-6.5.1\dist\solr-analytics-6.5.1.jar;E:\Download\solr-6.5.1\solr-6.5.1\dist\solr-cell-6.5.1.jar;E:\Download\solr-6.5.1\solr-6.5.1\dist\solr-clustering-6.5.1.jar;E:\Download\solr-6.5.1\solr-6.5.1\dist\solr-core-6.5.1.jar;E:\Download\solr-6.5.1\solr-6.5.1\dist\solr-dataimporthandler-6.5.1.jar;E:\Download\solr-6.5.1\solr-6.5.1\dist\solr-dataimporthandler-extras-6.5.1.jar;E:\Download\solr-6.5.1\solr-6.5.1\dist\solr-langid-6.5.1.jar;E:\Download\solr-6.5.1\solr-6.5.1\dist\solr-ltr-6.5.1.jar;E:\Download\solr-6.5.1\solr-6.5.1\dist\solr-map-reduce-6.5.1.jar;E:\Download\solr-6.5.1\solr-6.5.1\dist\solr-morphlines-cell-6.5.1.jar;E:\Download\solr-6.5.1\solr-6.5.1\dist\solr-morphlines-core-6.5.1.jar;E:\Download\solr-6.5.1\solr-6.5.1\dist\solr-solrj-6.5.1.jar;E:\Download\solr-6.5.1\solr-6.5.1\dist\solr-test-framework-6.5.1.jar;E:\Download\solr-6.5.1\solr-6.5.1\dist\solr-uima-6.5.1.jar;E:\Download\solr-6.5.1\solr-6.5.1\dist\solr-velocity-6.5.1.jar;C:\Users\wubin\.m2\repository\org\json\json\20160810\json-20160810.jar;C:\Users\wubin\.m2\repository\org\springframework\boot\spring-boot-starter-web\1.5.2.RELEASE\spring-boot-starter-web
Launcher Type: SUN_STANDARD

Environment Variables:
JAVA_HOME=C:\Program Files\Java\jdk1.8.0_111
CLASSPATH=.;C:\Program Files\Java\jdk1.8.0_111\lib;C:\Program Files\Java\jdk1.8.0_111\lib\tools.jar
PATH=C:/NeticaJ_504/bin;%PATH%
USERNAME=wubin
OS=Windows_NT
PROCESSOR_IDENTIFIER=Intel64 Family 6 Model 58 Stepping 9, GenuineIntel



---------------  S Y S T E M  ---------------

OS: Windows 10.0 , 64 bit Build 14393 (10.0.14393.1198)

CPU:total 4 (2 cores per cpu, 2 threads per core) family 6 model 58 stepping 9, cmov, cx8, fxsr, mmx, sse, sse2, sse3, ssse3, sse4.1, sse4.2, popcnt, avx, aes, clmul, erms, ht, tsc, tscinvbit, tscinv

Memory: 4k page, physical 8223080k(3865060k free), swap 16611688k(10707880k free)

vm_info: Java HotSpot(TM) 64-Bit Server VM (25.111-b14) for windows-amd64 JRE (1.8.0_111-b14), built on Sep 22 2016 19:24:05 by "java_re" with MS VC++ 10.0 (VS2010)

time: Fri May 26 09:29:04 2017
elapsed time: 172 seconds (0d 0h 2m 52s)

